

Microchip MPLAB XC8 Assembler V3.00 build 20241204225717 
                                                                                               Thu Oct 30 17:27:40 2025

Microchip MPLAB XC8 C Compiler v3.00 (Free license) build 20241204225717 Og1 
     1                           	processor	18F4550
     2                           	fnconf	rparam,??,?,0
     3                           	pagewidth 120
     4                           	opt	flic
     5                           	psect	cinit,global,reloc=2,class=CODE,space=0,delta=1
     6                           	psect	cstackCOMRAM,global,class=COMRAM,space=1,delta=1,lowdata,noexec
     7                           	psect	text0,global,reloc=2,class=CODE,space=0,delta=1
     8                           	psect	text1,global,reloc=2,class=CODE,space=0,delta=1
     9                           	psect	text2,global,reloc=2,class=CODE,space=0,delta=1
    10                           	psect	text3,global,reloc=2,class=CODE,space=0,delta=1
    11                           	psect	text4,global,reloc=2,class=CODE,space=0,delta=1
    12                           	psect	text5,global,reloc=2,class=CODE,space=0,delta=1
    13                           	psect	smallconst,global,reloc=2,class=SMALLCONST,space=0,delta=1,noexec
    14                           	psect	intsave_regs,global,class=BIGRAM,space=1,delta=1,noexec
    15                           	psect	rparam,global,class=COMRAM,space=1,delta=1,noexec
    16                           	psect	idloc,global,abs,ovrld,class=IDLOC,space=5,delta=1,noexec
    17                           	psect	config,global,abs,ovrld,class=CONFIG,space=4,delta=1,noexec
    18   000000                     
    19                           ; Generated 05/12/2024 GMT
    20                           ; 
    21                           ; Copyright © 2024, Microchip Technology Inc. and its subsidiaries ("Microchip")
    22                           ; All rights reserved.
    23                           ; 
    24                           ; This software is developed by Microchip Technology Inc. and its subsidiaries ("Microch
      +                          ip").
    25                           ; 
    26                           ; Redistribution and use in source and binary forms, with or without modification, are
    27                           ; permitted provided that the following conditions are met:
    28                           ; 
    29                           ;     1. Redistributions of source code must retain the above copyright notice, this lis
      +                          t of
    30                           ;        conditions and the following disclaimer.
    31                           ; 
    32                           ;     2. Redistributions in binary form must reproduce the above copyright notice, this 
      +                          list
    33                           ;        of conditions and the following disclaimer in the documentation and/or other
    34                           ;        materials provided with the distribution. Publication is not required when
    35                           ;        this file is used in an embedded application.
    36                           ; 
    37                           ;     3. Microchip's name may not be used to endorse or promote products derived from th
      +                          is
    38                           ;        software without specific prior written permission.
    39                           ; 
    40                           ; THIS SOFTWARE IS PROVIDED BY MICROCHIP "AS IS" AND ANY EXPRESS OR IMPLIED WARRANTIES,
    41                           ; INCLUDING, BUT NOT LIMITED TO, THE IMPLIED WARRANTIES OF MERCHANTABILITY AND FITNESS F
      +                          OR
    42                           ; PURPOSE ARE DISCLAIMED.  IN NO EVENT SHALL MICROCHIP BE LIABLE FOR ANY DIRECT, INDIREC
      +                          T,
    43                           ; INCIDENTAL, SPECIAL, EXEMPLARY, OR CONSEQUENTIAL DAMAGES (INCLUDING BUT NOT LIMITED TO
    44                           ; PROCUREMENT OF SUBSTITUTE GOODS OR SERVICES; LOSS OF USE, DATA OR PROFITS; OR BUSINESS
    45                           ; INTERRUPTION) HOWSOEVER CAUSED AND ON ANY THEORY OF LIABILITY, WHETHER IN CONTRACT, ST
      +                          RICT
    46                           ; LIABILITY, OR TORT (INCLUDING NEGLIGENCE OR OTHERWISE) ARISING IN ANY WAY OUT OF THE U
      +                          SE OF
    47                           ; THIS SOFTWARE, EVEN IF ADVISED OF THE POSSIBILITY OF SUCH DAMAGE.
    48                           ; 
    49                           ; 
    50                           ; Code-generator required, PIC18F4550 Definitions
    51                           ; 
    52                           ; SFR Addresses
    53   000FE0                     bsr             equ	4064
    54   000FE9                     fsr0            equ	4073
    55   000FEA                     fsr0h           equ	4074
    56   000FE9                     fsr0l           equ	4073
    57   000FE1                     fsr1            equ	4065
    58   000FE2                     fsr1h           equ	4066
    59   000FE1                     fsr1l           equ	4065
    60   000FD9                     fsr2            equ	4057
    61   000FDA                     fsr2h           equ	4058
    62   000FD9                     fsr2l           equ	4057
    63   000FEF                     indf0           equ	4079
    64   000FE7                     indf1           equ	4071
    65   000FDF                     indf2           equ	4063
    66   000FF2                     intcon          equ	4082
    67   000000                     nvmcon          equ	0
    68   000FF9                     pcl             equ	4089
    69   000FFA                     pclath          equ	4090
    70   000FFB                     pclatu          equ	4091
    71   000FEB                     plusw0          equ	4075
    72   000FE3                     plusw1          equ	4067
    73   000FDB                     plusw2          equ	4059
    74   000FED                     postdec0        equ	4077
    75   000FE5                     postdec1        equ	4069
    76   000FDD                     postdec2        equ	4061
    77   000FEE                     postinc0        equ	4078
    78   000FE6                     postinc1        equ	4070
    79   000FDE                     postinc2        equ	4062
    80   000FEC                     preinc0         equ	4076
    81   000FE4                     preinc1         equ	4068
    82   000FDC                     preinc2         equ	4060
    83   000FF3                     prod            equ	4083
    84   000FF4                     prodh           equ	4084
    85   000FF3                     prodl           equ	4083
    86   000FD8                     status          equ	4056
    87   000FF5                     tablat          equ	4085
    88   000FF6                     tblptr          equ	4086
    89   000FF7                     tblptrh         equ	4087
    90   000FF6                     tblptrl         equ	4086
    91   000FF8                     tblptru         equ	4088
    92   000FFD                     tosl            equ	4093
    93   000FE8                     wreg            equ	4072
    94   000F62                     SPPDATA         equ	3938	;# 
    95   000F63                     SPPCFG          equ	3939	;# 
    96   000F64                     SPPEPS          equ	3940	;# 
    97   000F65                     SPPCON          equ	3941	;# 
    98   000F66                     UFRM            equ	3942	;# 
    99   000F66                     UFRML           equ	3942	;# 
   100   000F67                     UFRMH           equ	3943	;# 
   101   000F68                     UIR             equ	3944	;# 
   102   000F69                     UIE             equ	3945	;# 
   103   000F6A                     UEIR            equ	3946	;# 
   104   000F6B                     UEIE            equ	3947	;# 
   105   000F6C                     USTAT           equ	3948	;# 
   106   000F6D                     UCON            equ	3949	;# 
   107   000F6E                     UADDR           equ	3950	;# 
   108   000F6F                     UCFG            equ	3951	;# 
   109   000F70                     UEP0            equ	3952	;# 
   110   000F71                     UEP1            equ	3953	;# 
   111   000F72                     UEP2            equ	3954	;# 
   112   000F73                     UEP3            equ	3955	;# 
   113   000F74                     UEP4            equ	3956	;# 
   114   000F75                     UEP5            equ	3957	;# 
   115   000F76                     UEP6            equ	3958	;# 
   116   000F77                     UEP7            equ	3959	;# 
   117   000F78                     UEP8            equ	3960	;# 
   118   000F79                     UEP9            equ	3961	;# 
   119   000F7A                     UEP10           equ	3962	;# 
   120   000F7B                     UEP11           equ	3963	;# 
   121   000F7C                     UEP12           equ	3964	;# 
   122   000F7D                     UEP13           equ	3965	;# 
   123   000F7E                     UEP14           equ	3966	;# 
   124   000F7F                     UEP15           equ	3967	;# 
   125   000F80                     PORTA           equ	3968	;# 
   126   000F81                     PORTB           equ	3969	;# 
   127   000F82                     PORTC           equ	3970	;# 
   128   000F83                     PORTD           equ	3971	;# 
   129   000F84                     PORTE           equ	3972	;# 
   130   000F89                     LATA            equ	3977	;# 
   131   000F8A                     LATB            equ	3978	;# 
   132   000F8B                     LATC            equ	3979	;# 
   133   000F8C                     LATD            equ	3980	;# 
   134   000F8D                     LATE            equ	3981	;# 
   135   000F92                     TRISA           equ	3986	;# 
   136   000F92                     DDRA            equ	3986	;# 
   137   000F93                     TRISB           equ	3987	;# 
   138   000F93                     DDRB            equ	3987	;# 
   139   000F94                     TRISC           equ	3988	;# 
   140   000F94                     DDRC            equ	3988	;# 
   141   000F95                     TRISD           equ	3989	;# 
   142   000F95                     DDRD            equ	3989	;# 
   143   000F96                     TRISE           equ	3990	;# 
   144   000F96                     DDRE            equ	3990	;# 
   145   000F9B                     OSCTUNE         equ	3995	;# 
   146   000F9D                     PIE1            equ	3997	;# 
   147   000F9E                     PIR1            equ	3998	;# 
   148   000F9F                     IPR1            equ	3999	;# 
   149   000FA0                     PIE2            equ	4000	;# 
   150   000FA1                     PIR2            equ	4001	;# 
   151   000FA2                     IPR2            equ	4002	;# 
   152   000FA6                     EECON1          equ	4006	;# 
   153   000FA7                     EECON2          equ	4007	;# 
   154   000FA8                     EEDATA          equ	4008	;# 
   155   000FA9                     EEADR           equ	4009	;# 
   156   000FAB                     RCSTA           equ	4011	;# 
   157   000FAB                     RCSTA1          equ	4011	;# 
   158   000FAC                     TXSTA           equ	4012	;# 
   159   000FAC                     TXSTA1          equ	4012	;# 
   160   000FAD                     TXREG           equ	4013	;# 
   161   000FAD                     TXREG1          equ	4013	;# 
   162   000FAE                     RCREG           equ	4014	;# 
   163   000FAE                     RCREG1          equ	4014	;# 
   164   000FAF                     SPBRG           equ	4015	;# 
   165   000FAF                     SPBRG1          equ	4015	;# 
   166   000FB0                     SPBRGH          equ	4016	;# 
   167   000FB1                     T3CON           equ	4017	;# 
   168   000FB2                     TMR3            equ	4018	;# 
   169   000FB2                     TMR3L           equ	4018	;# 
   170   000FB3                     TMR3H           equ	4019	;# 
   171   000FB4                     CMCON           equ	4020	;# 
   172   000FB5                     CVRCON          equ	4021	;# 
   173   000FB6                     ECCP1AS         equ	4022	;# 
   174   000FB6                     CCP1AS          equ	4022	;# 
   175   000FB7                     ECCP1DEL        equ	4023	;# 
   176   000FB7                     CCP1DEL         equ	4023	;# 
   177   000FB8                     BAUDCON         equ	4024	;# 
   178   000FB8                     BAUDCTL         equ	4024	;# 
   179   000FBA                     CCP2CON         equ	4026	;# 
   180   000FBB                     CCPR2           equ	4027	;# 
   181   000FBB                     CCPR2L          equ	4027	;# 
   182   000FBC                     CCPR2H          equ	4028	;# 
   183   000FBD                     CCP1CON         equ	4029	;# 
   184   000FBD                     ECCP1CON        equ	4029	;# 
   185   000FBE                     CCPR1           equ	4030	;# 
   186   000FBE                     CCPR1L          equ	4030	;# 
   187   000FBF                     CCPR1H          equ	4031	;# 
   188   000FC0                     ADCON2          equ	4032	;# 
   189   000FC1                     ADCON1          equ	4033	;# 
   190   000FC2                     ADCON0          equ	4034	;# 
   191   000FC3                     ADRES           equ	4035	;# 
   192   000FC3                     ADRESL          equ	4035	;# 
   193   000FC4                     ADRESH          equ	4036	;# 
   194   000FC5                     SSPCON2         equ	4037	;# 
   195   000FC6                     SSPCON1         equ	4038	;# 
   196   000FC7                     SSPSTAT         equ	4039	;# 
   197   000FC8                     SSPADD          equ	4040	;# 
   198   000FC9                     SSPBUF          equ	4041	;# 
   199   000FCA                     T2CON           equ	4042	;# 
   200   000FCB                     PR2             equ	4043	;# 
   201   000FCB                     MEMCON          equ	4043	;# 
   202   000FCC                     TMR2            equ	4044	;# 
   203   000FCD                     T1CON           equ	4045	;# 
   204   000FCE                     TMR1            equ	4046	;# 
   205   000FCE                     TMR1L           equ	4046	;# 
   206   000FCF                     TMR1H           equ	4047	;# 
   207   000FD0                     RCON            equ	4048	;# 
   208   000FD1                     WDTCON          equ	4049	;# 
   209   000FD2                     HLVDCON         equ	4050	;# 
   210   000FD2                     LVDCON          equ	4050	;# 
   211   000FD3                     OSCCON          equ	4051	;# 
   212   000FD5                     T0CON           equ	4053	;# 
   213   000FD6                     TMR0            equ	4054	;# 
   214   000FD6                     TMR0L           equ	4054	;# 
   215   000FD7                     TMR0H           equ	4055	;# 
   216   000FD8                     STATUS          equ	4056	;# 
   217   000FD9                     FSR2            equ	4057	;# 
   218   000FD9                     FSR2L           equ	4057	;# 
   219   000FDA                     FSR2H           equ	4058	;# 
   220   000FDB                     PLUSW2          equ	4059	;# 
   221   000FDC                     PREINC2         equ	4060	;# 
   222   000FDD                     POSTDEC2        equ	4061	;# 
   223   000FDE                     POSTINC2        equ	4062	;# 
   224   000FDF                     INDF2           equ	4063	;# 
   225   000FE0                     BSR             equ	4064	;# 
   226   000FE1                     FSR1            equ	4065	;# 
   227   000FE1                     FSR1L           equ	4065	;# 
   228   000FE2                     FSR1H           equ	4066	;# 
   229   000FE3                     PLUSW1          equ	4067	;# 
   230   000FE4                     PREINC1         equ	4068	;# 
   231   000FE5                     POSTDEC1        equ	4069	;# 
   232   000FE6                     POSTINC1        equ	4070	;# 
   233   000FE7                     INDF1           equ	4071	;# 
   234   000FE8                     WREG            equ	4072	;# 
   235   000FE9                     FSR0            equ	4073	;# 
   236   000FE9                     FSR0L           equ	4073	;# 
   237   000FEA                     FSR0H           equ	4074	;# 
   238   000FEB                     PLUSW0          equ	4075	;# 
   239   000FEC                     PREINC0         equ	4076	;# 
   240   000FED                     POSTDEC0        equ	4077	;# 
   241   000FEE                     POSTINC0        equ	4078	;# 
   242   000FEF                     INDF0           equ	4079	;# 
   243   000FF0                     INTCON3         equ	4080	;# 
   244   000FF1                     INTCON2         equ	4081	;# 
   245   000FF2                     INTCON          equ	4082	;# 
   246   000FF3                     PROD            equ	4083	;# 
   247   000FF3                     PRODL           equ	4083	;# 
   248   000FF4                     PRODH           equ	4084	;# 
   249   000FF5                     TABLAT          equ	4085	;# 
   250   000FF6                     TBLPTR          equ	4086	;# 
   251   000FF6                     TBLPTRL         equ	4086	;# 
   252   000FF7                     TBLPTRH         equ	4087	;# 
   253   000FF8                     TBLPTRU         equ	4088	;# 
   254   000FF9                     PCLAT           equ	4089	;# 
   255   000FF9                     PC              equ	4089	;# 
   256   000FF9                     PCL             equ	4089	;# 
   257   000FFA                     PCLATH          equ	4090	;# 
   258   000FFB                     PCLATU          equ	4091	;# 
   259   000FFC                     STKPTR          equ	4092	;# 
   260   000FFD                     TOS             equ	4093	;# 
   261   000FFD                     TOSL            equ	4093	;# 
   262   000FFE                     TOSH            equ	4094	;# 
   263   000FFF                     TOSU            equ	4095	;# 
   264   000F81                     _PORTBbits      set	3969
   265   000F8B                     _LATCbits       set	3979
   266   000F94                     _TRISCbits      set	3988
   267   000F93                     _TRISBbits      set	3987
   268   000FF1                     _INTCON2bits    set	4081
   269   000FB4                     _CMCON          set	4020
   270   000FC1                     _ADCON1         set	4033
   271                           
   272                           ; #config settings
   273                           
   274                           	psect	cinit
   275   0009AC                     __pcinit:
   276                           	callstack 0
   277   0009AC                     start_initialization:
   278                           	callstack 0
   279   0009AC                     __initialization:
   280                           	callstack 0
   281   0009AC                     end_of_initialization:
   282                           	callstack 0
   283   0009AC                     __end_of__initialization:
   284                           	callstack 0
   285   0009AC  0100               	movlb	0
   286   0009AE  EF01  F004         	goto	_main	;jump to C main() function
   287                           
   288                           	psect	cstackCOMRAM
   289   000001                     __pcstackCOMRAM:
   290                           	callstack 0
   291   000001                     delay_119us@i:
   292                           	callstack 0
   293   000001                     delay_208us@i:
   294                           	callstack 0
   295   000001                     ??_debounce_delay:
   296   000001                     
   297                           ; 1 bytes @ 0x0
   298   000001                     	ds	1
   299   000002                     debounce_delay@i:
   300                           	callstack 0
   301                           
   302                           ; 2 bytes @ 0x1
   303   000002                     	ds	1
   304   000003                     play_4k2Hz_1s@i:
   305                           	callstack 0
   306   000003                     play_2k4Hz_1s@i:
   307                           	callstack 0
   308   000003                     
   309                           ; 1 bytes @ 0x2
   310   000003                     	ds	2
   311   000005                     main@stop_flag:
   312                           	callstack 0
   313   000005                     
   314                           ; 1 bytes @ 0x4
   315   000005                     	ds	1
   316                           
   317 ;;
   318 ;;Main: autosize = 0, tempsize = 0, incstack = 0, save=0
   319 ;;
   320 ;; *************** function _main *****************
   321 ;; Defined at:
   322 ;;		line 45 in file "../../src/main.c"
   323 ;; Parameters:    Size  Location     Type
   324 ;;		None
   325 ;; Auto vars:     Size  Location     Type
   326 ;;  stop_flag       1    4[COMRAM] unsigned char 
   327 ;; Return value:  Size  Location     Type
   328 ;;                  1    wreg      void 
   329 ;; Registers used:
   330 ;;		wreg, status,2, status,0, cstack
   331 ;; Tracked objects:
   332 ;;		On entry : 0/0
   333 ;;		On exit  : 0/0
   334 ;;		Unchanged: 0/0
   335 ;; Data sizes:     COMRAM   BANK0   BANK1   BANK2   BANK3   BANK4   BANK5   BANK6   BANK7
   336 ;;      Params:         0       0       0       0       0       0       0       0       0
   337 ;;      Locals:         1       0       0       0       0       0       0       0       0
   338 ;;      Temps:          0       0       0       0       0       0       0       0       0
   339 ;;      Totals:         1       0       0       0       0       0       0       0       0
   340 ;;Total ram usage:        1 bytes
   341 ;; Hardware stack levels required when called: 2
   342 ;; This function calls:
   343 ;;		_debounce_delay
   344 ;;		_play_2k4Hz_1s
   345 ;;		_play_4k2Hz_1s
   346 ;; This function is called by:
   347 ;;		Startup code after reset
   348 ;; This function uses a non-reentrant model
   349 ;;
   350                           
   351                           	psect	text0
   352   000802                     __ptext0:
   353                           	callstack 0
   354   000802                     _main:
   355                           	callstack 29
   356   000802                     
   357                           ;../../src/main.c: 46: }
   358   000802  0E0F               	movlw	15
   359   000804  6EC1               	movwf	193,c	;volatile
   360                           
   361                           ;../../src/main.c: 47: 
   362   000806  0E07               	movlw	7
   363   000808  6EB4               	movwf	180,c	;volatile
   364   00080A                     
   365                           ;../../src/main.c: 48: 
   366   00080A  9EF1               	bcf	241,7,c	;volatile
   367   00080C                     
   368                           ;../../src/main.c: 50: 
   369   00080C  8293               	bsf	147,1,c	;volatile
   370   00080E                     
   371                           ;../../src/main.c: 51: void play_4k2Hz_1s(void) {
   372   00080E  8493               	bsf	147,2,c	;volatile
   373   000810                     
   374                           ;../../src/main.c: 52:     for (int i = 0; i < 2000; i++) {
   375   000810  9494               	bcf	148,2,c	;volatile
   376   000812                     
   377                           ;../../src/main.c: 53:         LATCbits.LATC2 = 1;
   378   000812  948B               	bcf	139,2,c	;volatile
   379   000814                     l820:
   380                           
   381                           ;../../src/main.c: 58: }
   382   000814  B481               	btfsc	129,2,c	;volatile
   383   000816  EF0F  F004         	goto	u61
   384   00081A  EF11  F004         	goto	u60
   385   00081E                     u61:
   386   00081E  EF0A  F004         	goto	l820
   387   000822                     u60:
   388   000822                     
   389                           ;../../src/main.c: 59: 
   390   000822  EC53  F004         	call	_debounce_delay	;wreg free
   391   000826                     l33:
   392   000826  A481               	btfss	129,2,c	;volatile
   393   000828  EF18  F004         	goto	u71
   394   00082C  EF1A  F004         	goto	u70
   395   000830                     u71:
   396   000830  EF13  F004         	goto	l33
   397   000834                     u70:
   398   000834                     
   399                           ;../../src/main.c: 61: 
   400   000834  6A05               	clrf	main@stop_flag^0,c
   401                           
   402                           ;../../src/main.c: 63: void play_2k4Hz_1s(void) {
   403   000836  EF3D  F004         	goto	l36
   404   00083A                     l824:
   405                           
   406                           ;../../src/main.c: 65:         LATCbits.LATC2 = 1;
   407   00083A  EC70  F004         	call	_play_4k2Hz_1s	;wreg free
   408   00083E                     
   409                           ;../../src/main.c: 66:         delay_208us();
   410   00083E  B281               	btfsc	129,1,c	;volatile
   411   000840  EF24  F004         	goto	u81
   412   000844  EF26  F004         	goto	u80
   413   000848                     u81:
   414   000848  EF28  F004         	goto	l38
   415   00084C                     u80:
   416   00084C  0E01               	movlw	1
   417   00084E  6E05               	movwf	main@stop_flag^0,c
   418   000850                     l38:
   419                           
   420                           ;../../src/main.c: 67:         LATCbits.LATC2 = 0;
   421   000850  5005               	movf	main@stop_flag^0,w,c
   422   000852  B4D8               	btfsc	status,2,c
   423   000854  EF2E  F004         	goto	u91
   424   000858  EF30  F004         	goto	u90
   425   00085C                     u91:
   426   00085C  EF32  F004         	goto	l832
   427   000860                     u90:
   428   000860  EF45  F004         	goto	l838
   429   000864                     l832:
   430                           
   431                           ;../../src/main.c: 69:     }
   432   000864  EC8B  F004         	call	_play_2k4Hz_1s	;wreg free
   433   000868                     
   434                           ;../../src/main.c: 70: }
   435   000868  B281               	btfsc	129,1,c	;volatile
   436   00086A  EF39  F004         	goto	u101
   437   00086E  EF3B  F004         	goto	u100
   438   000872                     u101:
   439   000872  EF3D  F004         	goto	l36
   440   000876                     u100:
   441   000876  0E01               	movlw	1
   442   000878  6E05               	movwf	main@stop_flag^0,c
   443   00087A                     l36:
   444                           
   445                           ;../../src/main.c: 63: void play_2k4Hz_1s(void) {
   446   00087A  5005               	movf	main@stop_flag^0,w,c
   447   00087C  B4D8               	btfsc	status,2,c
   448   00087E  EF43  F004         	goto	u111
   449   000882  EF45  F004         	goto	u110
   450   000886                     u111:
   451   000886  EF1D  F004         	goto	l824
   452   00088A                     u110:
   453   00088A                     l838:
   454                           
   455                           ;../../src/main.c: 73: void delay_119us(void) {
   456   00088A  EC53  F004         	call	_debounce_delay	;wreg free
   457   00088E                     l42:
   458   00088E  A281               	btfss	129,1,c	;volatile
   459   000890  EF4C  F004         	goto	u121
   460   000894  EF4E  F004         	goto	u120
   461   000898                     u121:
   462   000898  EF47  F004         	goto	l42
   463   00089C                     u120:
   464   00089C                     
   465                           ;../../src/main.c: 75:         _delay((unsigned long)((5)*(48000000UL/4000000.0)));
   466   00089C  948B               	bcf	139,2,c	;volatile
   467   00089E  EF0A  F004         	goto	l820
   468   0008A2  EFFE  F03F         	goto	start
   469   0008A6                     __end_of_main:
   470                           	callstack 0
   471                           
   472 ;; *************** function _play_4k2Hz_1s *****************
   473 ;; Defined at:
   474 ;;		line 83 in file "../../src/main.c"
   475 ;; Parameters:    Size  Location     Type
   476 ;;		None
   477 ;; Auto vars:     Size  Location     Type
   478 ;;  i               2    2[COMRAM] int 
   479 ;; Return value:  Size  Location     Type
   480 ;;                  1    wreg      void 
   481 ;; Registers used:
   482 ;;		wreg, status,2, status,0, cstack
   483 ;; Tracked objects:
   484 ;;		On entry : 0/0
   485 ;;		On exit  : 0/0
   486 ;;		Unchanged: 0/0
   487 ;; Data sizes:     COMRAM   BANK0   BANK1   BANK2   BANK3   BANK4   BANK5   BANK6   BANK7
   488 ;;      Params:         0       0       0       0       0       0       0       0       0
   489 ;;      Locals:         2       0       0       0       0       0       0       0       0
   490 ;;      Temps:          0       0       0       0       0       0       0       0       0
   491 ;;      Totals:         2       0       0       0       0       0       0       0       0
   492 ;;Total ram usage:        2 bytes
   493 ;; Hardware stack levels used: 1
   494 ;; Hardware stack levels required when called: 1
   495 ;; This function calls:
   496 ;;		_delay_119us
   497 ;; This function is called by:
   498 ;;		_main
   499 ;; This function uses a non-reentrant model
   500 ;;
   501                           
   502                           	psect	text1
   503   0008E0                     __ptext1:
   504                           	callstack 0
   505   0008E0                     _play_4k2Hz_1s:
   506                           	callstack 29
   507   0008E0                     
   508                           ;../../src/main.c: 84: 
   509   0008E0  0E00               	movlw	0
   510   0008E2  6E04               	movwf	(play_4k2Hz_1s@i+1)^0,c
   511   0008E4  0E00               	movlw	0
   512   0008E6  6E03               	movwf	play_4k2Hz_1s@i^0,c
   513   0008E8                     l50:
   514                           
   515                           ;../../src/main.c: 85: void debounce_delay(void) {
   516   0008E8  848B               	bsf	139,2,c	;volatile
   517   0008EA                     
   518                           ;../../src/main.c: 86: 
   519   0008EA  ECA6  F004         	call	_delay_119us	;wreg free
   520   0008EE                     
   521                           ;../../src/main.c: 87:     for (int i = 0; i < 5; i++) {
   522   0008EE  948B               	bcf	139,2,c	;volatile
   523                           
   524                           ;../../src/main.c: 88:         _delay((unsigned long)((10)*(48000000UL/4000.0)));
   525   0008F0  ECA6  F004         	call	_delay_119us	;wreg free
   526   0008F4                     
   527                           ;../../src/main.c: 89:     }
   528   0008F4  4A03               	infsnz	play_4k2Hz_1s@i^0,f,c
   529   0008F6  2A04               	incf	(play_4k2Hz_1s@i+1)^0,f,c
   530   0008F8  BE04               	btfsc	(play_4k2Hz_1s@i+1)^0,7,c
   531   0008FA  EF88  F004         	goto	u41
   532   0008FE  0ED0               	movlw	208
   533   000900  5C03               	subwf	play_4k2Hz_1s@i^0,w,c
   534   000902  0E07               	movlw	7
   535   000904  5804               	subwfb	(play_4k2Hz_1s@i+1)^0,w,c
   536   000906  A0D8               	btfss	status,0,c
   537   000908  EF88  F004         	goto	u41
   538   00090C  EF8A  F004         	goto	u40
   539   000910                     u41:
   540   000910  EF74  F004         	goto	l50
   541   000914                     u40:
   542   000914  0012               	return		;funcret
   543   000916                     __end_of_play_4k2Hz_1s:
   544                           	callstack 0
   545                           
   546 ;; *************** function _delay_119us *****************
   547 ;; Defined at:
   548 ;;		line 105 in file "../../src/main.c"
   549 ;; Parameters:    Size  Location     Type
   550 ;;		None
   551 ;; Auto vars:     Size  Location     Type
   552 ;;  i               2    0[COMRAM] int 
   553 ;; Return value:  Size  Location     Type
   554 ;;                  1    wreg      void 
   555 ;; Registers used:
   556 ;;		wreg, status,2, status,0
   557 ;; Tracked objects:
   558 ;;		On entry : 0/0
   559 ;;		On exit  : 0/0
   560 ;;		Unchanged: 0/0
   561 ;; Data sizes:     COMRAM   BANK0   BANK1   BANK2   BANK3   BANK4   BANK5   BANK6   BANK7
   562 ;;      Params:         0       0       0       0       0       0       0       0       0
   563 ;;      Locals:         2       0       0       0       0       0       0       0       0
   564 ;;      Temps:          0       0       0       0       0       0       0       0       0
   565 ;;      Totals:         2       0       0       0       0       0       0       0       0
   566 ;;Total ram usage:        2 bytes
   567 ;; Hardware stack levels used: 1
   568 ;; This function calls:
   569 ;;		Nothing
   570 ;; This function is called by:
   571 ;;		_play_4k2Hz_1s
   572 ;; This function uses a non-reentrant model
   573 ;;
   574                           
   575                           	psect	text2
   576   00094C                     __ptext2:
   577                           	callstack 0
   578   00094C                     _delay_119us:
   579                           	callstack 29
   580   00094C  0E00               	movlw	0
   581   00094E  6E02               	movwf	(delay_119us@i+1)^0,c
   582   000950  0E00               	movlw	0
   583   000952  6E01               	movwf	delay_119us@i^0,c
   584   000954                     l754:
   585   000954  0E14               	movlw	20
   586   000956                     u137:
   587   000956  2EE8               	decfsz	wreg,f,c
   588   000958  D7FE               	bra	u137
   589   00095A  4A01               	infsnz	delay_119us@i^0,f,c
   590   00095C  2A02               	incf	(delay_119us@i+1)^0,f,c
   591   00095E  BE02               	btfsc	(delay_119us@i+1)^0,7,c
   592   000960  EFBB  F004         	goto	u11
   593   000964  5002               	movf	(delay_119us@i+1)^0,w,c
   594   000966  E109               	bnz	u10
   595   000968  0E18               	movlw	24
   596   00096A  5C01               	subwf	delay_119us@i^0,w,c
   597   00096C  A0D8               	btfss	status,0,c
   598   00096E  EFBB  F004         	goto	u11
   599   000972  EFBD  F004         	goto	u10
   600   000976                     u11:
   601   000976  EFAA  F004         	goto	l754
   602   00097A                     u10:
   603   00097A  0012               	return		;funcret
   604   00097C                     __end_of_delay_119us:
   605                           	callstack 0
   606                           
   607 ;; *************** function _play_2k4Hz_1s *****************
   608 ;; Defined at:
   609 ;;		line 95 in file "../../src/main.c"
   610 ;; Parameters:    Size  Location     Type
   611 ;;		None
   612 ;; Auto vars:     Size  Location     Type
   613 ;;  i               2    2[COMRAM] int 
   614 ;; Return value:  Size  Location     Type
   615 ;;                  1    wreg      void 
   616 ;; Registers used:
   617 ;;		wreg, status,2, status,0, cstack
   618 ;; Tracked objects:
   619 ;;		On entry : 0/0
   620 ;;		On exit  : 0/0
   621 ;;		Unchanged: 0/0
   622 ;; Data sizes:     COMRAM   BANK0   BANK1   BANK2   BANK3   BANK4   BANK5   BANK6   BANK7
   623 ;;      Params:         0       0       0       0       0       0       0       0       0
   624 ;;      Locals:         2       0       0       0       0       0       0       0       0
   625 ;;      Temps:          0       0       0       0       0       0       0       0       0
   626 ;;      Totals:         2       0       0       0       0       0       0       0       0
   627 ;;Total ram usage:        2 bytes
   628 ;; Hardware stack levels used: 1
   629 ;; Hardware stack levels required when called: 1
   630 ;; This function calls:
   631 ;;		_delay_208us
   632 ;; This function is called by:
   633 ;;		_main
   634 ;; This function uses a non-reentrant model
   635 ;;
   636                           
   637                           	psect	text3
   638   000916                     __ptext3:
   639                           	callstack 0
   640   000916                     _play_2k4Hz_1s:
   641                           	callstack 29
   642   000916  0E00               	movlw	0
   643   000918  6E04               	movwf	(play_2k4Hz_1s@i+1)^0,c
   644   00091A  0E00               	movlw	0
   645   00091C  6E03               	movwf	play_2k4Hz_1s@i^0,c
   646   00091E                     l55:
   647   00091E  848B               	bsf	139,2,c	;volatile
   648   000920  ECBE  F004         	call	_delay_208us	;wreg free
   649   000924  948B               	bcf	139,2,c	;volatile
   650   000926  ECBE  F004         	call	_delay_208us	;wreg free
   651   00092A  4A03               	infsnz	play_2k4Hz_1s@i^0,f,c
   652   00092C  2A04               	incf	(play_2k4Hz_1s@i+1)^0,f,c
   653   00092E  BE04               	btfsc	(play_2k4Hz_1s@i+1)^0,7,c
   654   000930  EFA3  F004         	goto	u51
   655   000934  0EB0               	movlw	176
   656   000936  5C03               	subwf	play_2k4Hz_1s@i^0,w,c
   657   000938  0E04               	movlw	4
   658   00093A  5804               	subwfb	(play_2k4Hz_1s@i+1)^0,w,c
   659   00093C  A0D8               	btfss	status,0,c
   660   00093E  EFA3  F004         	goto	u51
   661   000942  EFA5  F004         	goto	u50
   662   000946                     u51:
   663   000946  EF8F  F004         	goto	l55
   664   00094A                     u50:
   665   00094A  0012               	return		;funcret
   666   00094C                     __end_of_play_2k4Hz_1s:
   667                           	callstack 0
   668                           
   669 ;; *************** function _delay_208us *****************
   670 ;; Defined at:
   671 ;;		line 111 in file "../../src/main.c"
   672 ;; Parameters:    Size  Location     Type
   673 ;;		None
   674 ;; Auto vars:     Size  Location     Type
   675 ;;  i               2    0[COMRAM] int 
   676 ;; Return value:  Size  Location     Type
   677 ;;                  1    wreg      void 
   678 ;; Registers used:
   679 ;;		wreg, status,2, status,0
   680 ;; Tracked objects:
   681 ;;		On entry : 0/0
   682 ;;		On exit  : 0/0
   683 ;;		Unchanged: 0/0
   684 ;; Data sizes:     COMRAM   BANK0   BANK1   BANK2   BANK3   BANK4   BANK5   BANK6   BANK7
   685 ;;      Params:         0       0       0       0       0       0       0       0       0
   686 ;;      Locals:         2       0       0       0       0       0       0       0       0
   687 ;;      Temps:          0       0       0       0       0       0       0       0       0
   688 ;;      Totals:         2       0       0       0       0       0       0       0       0
   689 ;;Total ram usage:        2 bytes
   690 ;; Hardware stack levels used: 1
   691 ;; This function calls:
   692 ;;		Nothing
   693 ;; This function is called by:
   694 ;;		_play_2k4Hz_1s
   695 ;; This function uses a non-reentrant model
   696 ;;
   697                           
   698                           	psect	text4
   699   00097C                     __ptext4:
   700                           	callstack 0
   701   00097C                     _delay_208us:
   702                           	callstack 29
   703   00097C  0E00               	movlw	0
   704   00097E  6E02               	movwf	(delay_208us@i+1)^0,c
   705   000980  0E00               	movlw	0
   706   000982  6E01               	movwf	delay_208us@i^0,c
   707   000984                     l764:
   708   000984  0E14               	movlw	20
   709   000986                     u147:
   710   000986  2EE8               	decfsz	wreg,f,c
   711   000988  D7FE               	bra	u147
   712   00098A  4A01               	infsnz	delay_208us@i^0,f,c
   713   00098C  2A02               	incf	(delay_208us@i+1)^0,f,c
   714   00098E  BE02               	btfsc	(delay_208us@i+1)^0,7,c
   715   000990  EFD3  F004         	goto	u21
   716   000994  5002               	movf	(delay_208us@i+1)^0,w,c
   717   000996  E109               	bnz	u20
   718   000998  0E2A               	movlw	42
   719   00099A  5C01               	subwf	delay_208us@i^0,w,c
   720   00099C  A0D8               	btfss	status,0,c
   721   00099E  EFD3  F004         	goto	u21
   722   0009A2  EFD5  F004         	goto	u20
   723   0009A6                     u21:
   724   0009A6  EFC2  F004         	goto	l764
   725   0009AA                     u20:
   726   0009AA  0012               	return		;funcret
   727   0009AC                     __end_of_delay_208us:
   728                           	callstack 0
   729                           
   730 ;; *************** function _debounce_delay *****************
   731 ;; Defined at:
   732 ;;		line 117 in file "../../src/main.c"
   733 ;; Parameters:    Size  Location     Type
   734 ;;		None
   735 ;; Auto vars:     Size  Location     Type
   736 ;;  i               2    1[COMRAM] int 
   737 ;; Return value:  Size  Location     Type
   738 ;;                  1    wreg      void 
   739 ;; Registers used:
   740 ;;		wreg, status,2, status,0
   741 ;; Tracked objects:
   742 ;;		On entry : 0/0
   743 ;;		On exit  : 0/0
   744 ;;		Unchanged: 0/0
   745 ;; Data sizes:     COMRAM   BANK0   BANK1   BANK2   BANK3   BANK4   BANK5   BANK6   BANK7
   746 ;;      Params:         0       0       0       0       0       0       0       0       0
   747 ;;      Locals:         2       0       0       0       0       0       0       0       0
   748 ;;      Temps:          1       0       0       0       0       0       0       0       0
   749 ;;      Totals:         3       0       0       0       0       0       0       0       0
   750 ;;Total ram usage:        3 bytes
   751 ;; Hardware stack levels used: 1
   752 ;; This function calls:
   753 ;;		Nothing
   754 ;; This function is called by:
   755 ;;		_main
   756 ;; This function uses a non-reentrant model
   757 ;;
   758                           
   759                           	psect	text5
   760   0008A6                     __ptext5:
   761                           	callstack 0
   762   0008A6                     _debounce_delay:
   763                           	callstack 30
   764   0008A6  0E00               	movlw	0
   765   0008A8  6E03               	movwf	(debounce_delay@i+1)^0,c
   766   0008AA  0E00               	movlw	0
   767   0008AC  6E02               	movwf	debounce_delay@i^0,c
   768   0008AE                     l774:
   769   0008AE  0E9C               	movlw	156
   770   0008B0  6E01               	movwf	??_debounce_delay^0,c
   771   0008B2  0ED7               	movlw	215
   772   0008B4                     u157:
   773   0008B4  2EE8               	decfsz	wreg,f,c
   774   0008B6  D7FE               	bra	u157
   775   0008B8  2E01               	decfsz	??_debounce_delay^0,f,c
   776   0008BA  D7FC               	bra	u157
   777   0008BC  0000               	nop	
   778   0008BE  4A02               	infsnz	debounce_delay@i^0,f,c
   779   0008C0  2A03               	incf	(debounce_delay@i+1)^0,f,c
   780   0008C2  BE03               	btfsc	(debounce_delay@i+1)^0,7,c
   781   0008C4  EF6D  F004         	goto	u31
   782   0008C8  5003               	movf	(debounce_delay@i+1)^0,w,c
   783   0008CA  E109               	bnz	u30
   784   0008CC  0E05               	movlw	5
   785   0008CE  5C02               	subwf	debounce_delay@i^0,w,c
   786   0008D0  A0D8               	btfss	status,0,c
   787   0008D2  EF6D  F004         	goto	u31
   788   0008D6  EF6F  F004         	goto	u30
   789   0008DA                     u31:
   790   0008DA  EF57  F004         	goto	l774
   791   0008DE                     u30:
   792   0008DE  0012               	return		;funcret
   793   0008E0                     __end_of_debounce_delay:
   794                           	callstack 0
   795                           
   796                           	psect	smallconst
   797   000800                     __psmallconst:
   798                           	callstack 0
   799   000800  00                 	db	0
   800   000801  00                 	db	0	; dummy byte at the end
   801   000800                     __smallconst    set	__psmallconst
   802   000800                     __mediumconst   set	__psmallconst
   803   000000                     __activetblptr  equ	0
   804                           
   805                           	psect	rparam
   806   000001                     ___rparam_used  equ	1
   807   000000                     ___param_bank   equ	0
   808   000000                     __Lparam        equ	__Lrparam
   809   000000                     __Hparam        equ	__Hrparam
   810                           
   811                           	psect	idloc
   812                           
   813                           ;Config register IDLOC0 @ 0x200000
   814                           ;	unspecified, using default values
   815   200000                     	org	2097152
   816   200000  FF                 	db	255
   817                           
   818                           ;Config register IDLOC1 @ 0x200001
   819                           ;	unspecified, using default values
   820   200001                     	org	2097153
   821   200001  FF                 	db	255
   822                           
   823                           ;Config register IDLOC2 @ 0x200002
   824                           ;	unspecified, using default values
   825   200002                     	org	2097154
   826   200002  FF                 	db	255
   827                           
   828                           ;Config register IDLOC3 @ 0x200003
   829                           ;	unspecified, using default values
   830   200003                     	org	2097155
   831   200003  FF                 	db	255
   832                           
   833                           ;Config register IDLOC4 @ 0x200004
   834                           ;	unspecified, using default values
   835   200004                     	org	2097156
   836   200004  FF                 	db	255
   837                           
   838                           ;Config register IDLOC5 @ 0x200005
   839                           ;	unspecified, using default values
   840   200005                     	org	2097157
   841   200005  FF                 	db	255
   842                           
   843                           ;Config register IDLOC6 @ 0x200006
   844                           ;	unspecified, using default values
   845   200006                     	org	2097158
   846   200006  FF                 	db	255
   847                           
   848                           ;Config register IDLOC7 @ 0x200007
   849                           ;	unspecified, using default values
   850   200007                     	org	2097159
   851   200007  FF                 	db	255
   852                           
   853                           	psect	config
   854                           
   855                           ;Config register CONFIG1L @ 0x300000
   856                           ;	PLL Prescaler Selection bits
   857                           ;	PLLDIV = 5, Divide by 5 (20 MHz oscillator input)
   858                           ;	System Clock Postscaler Selection bits
   859                           ;	CPUDIV = OSC1_PLL2, [Primary Oscillator Src: /1][96 MHz PLL Src: /2]
   860                           ;	USB Clock Selection bit (used in Full-Speed USB mode only; UCFG:FSEN = 1)
   861                           ;	USBDIV = 2, USB clock source comes from the 96 MHz PLL divided by 2
   862   300000                     	org	3145728
   863   300000  24                 	db	36
   864                           
   865                           ;Config register CONFIG1H @ 0x300001
   866                           ;	Oscillator Selection bits
   867                           ;	FOSC = HSPLL_HS, HS oscillator, PLL enabled (HSPLL)
   868                           ;	Fail-Safe Clock Monitor Enable bit
   869                           ;	FCMEN = 0x0, unprogrammed default
   870                           ;	Internal/External Oscillator Switchover bit
   871                           ;	IESO = 0x0, unprogrammed default
   872   300001                     	org	3145729
   873   300001  0E                 	db	14
   874                           
   875                           ;Config register CONFIG2L @ 0x300002
   876                           ;	Power-up Timer Enable bit
   877                           ;	PWRT = ON, PWRT enabled
   878                           ;	Brown-out Reset Enable bits
   879                           ;	BOR = ON, Brown-out Reset enabled in hardware only (SBOREN is disabled)
   880                           ;	Brown-out Reset Voltage bits
   881                           ;	BORV = 3, Minimum setting 2.05V
   882                           ;	USB Voltage Regulator Enable bit
   883                           ;	VREGEN = ON, USB voltage regulator enabled
   884   300002                     	org	3145730
   885   300002  3E                 	db	62
   886                           
   887                           ;Config register CONFIG2H @ 0x300003
   888                           ;	Watchdog Timer Enable bit
   889                           ;	WDT = OFF, WDT disabled (control is placed on the SWDTEN bit)
   890                           ;	Watchdog Timer Postscale Select bits
   891                           ;	WDTPS = 0xF, unprogrammed default
   892   300003                     	org	3145731
   893   300003  1E                 	db	30
   894                           
   895                           ; Padding undefined space
   896   300004                     	org	3145732
   897   300004  FF                 	db	255
   898                           
   899                           ;Config register CONFIG3H @ 0x300005
   900                           ;	CCP2 MUX bit
   901                           ;	CCP2MX = 0x1, unprogrammed default
   902                           ;	PORTB A/D Enable bit
   903                           ;	PBADEN = OFF, PORTB<4:0> pins are configured as digital I/O on Reset
   904                           ;	Low-Power Timer 1 Oscillator Enable bit
   905                           ;	LPT1OSC = OFF, Timer1 configured for higher power operation
   906                           ;	MCLR Pin Enable bit
   907                           ;	MCLRE = ON, MCLR pin enabled; RE3 input pin disabled
   908   300005                     	org	3145733
   909   300005  81                 	db	129
   910                           
   911                           ;Config register CONFIG4L @ 0x300006
   912                           ;	Stack Full/Underflow Reset Enable bit
   913                           ;	STVREN = ON, Stack full/underflow will cause Reset
   914                           ;	Single-Supply ICSP Enable bit
   915                           ;	LVP = OFF, Single-Supply ICSP disabled
   916                           ;	Dedicated In-Circuit Debug/Programming Port (ICPORT) Enable bit
   917                           ;	ICPRT = OFF, ICPORT disabled
   918                           ;	Extended Instruction Set Enable bit
   919                           ;	XINST = OFF, Instruction set extension and Indexed Addressing mode disabled (Legacy mo
      +                          de)
   920                           ;	Background Debugger Enable bit
   921                           ;	DEBUG = OFF, Background debugger disabled, RB6 and RB7 configured as general purpose I
      +                          /O pins
   922   300006                     	org	3145734
   923   300006  81                 	db	129
   924                           
   925                           ; Padding undefined space
   926   300007                     	org	3145735
   927   300007  FF                 	db	255
   928                           
   929                           ;Config register CONFIG5L @ 0x300008
   930                           ;	unspecified, using default values
   931                           ;	Code Protection bit
   932                           ;	CP0 = 0x1, unprogrammed default
   933                           ;	Code Protection bit
   934                           ;	CP1 = 0x1, unprogrammed default
   935                           ;	Code Protection bit
   936                           ;	CP2 = 0x1, unprogrammed default
   937                           ;	Code Protection bit
   938                           ;	CP3 = 0x1, unprogrammed default
   939   300008                     	org	3145736
   940   300008  0F                 	db	15
   941                           
   942                           ;Config register CONFIG5H @ 0x300009
   943                           ;	unspecified, using default values
   944                           ;	Boot Block Code Protection bit
   945                           ;	CPB = 0x1, unprogrammed default
   946                           ;	Data EEPROM Code Protection bit
   947                           ;	CPD = 0x1, unprogrammed default
   948   300009                     	org	3145737
   949   300009  C0                 	db	192
   950                           
   951                           ;Config register CONFIG6L @ 0x30000A
   952                           ;	unspecified, using default values
   953                           ;	Write Protection bit
   954                           ;	WRT0 = 0x1, unprogrammed default
   955                           ;	Write Protection bit
   956                           ;	WRT1 = 0x1, unprogrammed default
   957                           ;	Write Protection bit
   958                           ;	WRT2 = 0x1, unprogrammed default
   959                           ;	Write Protection bit
   960                           ;	WRT3 = 0x1, unprogrammed default
   961   30000A                     	org	3145738
   962   30000A  0F                 	db	15
   963                           
   964                           ;Config register CONFIG6H @ 0x30000B
   965                           ;	unspecified, using default values
   966                           ;	Configuration Register Write Protection bit
   967                           ;	WRTC = 0x1, unprogrammed default
   968                           ;	Boot Block Write Protection bit
   969                           ;	WRTB = 0x1, unprogrammed default
   970                           ;	Data EEPROM Write Protection bit
   971                           ;	WRTD = 0x1, unprogrammed default
   972   30000B                     	org	3145739
   973   30000B  E0                 	db	224
   974                           
   975                           ;Config register CONFIG7L @ 0x30000C
   976                           ;	unspecified, using default values
   977                           ;	Table Read Protection bit
   978                           ;	EBTR0 = 0x1, unprogrammed default
   979                           ;	Table Read Protection bit
   980                           ;	EBTR1 = 0x1, unprogrammed default
   981                           ;	Table Read Protection bit
   982                           ;	EBTR2 = 0x1, unprogrammed default
   983                           ;	Table Read Protection bit
   984                           ;	EBTR3 = 0x1, unprogrammed default
   985   30000C                     	org	3145740
   986   30000C  0F                 	db	15
   987                           
   988                           ;Config register CONFIG7H @ 0x30000D
   989                           ;	unspecified, using default values
   990                           ;	Boot Block Table Read Protection bit
   991                           ;	EBTRB = 0x1, unprogrammed default
   992   30000D                     	org	3145741
   993   30000D  40                 	db	64
   994                           tosu	equ	0xFFF
   995                           tosh	equ	0xFFE
   996                           tosl	equ	0xFFD
   997                           stkptr	equ	0xFFC
   998                           pclatu	equ	0xFFB
   999                           pclath	equ	0xFFA
  1000                           pcl	equ	0xFF9
  1001                           tblptru	equ	0xFF8
  1002                           tblptrh	equ	0xFF7
  1003                           tblptrl	equ	0xFF6
  1004                           tablat	equ	0xFF5
  1005                           prodh	equ	0xFF4
  1006                           prodl	equ	0xFF3
  1007                           indf0	equ	0xFEF
  1008                           postinc0	equ	0xFEE
  1009                           postdec0	equ	0xFED
  1010                           preinc0	equ	0xFEC
  1011                           plusw0	equ	0xFEB
  1012                           fsr0h	equ	0xFEA
  1013                           fsr0l	equ	0xFE9
  1014                           wreg	equ	0xFE8
  1015                           indf1	equ	0xFE7
  1016                           postinc1	equ	0xFE6
  1017                           postdec1	equ	0xFE5
  1018                           preinc1	equ	0xFE4
  1019                           plusw1	equ	0xFE3
  1020                           fsr1h	equ	0xFE2
  1021                           fsr1l	equ	0xFE1
  1022                           bsr	equ	0xFE0
  1023                           indf2	equ	0xFDF
  1024                           postinc2	equ	0xFDE
  1025                           postdec2	equ	0xFDD
  1026                           preinc2	equ	0xFDC
  1027                           plusw2	equ	0xFDB
  1028                           fsr2h	equ	0xFDA
  1029                           fsr2l	equ	0xFD9
  1030                           status	equ	0xFD8

Data Sizes:
    Strings     0
    Constant    0
    Data        0
    BSS         0
    Persistent  0
    Stack       0

Auto Spaces:
    Space          Size  Autos    Used
    COMRAM           95      5       5
    BANK0           160      0       0
    BANK1           256      0       0
    BANK2           256      0       0
    BANK3           256      0       0
    BANK4           256      0       0
    BANK5           256      0       0
    BANK6           256      0       0
    BANK7           256      0       0

Pointer List with Targets:

    None.

Critical Paths under _main in COMRAM

    _main->_play_2k4Hz_1s
    _main->_play_4k2Hz_1s
    _play_4k2Hz_1s->_delay_119us
    _play_2k4Hz_1s->_delay_208us

Critical Paths under _main in BANK0

    None.

Critical Paths under _main in BANK1

    None.

Critical Paths under _main in BANK2

    None.

Critical Paths under _main in BANK3

    None.

Critical Paths under _main in BANK4

    None.

Critical Paths under _main in BANK5

    None.

Critical Paths under _main in BANK6

    None.

Critical Paths under _main in BANK7

    None.

Call Graph Tables:

 ---------------------------------------------------------------------------------
 (Depth) Function   	        Calls       Base Space   Used Autos Params    Refs
 ---------------------------------------------------------------------------------
 (0) _main                                                 1     1      0     180
                                              4 COMRAM     1     1      0
                     _debounce_delay
                      _play_2k4Hz_1s
                      _play_4k2Hz_1s
 ---------------------------------------------------------------------------------
 (1) _play_4k2Hz_1s                                        2     2      0      60
                                              2 COMRAM     2     2      0
                        _delay_119us
 ---------------------------------------------------------------------------------
 (2) _delay_119us                                          2     2      0      30
                                              0 COMRAM     2     2      0
 ---------------------------------------------------------------------------------
 (1) _play_2k4Hz_1s                                        2     2      0      60
                                              2 COMRAM     2     2      0
                        _delay_208us
 ---------------------------------------------------------------------------------
 (2) _delay_208us                                          2     2      0      30
                                              0 COMRAM     2     2      0
 ---------------------------------------------------------------------------------
 (1) _debounce_delay                                       3     3      0      30
                                              0 COMRAM     3     3      0
 ---------------------------------------------------------------------------------
 Estimated maximum stack depth 2
 ---------------------------------------------------------------------------------

 Call Graph Graphs:

 _main (ROOT)
   _debounce_delay
   _play_2k4Hz_1s
     _delay_208us
   _play_4k2Hz_1s
     _delay_119us

Address spaces:
Name               Size   Autos  Total    Usage
BITCOMRAM           95      0       0      0.0%
BITBANK0           160      0       0      0.0%
BITBANK1           256      0       0      0.0%
BITBANK2           256      0       0      0.0%
BITBANK3           256      0       0      0.0%
BITBANK4           256      0       0      0.0%
BITBANK5           256      0       0      0.0%
BITBANK6           256      0       0      0.0%
BITBANK7           256      0       0      0.0%
BITBIGSFRh         126      0       0      0.0%
BITBIGSFRl          33      0       0      0.0%
COMRAM              95      5       5      5.3%
BANK0              160      0       0      0.0%
BANK1              256      0       0      0.0%
BANK2              256      0       0      0.0%
BANK3              256      0       0      0.0%
BANK4              256      0       0      0.0%
BANK5              256      0       0      0.0%
BANK6              256      0       0      0.0%
BANK7              256      0       0      0.0%
BIGRAM            2047      0       0      0.0%
STACK                0      0       0      0.0%
DATA                 0      0       5      0.0%


Microchip Technology PIC18 Macro Assembler V3.00 build 20241204225717 
Symbol Table                                                                                   Thu Oct 30 17:27:40 2025

                     l33 0826                       l50 08E8                       l42 088E  
                     l35 0834                       l52 0914                       l44 089C  
                     l36 087A                       l62 097A                       l38 0850  
                     l55 091E                       l72 08DE                       l57 094A  
                     l67 09AA                       u10 097A                       u11 0976  
                     u20 09AA                       u21 09A6                       u30 08DE  
                     u31 08DA                       u40 0914                       u41 0910  
                     u50 094A                       u51 0946                       u60 0822  
                     u61 081E                       u70 0834                       u71 0830  
                     u80 084C                       u81 0848                       u90 0860  
                     u91 085C                      l800 0924                      l802 092A  
                    l810 080C                      l804 092E                      l820 0814  
                    l812 080E                      l822 0822                      l814 0810  
                    l806 0802                      l832 0864                      l824 083A  
                    l816 0812                      l808 080A                      l754 0954  
                    l834 0868                      l826 083E                      l818 0814  
                    l764 0984                      l756 095A                      l748 094C  
                    l836 0876                      l828 084C                      l774 08AE  
                    l766 098A                      l758 097C                      l790 08F8  
                    l838 088A                      l776 08BE                      l768 08A6  
                    l792 0916                      l784 08EA                      l786 08EE  
                    l778 08E0                      l788 08F4                      l798 0920  
                    u100 0876                      u101 0872                      u110 088A  
                    u111 0886                      u120 089C                      u121 0898  
                    u137 0956                      u147 0986                      u157 08B4  
                    wreg 0FE8                     _main 0802                     start 7FFC  
           ___param_bank 0000                    ?_main 0001                    _CMCON 0FB4  
                  status 0FD8          __initialization 09AC             __end_of_main 08A6  
                 ??_main 0005            __activetblptr 0000                   _ADCON1 0FC1  
         _debounce_delay 08A6                   isa$std 0001             __mediumconst 0800  
 __end_of_debounce_delay 08E0            main@stop_flag 0005               __accesstop 0060  
__end_of__initialization 09AC            ___rparam_used 0001           __pcstackCOMRAM 0001  
        ?_debounce_delay 0001                  __Hparam 0000                  __Lparam 0000  
         play_2k4Hz_1s@i 0003             __psmallconst 0800                  __pcinit 09AC  
         play_4k2Hz_1s@i 0003                  __ramtop 0800                  __ptext0 0802  
                __ptext1 08E0                  __ptext2 094C                  __ptext3 0916  
                __ptext4 097C                  __ptext5 08A6            ??_delay_119us 0001  
          ??_delay_208us 0001     end_of_initialization 09AC            _play_2k4Hz_1s 0916  
          _play_4k2Hz_1s 08E0                _PORTBbits 0F81                _TRISBbits 0F93  
              _TRISCbits 0F94      __end_of_delay_119us 097C      __end_of_delay_208us 09AC  
         ?_play_2k4Hz_1s 0001           ?_play_4k2Hz_1s 0001         ??_debounce_delay 0001  
    start_initialization 09AC              _delay_119us 094C              _delay_208us 097C  
        ??_play_2k4Hz_1s 0003          ??_play_4k2Hz_1s 0003             delay_119us@i 0001  
           delay_208us@i 0001              __smallconst 0800                 _LATCbits 0F8B  
            _INTCON2bits 0FF1                 __Hrparam 0000                 __Lrparam 0000  
        debounce_delay@i 0002                 isa$xinst 0000             ?_delay_119us 0001  
           ?_delay_208us 0001    __end_of_play_2k4Hz_1s 094C    __end_of_play_4k2Hz_1s 0916  
