

Microchip MPLAB XC8 Assembler V3.00 build 20241204225717 
                                                                                               Tue Nov 04 19:56:56 2025

Microchip MPLAB XC8 C Compiler v3.00 (Free license) build 20241204225717 Og1 
     1                           	processor	18F4550
     2                           	fnconf	rparam,??,?,0
     3                           	pagewidth 120
     4                           	opt	flic
     5                           	psect	cinit,global,reloc=2,class=CODE,space=0,delta=1
     6                           	psect	bssCOMRAM,global,class=COMRAM,space=1,delta=1,lowdata,noexec
     7                           	psect	cstackCOMRAM,global,class=COMRAM,space=1,delta=1,lowdata,noexec
     8                           	psect	text0,global,reloc=2,class=CODE,space=0,delta=1
     9                           	psect	intcode,global,reloc=2,class=CODE,space=0,delta=1
    10                           	psect	intcode_body,global,reloc=2,class=CODE,space=0,delta=1
    11                           	psect	smallconst,global,reloc=2,class=SMALLCONST,space=0,delta=1,noexec
    12                           	psect	intsave_regs,global,class=BIGRAM,space=1,delta=1,noexec
    13                           	psect	rparam,global,class=COMRAM,space=1,delta=1,noexec
    14                           	psect	temp,global,ovrld,common,class=COMRAM,space=1,delta=1,lowdata
    15                           	psect	idloc,global,abs,ovrld,class=IDLOC,space=5,delta=1,noexec
    16                           	psect	config,global,abs,ovrld,class=CONFIG,space=4,delta=1,noexec
    17   000000                     
    18                           ; Generated 05/12/2024 GMT
    19                           ; 
    20                           ; Copyright © 2024, Microchip Technology Inc. and its subsidiaries ("Microchip")
    21                           ; All rights reserved.
    22                           ; 
    23                           ; This software is developed by Microchip Technology Inc. and its subsidiaries ("Microch
      +                          ip").
    24                           ; 
    25                           ; Redistribution and use in source and binary forms, with or without modification, are
    26                           ; permitted provided that the following conditions are met:
    27                           ; 
    28                           ;     1. Redistributions of source code must retain the above copyright notice, this lis
      +                          t of
    29                           ;        conditions and the following disclaimer.
    30                           ; 
    31                           ;     2. Redistributions in binary form must reproduce the above copyright notice, this 
      +                          list
    32                           ;        of conditions and the following disclaimer in the documentation and/or other
    33                           ;        materials provided with the distribution. Publication is not required when
    34                           ;        this file is used in an embedded application.
    35                           ; 
    36                           ;     3. Microchip's name may not be used to endorse or promote products derived from th
      +                          is
    37                           ;        software without specific prior written permission.
    38                           ; 
    39                           ; THIS SOFTWARE IS PROVIDED BY MICROCHIP "AS IS" AND ANY EXPRESS OR IMPLIED WARRANTIES,
    40                           ; INCLUDING, BUT NOT LIMITED TO, THE IMPLIED WARRANTIES OF MERCHANTABILITY AND FITNESS F
      +                          OR
    41                           ; PURPOSE ARE DISCLAIMED.  IN NO EVENT SHALL MICROCHIP BE LIABLE FOR ANY DIRECT, INDIREC
      +                          T,
    42                           ; INCIDENTAL, SPECIAL, EXEMPLARY, OR CONSEQUENTIAL DAMAGES (INCLUDING BUT NOT LIMITED TO
    43                           ; PROCUREMENT OF SUBSTITUTE GOODS OR SERVICES; LOSS OF USE, DATA OR PROFITS; OR BUSINESS
    44                           ; INTERRUPTION) HOWSOEVER CAUSED AND ON ANY THEORY OF LIABILITY, WHETHER IN CONTRACT, ST
      +                          RICT
    45                           ; LIABILITY, OR TORT (INCLUDING NEGLIGENCE OR OTHERWISE) ARISING IN ANY WAY OUT OF THE U
      +                          SE OF
    46                           ; THIS SOFTWARE, EVEN IF ADVISED OF THE POSSIBILITY OF SUCH DAMAGE.
    47                           ; 
    48                           ; 
    49                           ; Code-generator required, PIC18F4550 Definitions
    50                           ; 
    51                           ; SFR Addresses
    52   000FE0                     bsr             equ	4064
    53   000FE9                     fsr0            equ	4073
    54   000FEA                     fsr0h           equ	4074
    55   000FE9                     fsr0l           equ	4073
    56   000FE1                     fsr1            equ	4065
    57   000FE2                     fsr1h           equ	4066
    58   000FE1                     fsr1l           equ	4065
    59   000FD9                     fsr2            equ	4057
    60   000FDA                     fsr2h           equ	4058
    61   000FD9                     fsr2l           equ	4057
    62   000FEF                     indf0           equ	4079
    63   000FE7                     indf1           equ	4071
    64   000FDF                     indf2           equ	4063
    65   000FF2                     intcon          equ	4082
    66   000000                     nvmcon          equ	0
    67   000FF9                     pcl             equ	4089
    68   000FFA                     pclath          equ	4090
    69   000FFB                     pclatu          equ	4091
    70   000FEB                     plusw0          equ	4075
    71   000FE3                     plusw1          equ	4067
    72   000FDB                     plusw2          equ	4059
    73   000FED                     postdec0        equ	4077
    74   000FE5                     postdec1        equ	4069
    75   000FDD                     postdec2        equ	4061
    76   000FEE                     postinc0        equ	4078
    77   000FE6                     postinc1        equ	4070
    78   000FDE                     postinc2        equ	4062
    79   000FEC                     preinc0         equ	4076
    80   000FE4                     preinc1         equ	4068
    81   000FDC                     preinc2         equ	4060
    82   000FF3                     prod            equ	4083
    83   000FF4                     prodh           equ	4084
    84   000FF3                     prodl           equ	4083
    85   000FD8                     status          equ	4056
    86   000FF5                     tablat          equ	4085
    87   000FF6                     tblptr          equ	4086
    88   000FF7                     tblptrh         equ	4087
    89   000FF6                     tblptrl         equ	4086
    90   000FF8                     tblptru         equ	4088
    91   000FFD                     tosl            equ	4093
    92   000FE8                     wreg            equ	4072
    93   000F62                     SPPDATA         equ	3938	;# 
    94   000F63                     SPPCFG          equ	3939	;# 
    95   000F64                     SPPEPS          equ	3940	;# 
    96   000F65                     SPPCON          equ	3941	;# 
    97   000F66                     UFRM            equ	3942	;# 
    98   000F66                     UFRML           equ	3942	;# 
    99   000F67                     UFRMH           equ	3943	;# 
   100   000F68                     UIR             equ	3944	;# 
   101   000F69                     UIE             equ	3945	;# 
   102   000F6A                     UEIR            equ	3946	;# 
   103   000F6B                     UEIE            equ	3947	;# 
   104   000F6C                     USTAT           equ	3948	;# 
   105   000F6D                     UCON            equ	3949	;# 
   106   000F6E                     UADDR           equ	3950	;# 
   107   000F6F                     UCFG            equ	3951	;# 
   108   000F70                     UEP0            equ	3952	;# 
   109   000F71                     UEP1            equ	3953	;# 
   110   000F72                     UEP2            equ	3954	;# 
   111   000F73                     UEP3            equ	3955	;# 
   112   000F74                     UEP4            equ	3956	;# 
   113   000F75                     UEP5            equ	3957	;# 
   114   000F76                     UEP6            equ	3958	;# 
   115   000F77                     UEP7            equ	3959	;# 
   116   000F78                     UEP8            equ	3960	;# 
   117   000F79                     UEP9            equ	3961	;# 
   118   000F7A                     UEP10           equ	3962	;# 
   119   000F7B                     UEP11           equ	3963	;# 
   120   000F7C                     UEP12           equ	3964	;# 
   121   000F7D                     UEP13           equ	3965	;# 
   122   000F7E                     UEP14           equ	3966	;# 
   123   000F7F                     UEP15           equ	3967	;# 
   124   000F80                     PORTA           equ	3968	;# 
   125   000F81                     PORTB           equ	3969	;# 
   126   000F82                     PORTC           equ	3970	;# 
   127   000F83                     PORTD           equ	3971	;# 
   128   000F84                     PORTE           equ	3972	;# 
   129   000F89                     LATA            equ	3977	;# 
   130   000F8A                     LATB            equ	3978	;# 
   131   000F8B                     LATC            equ	3979	;# 
   132   000F8C                     LATD            equ	3980	;# 
   133   000F8D                     LATE            equ	3981	;# 
   134   000F92                     TRISA           equ	3986	;# 
   135   000F92                     DDRA            equ	3986	;# 
   136   000F93                     TRISB           equ	3987	;# 
   137   000F93                     DDRB            equ	3987	;# 
   138   000F94                     TRISC           equ	3988	;# 
   139   000F94                     DDRC            equ	3988	;# 
   140   000F95                     TRISD           equ	3989	;# 
   141   000F95                     DDRD            equ	3989	;# 
   142   000F96                     TRISE           equ	3990	;# 
   143   000F96                     DDRE            equ	3990	;# 
   144   000F9B                     OSCTUNE         equ	3995	;# 
   145   000F9D                     PIE1            equ	3997	;# 
   146   000F9E                     PIR1            equ	3998	;# 
   147   000F9F                     IPR1            equ	3999	;# 
   148   000FA0                     PIE2            equ	4000	;# 
   149   000FA1                     PIR2            equ	4001	;# 
   150   000FA2                     IPR2            equ	4002	;# 
   151   000FA6                     EECON1          equ	4006	;# 
   152   000FA7                     EECON2          equ	4007	;# 
   153   000FA8                     EEDATA          equ	4008	;# 
   154   000FA9                     EEADR           equ	4009	;# 
   155   000FAB                     RCSTA           equ	4011	;# 
   156   000FAB                     RCSTA1          equ	4011	;# 
   157   000FAC                     TXSTA           equ	4012	;# 
   158   000FAC                     TXSTA1          equ	4012	;# 
   159   000FAD                     TXREG           equ	4013	;# 
   160   000FAD                     TXREG1          equ	4013	;# 
   161   000FAE                     RCREG           equ	4014	;# 
   162   000FAE                     RCREG1          equ	4014	;# 
   163   000FAF                     SPBRG           equ	4015	;# 
   164   000FAF                     SPBRG1          equ	4015	;# 
   165   000FB0                     SPBRGH          equ	4016	;# 
   166   000FB1                     T3CON           equ	4017	;# 
   167   000FB2                     TMR3            equ	4018	;# 
   168   000FB2                     TMR3L           equ	4018	;# 
   169   000FB3                     TMR3H           equ	4019	;# 
   170   000FB4                     CMCON           equ	4020	;# 
   171   000FB5                     CVRCON          equ	4021	;# 
   172   000FB6                     ECCP1AS         equ	4022	;# 
   173   000FB6                     CCP1AS          equ	4022	;# 
   174   000FB7                     ECCP1DEL        equ	4023	;# 
   175   000FB7                     CCP1DEL         equ	4023	;# 
   176   000FB8                     BAUDCON         equ	4024	;# 
   177   000FB8                     BAUDCTL         equ	4024	;# 
   178   000FBA                     CCP2CON         equ	4026	;# 
   179   000FBB                     CCPR2           equ	4027	;# 
   180   000FBB                     CCPR2L          equ	4027	;# 
   181   000FBC                     CCPR2H          equ	4028	;# 
   182   000FBD                     CCP1CON         equ	4029	;# 
   183   000FBD                     ECCP1CON        equ	4029	;# 
   184   000FBE                     CCPR1           equ	4030	;# 
   185   000FBE                     CCPR1L          equ	4030	;# 
   186   000FBF                     CCPR1H          equ	4031	;# 
   187   000FC0                     ADCON2          equ	4032	;# 
   188   000FC1                     ADCON1          equ	4033	;# 
   189   000FC2                     ADCON0          equ	4034	;# 
   190   000FC3                     ADRES           equ	4035	;# 
   191   000FC3                     ADRESL          equ	4035	;# 
   192   000FC4                     ADRESH          equ	4036	;# 
   193   000FC5                     SSPCON2         equ	4037	;# 
   194   000FC6                     SSPCON1         equ	4038	;# 
   195   000FC7                     SSPSTAT         equ	4039	;# 
   196   000FC8                     SSPADD          equ	4040	;# 
   197   000FC9                     SSPBUF          equ	4041	;# 
   198   000FCA                     T2CON           equ	4042	;# 
   199   000FCB                     PR2             equ	4043	;# 
   200   000FCB                     MEMCON          equ	4043	;# 
   201   000FCC                     TMR2            equ	4044	;# 
   202   000FCD                     T1CON           equ	4045	;# 
   203   000FCE                     TMR1            equ	4046	;# 
   204   000FCE                     TMR1L           equ	4046	;# 
   205   000FCF                     TMR1H           equ	4047	;# 
   206   000FD0                     RCON            equ	4048	;# 
   207   000FD1                     WDTCON          equ	4049	;# 
   208   000FD2                     HLVDCON         equ	4050	;# 
   209   000FD2                     LVDCON          equ	4050	;# 
   210   000FD3                     OSCCON          equ	4051	;# 
   211   000FD5                     T0CON           equ	4053	;# 
   212   000FD6                     TMR0            equ	4054	;# 
   213   000FD6                     TMR0L           equ	4054	;# 
   214   000FD7                     TMR0H           equ	4055	;# 
   215   000FD8                     STATUS          equ	4056	;# 
   216   000FD9                     FSR2            equ	4057	;# 
   217   000FD9                     FSR2L           equ	4057	;# 
   218   000FDA                     FSR2H           equ	4058	;# 
   219   000FDB                     PLUSW2          equ	4059	;# 
   220   000FDC                     PREINC2         equ	4060	;# 
   221   000FDD                     POSTDEC2        equ	4061	;# 
   222   000FDE                     POSTINC2        equ	4062	;# 
   223   000FDF                     INDF2           equ	4063	;# 
   224   000FE0                     BSR             equ	4064	;# 
   225   000FE1                     FSR1            equ	4065	;# 
   226   000FE1                     FSR1L           equ	4065	;# 
   227   000FE2                     FSR1H           equ	4066	;# 
   228   000FE3                     PLUSW1          equ	4067	;# 
   229   000FE4                     PREINC1         equ	4068	;# 
   230   000FE5                     POSTDEC1        equ	4069	;# 
   231   000FE6                     POSTINC1        equ	4070	;# 
   232   000FE7                     INDF1           equ	4071	;# 
   233   000FE8                     WREG            equ	4072	;# 
   234   000FE9                     FSR0            equ	4073	;# 
   235   000FE9                     FSR0L           equ	4073	;# 
   236   000FEA                     FSR0H           equ	4074	;# 
   237   000FEB                     PLUSW0          equ	4075	;# 
   238   000FEC                     PREINC0         equ	4076	;# 
   239   000FED                     POSTDEC0        equ	4077	;# 
   240   000FEE                     POSTINC0        equ	4078	;# 
   241   000FEF                     INDF0           equ	4079	;# 
   242   000FF0                     INTCON3         equ	4080	;# 
   243   000FF1                     INTCON2         equ	4081	;# 
   244   000FF2                     INTCON          equ	4082	;# 
   245   000FF3                     PROD            equ	4083	;# 
   246   000FF3                     PRODL           equ	4083	;# 
   247   000FF4                     PRODH           equ	4084	;# 
   248   000FF5                     TABLAT          equ	4085	;# 
   249   000FF6                     TBLPTR          equ	4086	;# 
   250   000FF6                     TBLPTRL         equ	4086	;# 
   251   000FF7                     TBLPTRH         equ	4087	;# 
   252   000FF8                     TBLPTRU         equ	4088	;# 
   253   000FF9                     PCLAT           equ	4089	;# 
   254   000FF9                     PC              equ	4089	;# 
   255   000FF9                     PCL             equ	4089	;# 
   256   000FFA                     PCLATH          equ	4090	;# 
   257   000FFB                     PCLATU          equ	4091	;# 
   258   000FFC                     STKPTR          equ	4092	;# 
   259   000FFD                     TOS             equ	4093	;# 
   260   000FFD                     TOSL            equ	4093	;# 
   261   000FFE                     TOSH            equ	4094	;# 
   262   000FFF                     TOSU            equ	4095	;# 
   263   000FB2                     _TMR3           set	4018
   264   000FF2                     _INTCONbits     set	4082
   265   000FD0                     _RCONbits       set	4048
   266   000FA0                     _PIE2bits       set	4000
   267   000FB1                     _T3CONbits      set	4017
   268   000F8C                     _LATD           set	3980
   269   000F95                     _TRISD          set	3989
   270   000FB4                     _CMCON          set	4020
   271   000FC1                     _ADCON1         set	4033
   272   000F8C                     _LATDbits       set	3980
   273   000FA1                     _PIR2bits       set	4001
   274                           
   275                           ; #config settings
   276                           
   277                           	psect	cinit
   278   0008B6                     __pcinit:
   279                           	callstack 0
   280   0008B6                     start_initialization:
   281                           	callstack 0
   282   0008B6                     __initialization:
   283                           	callstack 0
   284                           
   285                           ; Clear objects allocated to COMRAM (2 bytes)
   286   0008B6  6A02               	clrf	(__pbssCOMRAM+1)& (0+255),c
   287   0008B8  6A01               	clrf	__pbssCOMRAM& (0+255),c
   288   0008BA                     end_of_initialization:
   289                           	callstack 0
   290   0008BA                     __end_of__initialization:
   291                           	callstack 0
   292   0008BA  9004               	bcf	int$flags,0,c	;clear compiler interrupt flag (level 1)
   293   0008BC  9204               	bcf	int$flags,1,c	;clear compiler interrupt flag (level 2)
   294   0008BE  0100               	movlb	0
   295   0008C0  EF43  F004         	goto	_main	;jump to C main() function
   296                           
   297                           	psect	bssCOMRAM
   298   000001                     __pbssCOMRAM:
   299                           	callstack 0
   300   000001                     _cnt_10Hz:
   301                           	callstack 0
   302   000001                     	ds	1
   303   000002                     _cnt_1Hz:
   304                           	callstack 0
   305   000002                     	ds	1
   306                           
   307                           	psect	cstackCOMRAM
   308   000003                     __pcstackCOMRAM:
   309                           	callstack 0
   310   000003                     ??_high_isr:
   311                           
   312                           ; 1 bytes @ 0x0
   313   000003                     	ds	1
   314   000004                     
   315                           ; 1 bytes @ 0x1
   316 ;;
   317 ;;Main: autosize = 0, tempsize = 0, incstack = 0, save=0
   318 ;;
   319 ;; *************** function _main *****************
   320 ;; Defined at:
   321 ;;		line 109 in file "../../src/main2.c"
   322 ;; Parameters:    Size  Location     Type
   323 ;;		None
   324 ;; Auto vars:     Size  Location     Type
   325 ;;		None
   326 ;; Return value:  Size  Location     Type
   327 ;;                  1    wreg      void 
   328 ;; Registers used:
   329 ;;		wreg, status,2
   330 ;; Tracked objects:
   331 ;;		On entry : 0/0
   332 ;;		On exit  : 0/0
   333 ;;		Unchanged: 0/0
   334 ;; Data sizes:     COMRAM   BANK0   BANK1   BANK2   BANK3   BANK4   BANK5   BANK6   BANK7
   335 ;;      Params:         0       0       0       0       0       0       0       0       0
   336 ;;      Locals:         0       0       0       0       0       0       0       0       0
   337 ;;      Temps:          0       0       0       0       0       0       0       0       0
   338 ;;      Totals:         0       0       0       0       0       0       0       0       0
   339 ;;Total ram usage:        0 bytes
   340 ;; Hardware stack levels required when called: 1
   341 ;; This function calls:
   342 ;;		Nothing
   343 ;; This function is called by:
   344 ;;		Startup code after reset
   345 ;; This function uses a non-reentrant model
   346 ;;
   347                           
   348                           	psect	text0
   349   000886                     __ptext0:
   350                           	callstack 0
   351   000886                     _main:
   352                           	callstack 30
   353   000886                     
   354                           ;../../src/main2.c: 111:     ADCON1 = 0x0F;
   355   000886  0E0F               	movlw	15
   356   000888  6EC1               	movwf	193,c	;volatile
   357                           
   358                           ;../../src/main2.c: 112:     CMCON = 0x07;
   359   00088A  0E07               	movlw	7
   360   00088C  6EB4               	movwf	180,c	;volatile
   361   00088E                     
   362                           ;../../src/main2.c: 114:     TRISD = 0x00;
   363   00088E  6A95               	clrf	149,c	;volatile
   364   000890                     
   365                           ;../../src/main2.c: 115:     LATD = 0x00;
   366   000890  6A8C               	clrf	140,c	;volatile
   367   000892                     
   368                           ;../../src/main2.c: 118:     T3CONbits.TMR3CS = 0;
   369   000892  92B1               	bcf	177,1,c	;volatile
   370                           
   371                           ;../../src/main2.c: 119:     T3CONbits.T3CKPS = 0b11;
   372   000894  0E30               	movlw	48
   373   000896  12B1               	iorwf	177,f,c	;volatile
   374   000898                     
   375                           ;../../src/main2.c: 120:     T3CONbits.RD16 = 1;
   376   000898  8EB1               	bsf	177,7,c	;volatile
   377                           
   378                           ;../../src/main2.c: 121:     TMR3 = (65536 - 58036);
   379   00089A  0E1D               	movlw	29
   380   00089C  6EB3               	movwf	179,c	;volatile
   381   00089E  0E4C               	movlw	76
   382   0008A0  6EB2               	movwf	178,c	;volatile
   383   0008A2                     
   384                           ;../../src/main2.c: 123:     PIR2bits.TMR3IF = 0;
   385   0008A2  92A1               	bcf	161,1,c	;volatile
   386   0008A4                     
   387                           ;../../src/main2.c: 124:     PIE2bits.TMR3IE = 1;
   388   0008A4  82A0               	bsf	160,1,c	;volatile
   389   0008A6                     
   390                           ;../../src/main2.c: 127:     RCONbits.IPEN = 1;
   391   0008A6  8ED0               	bsf	208,7,c	;volatile
   392   0008A8                     
   393                           ;../../src/main2.c: 128:     INTCONbits.GIEH = 1;
   394   0008A8  8EF2               	bsf	242,7,c	;volatile
   395   0008AA                     
   396                           ;../../src/main2.c: 129:     INTCONbits.GIEL = 1;
   397   0008AA  8CF2               	bsf	242,6,c	;volatile
   398   0008AC                     
   399                           ;../../src/main2.c: 132:     T3CONbits.TMR3ON = 1;
   400   0008AC  80B1               	bsf	177,0,c	;volatile
   401   0008AE                     l39:
   402   0008AE  EF57  F004         	goto	l39
   403   0008B2  EF07  F000         	goto	start
   404   0008B6                     __end_of_main:
   405                           	callstack 0
   406                           
   407 ;; *************** function _high_isr *****************
   408 ;; Defined at:
   409 ;;		line 84 in file "../../src/main2.c"
   410 ;; Parameters:    Size  Location     Type
   411 ;;		None
   412 ;; Auto vars:     Size  Location     Type
   413 ;;		None
   414 ;; Return value:  Size  Location     Type
   415 ;;                  1    wreg      void 
   416 ;; Registers used:
   417 ;;		wreg, status,2, status,0
   418 ;; Tracked objects:
   419 ;;		On entry : 0/0
   420 ;;		On exit  : 0/0
   421 ;;		Unchanged: 0/0
   422 ;; Data sizes:     COMRAM   BANK0   BANK1   BANK2   BANK3   BANK4   BANK5   BANK6   BANK7
   423 ;;      Params:         0       0       0       0       0       0       0       0       0
   424 ;;      Locals:         0       0       0       0       0       0       0       0       0
   425 ;;      Temps:          1       0       0       0       0       0       0       0       0
   426 ;;      Totals:         1       0       0       0       0       0       0       0       0
   427 ;;Total ram usage:        1 bytes
   428 ;; Hardware stack levels used: 1
   429 ;; This function calls:
   430 ;;		Nothing
   431 ;; This function is called by:
   432 ;;		Interrupt level 2
   433 ;; This function uses a non-reentrant model
   434 ;;
   435                           
   436                           	psect	intcode
   437   000008                     __pintcode:
   438                           	callstack 0
   439   000008                     _high_isr:
   440                           	callstack 30
   441                           
   442                           ;incstack = 0
   443   000008  8204               	bsf	int$flags,1,c	;set compiler interrupt flag (level 2)
   444   00000A  ED01  F004         	call	int_func,f	;refresh shadow registers
   445                           
   446                           	psect	intcode_body
   447   000802                     __pintcode_body:
   448                           	callstack 30
   449   000802                     int_func:
   450                           	callstack 30
   451   000802  0006               	pop		; remove dummy address from shadow register refresh
   452   000804                     
   453                           ;../../src/main2.c: 86:     if (PIR2bits.TMR3IF)
   454   000804  A2A1               	btfss	161,1,c	;volatile
   455   000806  EF07  F004         	goto	i2u1_41
   456   00080A  EF09  F004         	goto	i2u1_40
   457   00080E                     i2u1_41:
   458   00080E  EF41  F004         	goto	i2l34
   459   000812                     i2u1_40:
   460   000812                     
   461                           ;../../src/main2.c: 87:     {;../../src/main2.c: 88:         PIR2bits.TMR3IF = 0;
   462   000812  92A1               	bcf	161,1,c	;volatile
   463   000814                     
   464                           ;../../src/main2.c: 89:         TMR3 = (65536 - 58036);
   465   000814  0E1D               	movlw	29
   466   000816  6EB3               	movwf	179,c	;volatile
   467   000818  0E4C               	movlw	76
   468   00081A  6EB2               	movwf	178,c	;volatile
   469   00081C                     
   470                           ;../../src/main2.c: 92:         cnt_1Hz++;
   471   00081C  2A02               	incf	_cnt_1Hz^0,f,c	;volatile
   472   00081E                     
   473                           ;../../src/main2.c: 93:         if (cnt_1Hz >= 100)
   474   00081E  0E63               	movlw	99
   475   000820  6402               	cpfsgt	_cnt_1Hz^0,c	;volatile
   476   000822  EF15  F004         	goto	i2u2_41
   477   000826  EF17  F004         	goto	i2u2_40
   478   00082A                     i2u2_41:
   479   00082A  EF28  F004         	goto	i2l732
   480   00082E                     i2u2_40:
   481   00082E                     
   482                           ;../../src/main2.c: 94:         {;../../src/main2.c: 95:             cnt_1Hz = 0;
   483   00082E  6A02               	clrf	_cnt_1Hz^0,c	;volatile
   484   000830                     
   485                           ;../../src/main2.c: 96:             LATDbits.LATD1 = !LATDbits.LATD1;
   486   000830  A28C               	btfss	140,1,c	;volatile
   487   000832  EF1D  F004         	goto	i2u3_41
   488   000836  EF21  F004         	goto	i2u3_40
   489   00083A                     i2u3_41:
   490   00083A  6A03               	clrf	??_high_isr^0,c
   491   00083C  2A03               	incf	??_high_isr^0,f,c
   492   00083E  EF22  F004         	goto	i2u4_48
   493   000842                     i2u3_40:
   494   000842  6A03               	clrf	??_high_isr^0,c
   495   000844                     i2u4_48:
   496   000844  4603               	rlncf	??_high_isr^0,f,c
   497   000846  508C               	movf	140,w,c	;volatile
   498   000848  1803               	xorwf	??_high_isr^0,w,c
   499   00084A  0BFD               	andlw	-3
   500   00084C  1803               	xorwf	??_high_isr^0,w,c
   501   00084E  6E8C               	movwf	140,c	;volatile
   502   000850                     i2l732:
   503                           
   504                           ;../../src/main2.c: 100:         cnt_10Hz++;
   505   000850  2A01               	incf	_cnt_10Hz^0,f,c	;volatile
   506   000852                     
   507                           ;../../src/main2.c: 101:         if (cnt_10Hz >= 10)
   508   000852  0E09               	movlw	9
   509   000854  6401               	cpfsgt	_cnt_10Hz^0,c	;volatile
   510   000856  EF2F  F004         	goto	i2u5_41
   511   00085A  EF31  F004         	goto	i2u5_40
   512   00085E                     i2u5_41:
   513   00085E  EF41  F004         	goto	i2l34
   514   000862                     i2u5_40:
   515   000862                     
   516                           ;../../src/main2.c: 102:         {;../../src/main2.c: 103:             cnt_10Hz = 0;
   517   000862  6A01               	clrf	_cnt_10Hz^0,c	;volatile
   518   000864                     
   519                           ;../../src/main2.c: 104:             LATDbits.LATD0 = !LATDbits.LATD0;
   520   000864  A08C               	btfss	140,0,c	;volatile
   521   000866  EF37  F004         	goto	i2u6_41
   522   00086A  EF3B  F004         	goto	i2u6_40
   523   00086E                     i2u6_41:
   524   00086E  6A03               	clrf	??_high_isr^0,c
   525   000870  2A03               	incf	??_high_isr^0,f,c
   526   000872  EF3C  F004         	goto	i2u7_48
   527   000876                     i2u6_40:
   528   000876  6A03               	clrf	??_high_isr^0,c
   529   000878                     i2u7_48:
   530   000878  508C               	movf	140,w,c	;volatile
   531   00087A  1803               	xorwf	??_high_isr^0,w,c
   532   00087C  0BFE               	andlw	-2
   533   00087E  1803               	xorwf	??_high_isr^0,w,c
   534   000880  6E8C               	movwf	140,c	;volatile
   535   000882                     i2l34:
   536   000882  9204               	bcf	int$flags,1,c	;clear compiler interrupt flag (level 2)
   537   000884  0011               	retfie		f
   538   000886                     __end_of_high_isr:
   539                           	callstack 0
   540                           
   541                           	psect	smallconst
   542   000800                     __psmallconst:
   543                           	callstack 0
   544   000800  00                 	db	0
   545   000801  00                 	db	0	; dummy byte at the end
   546   000800                     __smallconst    set	__psmallconst
   547   000800                     __mediumconst   set	__psmallconst
   548   000000                     __activetblptr  equ	0
   549                           
   550                           	psect	rparam
   551   000001                     ___rparam_used  equ	1
   552   000000                     ___param_bank   equ	0
   553   000000                     __Lparam        equ	__Lrparam
   554   000000                     __Hparam        equ	__Hrparam
   555                           
   556                           	psect	temp
   557   000004                     btemp:
   558                           	callstack 0
   559   000004                     	ds	1
   560   000004                     int$flags       set	btemp
   561   000005                     wtemp8          set	btemp+1
   562   000005                     ttemp5          set	btemp+1
   563   000008                     ttemp6          set	btemp+4
   564   00000C                     ttemp7          set	btemp+8
   565                           
   566                           	psect	idloc
   567                           
   568                           ;Config register IDLOC0 @ 0x200000
   569                           ;	unspecified, using default values
   570   200000                     	org	2097152
   571   200000  FF                 	db	255
   572                           
   573                           ;Config register IDLOC1 @ 0x200001
   574                           ;	unspecified, using default values
   575   200001                     	org	2097153
   576   200001  FF                 	db	255
   577                           
   578                           ;Config register IDLOC2 @ 0x200002
   579                           ;	unspecified, using default values
   580   200002                     	org	2097154
   581   200002  FF                 	db	255
   582                           
   583                           ;Config register IDLOC3 @ 0x200003
   584                           ;	unspecified, using default values
   585   200003                     	org	2097155
   586   200003  FF                 	db	255
   587                           
   588                           ;Config register IDLOC4 @ 0x200004
   589                           ;	unspecified, using default values
   590   200004                     	org	2097156
   591   200004  FF                 	db	255
   592                           
   593                           ;Config register IDLOC5 @ 0x200005
   594                           ;	unspecified, using default values
   595   200005                     	org	2097157
   596   200005  FF                 	db	255
   597                           
   598                           ;Config register IDLOC6 @ 0x200006
   599                           ;	unspecified, using default values
   600   200006                     	org	2097158
   601   200006  FF                 	db	255
   602                           
   603                           ;Config register IDLOC7 @ 0x200007
   604                           ;	unspecified, using default values
   605   200007                     	org	2097159
   606   200007  FF                 	db	255
   607                           
   608                           	psect	config
   609                           
   610                           ;Config register CONFIG1L @ 0x300000
   611                           ;	PLL Prescaler Selection bits
   612                           ;	PLLDIV = 5, Divide by 5 (20 MHz oscillator input)
   613                           ;	System Clock Postscaler Selection bits
   614                           ;	CPUDIV = OSC1_PLL2, [Primary Oscillator Src: /1][96 MHz PLL Src: /2]
   615                           ;	USB Clock Selection bit (used in Full-Speed USB mode only; UCFG:FSEN = 1)
   616                           ;	USBDIV = 2, USB clock source comes from the 96 MHz PLL divided by 2
   617   300000                     	org	3145728
   618   300000  24                 	db	36
   619                           
   620                           ;Config register CONFIG1H @ 0x300001
   621                           ;	Oscillator Selection bits
   622                           ;	FOSC = HSPLL_HS, HS oscillator, PLL enabled (HSPLL)
   623                           ;	Fail-Safe Clock Monitor Enable bit
   624                           ;	FCMEN = 0x0, unprogrammed default
   625                           ;	Internal/External Oscillator Switchover bit
   626                           ;	IESO = 0x0, unprogrammed default
   627   300001                     	org	3145729
   628   300001  0E                 	db	14
   629                           
   630                           ;Config register CONFIG2L @ 0x300002
   631                           ;	Power-up Timer Enable bit
   632                           ;	PWRT = ON, PWRT enabled
   633                           ;	Brown-out Reset Enable bits
   634                           ;	BOR = ON, Brown-out Reset enabled in hardware only (SBOREN is disabled)
   635                           ;	Brown-out Reset Voltage bits
   636                           ;	BORV = 3, Minimum setting 2.05V
   637                           ;	USB Voltage Regulator Enable bit
   638                           ;	VREGEN = ON, USB voltage regulator enabled
   639   300002                     	org	3145730
   640   300002  3E                 	db	62
   641                           
   642                           ;Config register CONFIG2H @ 0x300003
   643                           ;	Watchdog Timer Enable bit
   644                           ;	WDT = OFF, WDT disabled (control is placed on the SWDTEN bit)
   645                           ;	Watchdog Timer Postscale Select bits
   646                           ;	WDTPS = 0xF, unprogrammed default
   647   300003                     	org	3145731
   648   300003  1E                 	db	30
   649                           
   650                           ; Padding undefined space
   651   300004                     	org	3145732
   652   300004  FF                 	db	255
   653                           
   654                           ;Config register CONFIG3H @ 0x300005
   655                           ;	CCP2 MUX bit
   656                           ;	CCP2MX = 0x1, unprogrammed default
   657                           ;	PORTB A/D Enable bit
   658                           ;	PBADEN = OFF, PORTB<4:0> pins are configured as digital I/O on Reset
   659                           ;	Low-Power Timer 1 Oscillator Enable bit
   660                           ;	LPT1OSC = OFF, Timer1 configured for higher power operation
   661                           ;	MCLR Pin Enable bit
   662                           ;	MCLRE = ON, MCLR pin enabled; RE3 input pin disabled
   663   300005                     	org	3145733
   664   300005  81                 	db	129
   665                           
   666                           ;Config register CONFIG4L @ 0x300006
   667                           ;	Stack Full/Underflow Reset Enable bit
   668                           ;	STVREN = ON, Stack full/underflow will cause Reset
   669                           ;	Single-Supply ICSP Enable bit
   670                           ;	LVP = OFF, Single-Supply ICSP disabled
   671                           ;	Dedicated In-Circuit Debug/Programming Port (ICPORT) Enable bit
   672                           ;	ICPRT = OFF, ICPORT disabled
   673                           ;	Extended Instruction Set Enable bit
   674                           ;	XINST = OFF, Instruction set extension and Indexed Addressing mode disabled (Legacy mo
      +                          de)
   675                           ;	Background Debugger Enable bit
   676                           ;	DEBUG = OFF, Background debugger disabled, RB6 and RB7 configured as general purpose I
      +                          /O pins
   677   300006                     	org	3145734
   678   300006  81                 	db	129
   679                           
   680                           ; Padding undefined space
   681   300007                     	org	3145735
   682   300007  FF                 	db	255
   683                           
   684                           ;Config register CONFIG5L @ 0x300008
   685                           ;	unspecified, using default values
   686                           ;	Code Protection bit
   687                           ;	CP0 = 0x1, unprogrammed default
   688                           ;	Code Protection bit
   689                           ;	CP1 = 0x1, unprogrammed default
   690                           ;	Code Protection bit
   691                           ;	CP2 = 0x1, unprogrammed default
   692                           ;	Code Protection bit
   693                           ;	CP3 = 0x1, unprogrammed default
   694   300008                     	org	3145736
   695   300008  0F                 	db	15
   696                           
   697                           ;Config register CONFIG5H @ 0x300009
   698                           ;	unspecified, using default values
   699                           ;	Boot Block Code Protection bit
   700                           ;	CPB = 0x1, unprogrammed default
   701                           ;	Data EEPROM Code Protection bit
   702                           ;	CPD = 0x1, unprogrammed default
   703   300009                     	org	3145737
   704   300009  C0                 	db	192
   705                           
   706                           ;Config register CONFIG6L @ 0x30000A
   707                           ;	unspecified, using default values
   708                           ;	Write Protection bit
   709                           ;	WRT0 = 0x1, unprogrammed default
   710                           ;	Write Protection bit
   711                           ;	WRT1 = 0x1, unprogrammed default
   712                           ;	Write Protection bit
   713                           ;	WRT2 = 0x1, unprogrammed default
   714                           ;	Write Protection bit
   715                           ;	WRT3 = 0x1, unprogrammed default
   716   30000A                     	org	3145738
   717   30000A  0F                 	db	15
   718                           
   719                           ;Config register CONFIG6H @ 0x30000B
   720                           ;	unspecified, using default values
   721                           ;	Configuration Register Write Protection bit
   722                           ;	WRTC = 0x1, unprogrammed default
   723                           ;	Boot Block Write Protection bit
   724                           ;	WRTB = 0x1, unprogrammed default
   725                           ;	Data EEPROM Write Protection bit
   726                           ;	WRTD = 0x1, unprogrammed default
   727   30000B                     	org	3145739
   728   30000B  E0                 	db	224
   729                           
   730                           ;Config register CONFIG7L @ 0x30000C
   731                           ;	unspecified, using default values
   732                           ;	Table Read Protection bit
   733                           ;	EBTR0 = 0x1, unprogrammed default
   734                           ;	Table Read Protection bit
   735                           ;	EBTR1 = 0x1, unprogrammed default
   736                           ;	Table Read Protection bit
   737                           ;	EBTR2 = 0x1, unprogrammed default
   738                           ;	Table Read Protection bit
   739                           ;	EBTR3 = 0x1, unprogrammed default
   740   30000C                     	org	3145740
   741   30000C  0F                 	db	15
   742                           
   743                           ;Config register CONFIG7H @ 0x30000D
   744                           ;	unspecified, using default values
   745                           ;	Boot Block Table Read Protection bit
   746                           ;	EBTRB = 0x1, unprogrammed default
   747   30000D                     	org	3145741
   748   30000D  40                 	db	64
   749                           tosu	equ	0xFFF
   750                           tosh	equ	0xFFE
   751                           tosl	equ	0xFFD
   752                           stkptr	equ	0xFFC
   753                           pclatu	equ	0xFFB
   754                           pclath	equ	0xFFA
   755                           pcl	equ	0xFF9
   756                           tblptru	equ	0xFF8
   757                           tblptrh	equ	0xFF7
   758                           tblptrl	equ	0xFF6
   759                           tablat	equ	0xFF5
   760                           prodh	equ	0xFF4
   761                           prodl	equ	0xFF3
   762                           indf0	equ	0xFEF
   763                           postinc0	equ	0xFEE
   764                           postdec0	equ	0xFED
   765                           preinc0	equ	0xFEC
   766                           plusw0	equ	0xFEB
   767                           fsr0h	equ	0xFEA
   768                           fsr0l	equ	0xFE9
   769                           wreg	equ	0xFE8
   770                           indf1	equ	0xFE7
   771                           postinc1	equ	0xFE6
   772                           postdec1	equ	0xFE5
   773                           preinc1	equ	0xFE4
   774                           plusw1	equ	0xFE3
   775                           fsr1h	equ	0xFE2
   776                           fsr1l	equ	0xFE1
   777                           bsr	equ	0xFE0
   778                           indf2	equ	0xFDF
   779                           postinc2	equ	0xFDE
   780                           postdec2	equ	0xFDD
   781                           preinc2	equ	0xFDC
   782                           plusw2	equ	0xFDB
   783                           fsr2h	equ	0xFDA
   784                           fsr2l	equ	0xFD9
   785                           status	equ	0xFD8

Data Sizes:
    Strings     0
    Constant    0
    Data        0
    BSS         2
    Persistent  0
    Stack       0

Auto Spaces:
    Space          Size  Autos    Used
    COMRAM           94      1       3
    BANK0           160      0       0
    BANK1           256      0       0
    BANK2           256      0       0
    BANK3           256      0       0
    BANK4           256      0       0
    BANK5           256      0       0
    BANK6           256      0       0
    BANK7           256      0       0

Pointer List with Targets:

    None.

Critical Paths under _main in COMRAM

    None.

Critical Paths under _high_isr in COMRAM

    None.

Critical Paths under _main in BANK0

    None.

Critical Paths under _high_isr in BANK0

    None.

Critical Paths under _main in BANK1

    None.

Critical Paths under _high_isr in BANK1

    None.

Critical Paths under _main in BANK2

    None.

Critical Paths under _high_isr in BANK2

    None.

Critical Paths under _main in BANK3

    None.

Critical Paths under _high_isr in BANK3

    None.

Critical Paths under _main in BANK4

    None.

Critical Paths under _high_isr in BANK4

    None.

Critical Paths under _main in BANK5

    None.

Critical Paths under _high_isr in BANK5

    None.

Critical Paths under _main in BANK6

    None.

Critical Paths under _high_isr in BANK6

    None.

Critical Paths under _main in BANK7

    None.

Critical Paths under _high_isr in BANK7

    None.

Call Graph Tables:

 ---------------------------------------------------------------------------------
 (Depth) Function   	        Calls       Base Space   Used Autos Params    Refs
 ---------------------------------------------------------------------------------
 (0) _main                                                 0     0      0       0
 ---------------------------------------------------------------------------------
 Estimated maximum stack depth 0
 ---------------------------------------------------------------------------------
 (Depth) Function   	        Calls       Base Space   Used Autos Params    Refs
 ---------------------------------------------------------------------------------
 (1) _high_isr                                             1     1      0       0
                                              0 COMRAM     1     1      0
 ---------------------------------------------------------------------------------
 Estimated maximum stack depth 1
 ---------------------------------------------------------------------------------

 Call Graph Graphs:

 _main (ROOT)

 _high_isr (ROOT)

Address spaces:
Name               Size   Autos  Total    Usage
BIGRAM            2047      0       0      0.0%
BITBANK7           256      0       0      0.0%
BANK7              256      0       0      0.0%
BITBANK6           256      0       0      0.0%
BANK6              256      0       0      0.0%
BITBANK5           256      0       0      0.0%
BANK5              256      0       0      0.0%
BITBANK4           256      0       0      0.0%
BANK4              256      0       0      0.0%
BITBANK3           256      0       0      0.0%
BANK3              256      0       0      0.0%
BITBANK2           256      0       0      0.0%
BANK2              256      0       0      0.0%
BITBANK1           256      0       0      0.0%
BANK1              256      0       0      0.0%
BITBANK0           160      0       0      0.0%
BANK0              160      0       0      0.0%
BITBIGSFRh          94      0       0      0.0%
BITCOMRAM           94      0       0      0.0%
COMRAM              94      1       3      3.2%
BITBIGSFRll         44      0       0      0.0%
BITBIGSFRlh         20      0       0      0.0%
STACK                0      0       0      0.0%
DATA                 0      0       3      0.0%


Microchip Technology PIC18 Macro Assembler V3.00 build 20241204225717 
Symbol Table                                                                                   Tue Nov 04 19:56:56 2025

                     l40 08AE                       l39 08AE                      l740 0886  
                    l750 08A2                      l742 088E                      l760 08AC  
                    l752 08A4                      l744 0890                      l754 08A6  
                    l746 0892                      l756 08A8                      l748 0898  
                    l758 08AA                     _LATD 0F8C                     i2l34 0882  
                   _TMR3 0FB2                     _main 0886                     btemp 0004  
                   start 000E             ___param_bank 0000                    ?_main 0003  
                  _CMCON 0FB4                    i2l720 0812                    i2l730 0830  
                  i2l722 0814                    i2l732 0850                    i2l724 081C  
                  i2l734 0852                    i2l726 081E                    i2l718 0804  
                  i2l736 0862                    i2l728 082E                    i2l738 0864  
                  _TRISD 0F95                    ttemp5 0005                    ttemp6 0008  
                  ttemp7 000C                    wtemp8 0005          __initialization 08B6  
           __end_of_main 08B6                   ??_main 0004            __activetblptr 0000  
                 _ADCON1 0FC1                   i2u1_40 0812                   i2u1_41 080E  
                 i2u2_40 082E                   i2u2_41 082A                   i2u3_40 0842  
                 i2u3_41 083A                   i2u5_40 0862                   i2u4_48 0844  
                 i2u5_41 085E                   i2u6_40 0876                   i2u6_41 086E  
                 i2u7_48 0878         __end_of_high_isr 0886                   isa$std 0001  
           __mediumconst 0800               __accesstop 0060  __end_of__initialization 08BA  
          ___rparam_used 0001           __pcstackCOMRAM 0003                ?_high_isr 0003  
                __Hparam 0000                  __Lparam 0000             __psmallconst 0800  
                __pcinit 08B6                  _cnt_1Hz 0002                  __ramtop 0800  
                __ptext0 0886                _T3CONbits 0FB1               ??_high_isr 0003  
         __pintcode_body 0802     end_of_initialization 08BA                  int_func 0802  
    start_initialization 08B6              __pbssCOMRAM 0001                __pintcode 0008  
            __smallconst 0800                 _LATDbits 0F8C                 _PIE2bits 0FA0  
               _PIR2bits 0FA1                 _RCONbits 0FD0                 __Hrparam 0000  
               __Lrparam 0000                 _cnt_10Hz 0001                 _high_isr 0008  
               isa$xinst 0000                 int$flags 0004               _INTCONbits 0FF2  
               intlevel2 0000  
