

Microchip MPLAB XC8 Assembler V3.00 build 20241204225717 
                                                                                               Thu Oct 30 16:00:37 2025

Microchip MPLAB XC8 C Compiler v3.00 (Free license) build 20241204225717 Og1 
     1                           	processor	18F4550
     2                           	fnconf	rparam,??,?,0
     3                           	pagewidth 120
     4                           	opt	flic
     5                           	psect	smallconst,global,reloc=2,class=SMALLCONST,space=0,delta=1,noexec
     6                           	psect	cinit,global,reloc=2,class=CODE,space=0,delta=1
     7                           	psect	cstackCOMRAM,global,class=COMRAM,space=1,delta=1,lowdata,noexec
     8                           	psect	text0,global,reloc=2,class=CODE,space=0,delta=1
     9                           	psect	text1,global,reloc=2,class=CODE,space=0,delta=1
    10                           	psect	text2,global,reloc=2,class=CODE,space=0,delta=1,group=1
    11                           	psect	text3,global,reloc=2,class=CODE,space=0,delta=1,group=1
    12                           	psect	text4,global,reloc=2,class=CODE,space=0,delta=1
    13                           	psect	intsave_regs,global,class=BIGRAM,space=1,delta=1,noexec
    14                           	psect	rparam,global,class=COMRAM,space=1,delta=1,noexec
    15                           	psect	idloc,global,abs,ovrld,class=IDLOC,space=5,delta=1,noexec
    16                           	psect	config,global,abs,ovrld,class=CONFIG,space=4,delta=1,noexec
    17   000000                     
    18                           ; Generated 05/12/2024 GMT
    19                           ; 
    20                           ; Copyright © 2024, Microchip Technology Inc. and its subsidiaries ("Microchip")
    21                           ; All rights reserved.
    22                           ; 
    23                           ; This software is developed by Microchip Technology Inc. and its subsidiaries ("Microch
      +                          ip").
    24                           ; 
    25                           ; Redistribution and use in source and binary forms, with or without modification, are
    26                           ; permitted provided that the following conditions are met:
    27                           ; 
    28                           ;     1. Redistributions of source code must retain the above copyright notice, this lis
      +                          t of
    29                           ;        conditions and the following disclaimer.
    30                           ; 
    31                           ;     2. Redistributions in binary form must reproduce the above copyright notice, this 
      +                          list
    32                           ;        of conditions and the following disclaimer in the documentation and/or other
    33                           ;        materials provided with the distribution. Publication is not required when
    34                           ;        this file is used in an embedded application.
    35                           ; 
    36                           ;     3. Microchip's name may not be used to endorse or promote products derived from th
      +                          is
    37                           ;        software without specific prior written permission.
    38                           ; 
    39                           ; THIS SOFTWARE IS PROVIDED BY MICROCHIP "AS IS" AND ANY EXPRESS OR IMPLIED WARRANTIES,
    40                           ; INCLUDING, BUT NOT LIMITED TO, THE IMPLIED WARRANTIES OF MERCHANTABILITY AND FITNESS F
      +                          OR
    41                           ; PURPOSE ARE DISCLAIMED.  IN NO EVENT SHALL MICROCHIP BE LIABLE FOR ANY DIRECT, INDIREC
      +                          T,
    42                           ; INCIDENTAL, SPECIAL, EXEMPLARY, OR CONSEQUENTIAL DAMAGES (INCLUDING BUT NOT LIMITED TO
    43                           ; PROCUREMENT OF SUBSTITUTE GOODS OR SERVICES; LOSS OF USE, DATA OR PROFITS; OR BUSINESS
    44                           ; INTERRUPTION) HOWSOEVER CAUSED AND ON ANY THEORY OF LIABILITY, WHETHER IN CONTRACT, ST
      +                          RICT
    45                           ; LIABILITY, OR TORT (INCLUDING NEGLIGENCE OR OTHERWISE) ARISING IN ANY WAY OUT OF THE U
      +                          SE OF
    46                           ; THIS SOFTWARE, EVEN IF ADVISED OF THE POSSIBILITY OF SUCH DAMAGE.
    47                           ; 
    48                           ; 
    49                           ; Code-generator required, PIC18F4550 Definitions
    50                           ; 
    51                           ; SFR Addresses
    52   000FE0                     bsr             equ	4064
    53   000FE9                     fsr0            equ	4073
    54   000FEA                     fsr0h           equ	4074
    55   000FE9                     fsr0l           equ	4073
    56   000FE1                     fsr1            equ	4065
    57   000FE2                     fsr1h           equ	4066
    58   000FE1                     fsr1l           equ	4065
    59   000FD9                     fsr2            equ	4057
    60   000FDA                     fsr2h           equ	4058
    61   000FD9                     fsr2l           equ	4057
    62   000FEF                     indf0           equ	4079
    63   000FE7                     indf1           equ	4071
    64   000FDF                     indf2           equ	4063
    65   000FF2                     intcon          equ	4082
    66   000000                     nvmcon          equ	0
    67   000FF9                     pcl             equ	4089
    68   000FFA                     pclath          equ	4090
    69   000FFB                     pclatu          equ	4091
    70   000FEB                     plusw0          equ	4075
    71   000FE3                     plusw1          equ	4067
    72   000FDB                     plusw2          equ	4059
    73   000FED                     postdec0        equ	4077
    74   000FE5                     postdec1        equ	4069
    75   000FDD                     postdec2        equ	4061
    76   000FEE                     postinc0        equ	4078
    77   000FE6                     postinc1        equ	4070
    78   000FDE                     postinc2        equ	4062
    79   000FEC                     preinc0         equ	4076
    80   000FE4                     preinc1         equ	4068
    81   000FDC                     preinc2         equ	4060
    82   000FF3                     prod            equ	4083
    83   000FF4                     prodh           equ	4084
    84   000FF3                     prodl           equ	4083
    85   000FD8                     status          equ	4056
    86   000FF5                     tablat          equ	4085
    87   000FF6                     tblptr          equ	4086
    88   000FF7                     tblptrh         equ	4087
    89   000FF6                     tblptrl         equ	4086
    90   000FF8                     tblptru         equ	4088
    91   000FFD                     tosl            equ	4093
    92   000FE8                     wreg            equ	4072
    93   000F62                     SPPDATA         equ	3938	;# 
    94   000F63                     SPPCFG          equ	3939	;# 
    95   000F64                     SPPEPS          equ	3940	;# 
    96   000F65                     SPPCON          equ	3941	;# 
    97   000F66                     UFRM            equ	3942	;# 
    98   000F66                     UFRML           equ	3942	;# 
    99   000F67                     UFRMH           equ	3943	;# 
   100   000F68                     UIR             equ	3944	;# 
   101   000F69                     UIE             equ	3945	;# 
   102   000F6A                     UEIR            equ	3946	;# 
   103   000F6B                     UEIE            equ	3947	;# 
   104   000F6C                     USTAT           equ	3948	;# 
   105   000F6D                     UCON            equ	3949	;# 
   106   000F6E                     UADDR           equ	3950	;# 
   107   000F6F                     UCFG            equ	3951	;# 
   108   000F70                     UEP0            equ	3952	;# 
   109   000F71                     UEP1            equ	3953	;# 
   110   000F72                     UEP2            equ	3954	;# 
   111   000F73                     UEP3            equ	3955	;# 
   112   000F74                     UEP4            equ	3956	;# 
   113   000F75                     UEP5            equ	3957	;# 
   114   000F76                     UEP6            equ	3958	;# 
   115   000F77                     UEP7            equ	3959	;# 
   116   000F78                     UEP8            equ	3960	;# 
   117   000F79                     UEP9            equ	3961	;# 
   118   000F7A                     UEP10           equ	3962	;# 
   119   000F7B                     UEP11           equ	3963	;# 
   120   000F7C                     UEP12           equ	3964	;# 
   121   000F7D                     UEP13           equ	3965	;# 
   122   000F7E                     UEP14           equ	3966	;# 
   123   000F7F                     UEP15           equ	3967	;# 
   124   000F80                     PORTA           equ	3968	;# 
   125   000F81                     PORTB           equ	3969	;# 
   126   000F82                     PORTC           equ	3970	;# 
   127   000F83                     PORTD           equ	3971	;# 
   128   000F84                     PORTE           equ	3972	;# 
   129   000F89                     LATA            equ	3977	;# 
   130   000F8A                     LATB            equ	3978	;# 
   131   000F8B                     LATC            equ	3979	;# 
   132   000F8C                     LATD            equ	3980	;# 
   133   000F8D                     LATE            equ	3981	;# 
   134   000F92                     TRISA           equ	3986	;# 
   135   000F92                     DDRA            equ	3986	;# 
   136   000F93                     TRISB           equ	3987	;# 
   137   000F93                     DDRB            equ	3987	;# 
   138   000F94                     TRISC           equ	3988	;# 
   139   000F94                     DDRC            equ	3988	;# 
   140   000F95                     TRISD           equ	3989	;# 
   141   000F95                     DDRD            equ	3989	;# 
   142   000F96                     TRISE           equ	3990	;# 
   143   000F96                     DDRE            equ	3990	;# 
   144   000F9B                     OSCTUNE         equ	3995	;# 
   145   000F9D                     PIE1            equ	3997	;# 
   146   000F9E                     PIR1            equ	3998	;# 
   147   000F9F                     IPR1            equ	3999	;# 
   148   000FA0                     PIE2            equ	4000	;# 
   149   000FA1                     PIR2            equ	4001	;# 
   150   000FA2                     IPR2            equ	4002	;# 
   151   000FA6                     EECON1          equ	4006	;# 
   152   000FA7                     EECON2          equ	4007	;# 
   153   000FA8                     EEDATA          equ	4008	;# 
   154   000FA9                     EEADR           equ	4009	;# 
   155   000FAB                     RCSTA           equ	4011	;# 
   156   000FAB                     RCSTA1          equ	4011	;# 
   157   000FAC                     TXSTA           equ	4012	;# 
   158   000FAC                     TXSTA1          equ	4012	;# 
   159   000FAD                     TXREG           equ	4013	;# 
   160   000FAD                     TXREG1          equ	4013	;# 
   161   000FAE                     RCREG           equ	4014	;# 
   162   000FAE                     RCREG1          equ	4014	;# 
   163   000FAF                     SPBRG           equ	4015	;# 
   164   000FAF                     SPBRG1          equ	4015	;# 
   165   000FB0                     SPBRGH          equ	4016	;# 
   166   000FB1                     T3CON           equ	4017	;# 
   167   000FB2                     TMR3            equ	4018	;# 
   168   000FB2                     TMR3L           equ	4018	;# 
   169   000FB3                     TMR3H           equ	4019	;# 
   170   000FB4                     CMCON           equ	4020	;# 
   171   000FB5                     CVRCON          equ	4021	;# 
   172   000FB6                     ECCP1AS         equ	4022	;# 
   173   000FB6                     CCP1AS          equ	4022	;# 
   174   000FB7                     ECCP1DEL        equ	4023	;# 
   175   000FB7                     CCP1DEL         equ	4023	;# 
   176   000FB8                     BAUDCON         equ	4024	;# 
   177   000FB8                     BAUDCTL         equ	4024	;# 
   178   000FBA                     CCP2CON         equ	4026	;# 
   179   000FBB                     CCPR2           equ	4027	;# 
   180   000FBB                     CCPR2L          equ	4027	;# 
   181   000FBC                     CCPR2H          equ	4028	;# 
   182   000FBD                     CCP1CON         equ	4029	;# 
   183   000FBD                     ECCP1CON        equ	4029	;# 
   184   000FBE                     CCPR1           equ	4030	;# 
   185   000FBE                     CCPR1L          equ	4030	;# 
   186   000FBF                     CCPR1H          equ	4031	;# 
   187   000FC0                     ADCON2          equ	4032	;# 
   188   000FC1                     ADCON1          equ	4033	;# 
   189   000FC2                     ADCON0          equ	4034	;# 
   190   000FC3                     ADRES           equ	4035	;# 
   191   000FC3                     ADRESL          equ	4035	;# 
   192   000FC4                     ADRESH          equ	4036	;# 
   193   000FC5                     SSPCON2         equ	4037	;# 
   194   000FC6                     SSPCON1         equ	4038	;# 
   195   000FC7                     SSPSTAT         equ	4039	;# 
   196   000FC8                     SSPADD          equ	4040	;# 
   197   000FC9                     SSPBUF          equ	4041	;# 
   198   000FCA                     T2CON           equ	4042	;# 
   199   000FCB                     PR2             equ	4043	;# 
   200   000FCB                     MEMCON          equ	4043	;# 
   201   000FCC                     TMR2            equ	4044	;# 
   202   000FCD                     T1CON           equ	4045	;# 
   203   000FCE                     TMR1            equ	4046	;# 
   204   000FCE                     TMR1L           equ	4046	;# 
   205   000FCF                     TMR1H           equ	4047	;# 
   206   000FD0                     RCON            equ	4048	;# 
   207   000FD1                     WDTCON          equ	4049	;# 
   208   000FD2                     HLVDCON         equ	4050	;# 
   209   000FD2                     LVDCON          equ	4050	;# 
   210   000FD3                     OSCCON          equ	4051	;# 
   211   000FD5                     T0CON           equ	4053	;# 
   212   000FD6                     TMR0            equ	4054	;# 
   213   000FD6                     TMR0L           equ	4054	;# 
   214   000FD7                     TMR0H           equ	4055	;# 
   215   000FD8                     STATUS          equ	4056	;# 
   216   000FD9                     FSR2            equ	4057	;# 
   217   000FD9                     FSR2L           equ	4057	;# 
   218   000FDA                     FSR2H           equ	4058	;# 
   219   000FDB                     PLUSW2          equ	4059	;# 
   220   000FDC                     PREINC2         equ	4060	;# 
   221   000FDD                     POSTDEC2        equ	4061	;# 
   222   000FDE                     POSTINC2        equ	4062	;# 
   223   000FDF                     INDF2           equ	4063	;# 
   224   000FE0                     BSR             equ	4064	;# 
   225   000FE1                     FSR1            equ	4065	;# 
   226   000FE1                     FSR1L           equ	4065	;# 
   227   000FE2                     FSR1H           equ	4066	;# 
   228   000FE3                     PLUSW1          equ	4067	;# 
   229   000FE4                     PREINC1         equ	4068	;# 
   230   000FE5                     POSTDEC1        equ	4069	;# 
   231   000FE6                     POSTINC1        equ	4070	;# 
   232   000FE7                     INDF1           equ	4071	;# 
   233   000FE8                     WREG            equ	4072	;# 
   234   000FE9                     FSR0            equ	4073	;# 
   235   000FE9                     FSR0L           equ	4073	;# 
   236   000FEA                     FSR0H           equ	4074	;# 
   237   000FEB                     PLUSW0          equ	4075	;# 
   238   000FEC                     PREINC0         equ	4076	;# 
   239   000FED                     POSTDEC0        equ	4077	;# 
   240   000FEE                     POSTINC0        equ	4078	;# 
   241   000FEF                     INDF0           equ	4079	;# 
   242   000FF0                     INTCON3         equ	4080	;# 
   243   000FF1                     INTCON2         equ	4081	;# 
   244   000FF2                     INTCON          equ	4082	;# 
   245   000FF3                     PROD            equ	4083	;# 
   246   000FF3                     PRODL           equ	4083	;# 
   247   000FF4                     PRODH           equ	4084	;# 
   248   000FF5                     TABLAT          equ	4085	;# 
   249   000FF6                     TBLPTR          equ	4086	;# 
   250   000FF6                     TBLPTRL         equ	4086	;# 
   251   000FF7                     TBLPTRH         equ	4087	;# 
   252   000FF8                     TBLPTRU         equ	4088	;# 
   253   000FF9                     PCLAT           equ	4089	;# 
   254   000FF9                     PC              equ	4089	;# 
   255   000FF9                     PCL             equ	4089	;# 
   256   000FFA                     PCLATH          equ	4090	;# 
   257   000FFB                     PCLATU          equ	4091	;# 
   258   000FFC                     STKPTR          equ	4092	;# 
   259   000FFD                     TOS             equ	4093	;# 
   260   000FFD                     TOSL            equ	4093	;# 
   261   000FFE                     TOSH            equ	4094	;# 
   262   000FFF                     TOSU            equ	4095	;# 
   263                           
   264                           	psect	smallconst
   265   000800                     __psmallconst:
   266                           	callstack 0
   267   000800  00                 	db	0
   268   000801                     _display_values:
   269                           	callstack 0
   270   000801  3F                 	db	63
   271   000802  06                 	db	6
   272   000803  5B                 	db	91
   273   000804  4F                 	db	79
   274   000805  66                 	db	102
   275   000806  6D                 	db	109
   276   000807  7D                 	db	125
   277   000808  07                 	db	7
   278   000809  7F                 	db	127
   279   00080A  6F                 	db	111
   280   00080B  77                 	db	119
   281   00080C  7C                 	db	124
   282   00080D  39                 	db	57
   283   00080E  5E                 	db	94
   284   00080F  79                 	db	121
   285   000810  71                 	db	113
   286   000811                     __end_of_display_values:
   287                           	callstack 0
   288   000F8C                     _LATD           set	3980
   289   000F81                     _PORTBbits      set	3969
   290   000F89                     _LATAbits       set	3977
   291   000F8D                     _LATEbits       set	3981
   292   000F93                     _TRISBbits      set	3987
   293   000F96                     _TRISEbits      set	3990
   294   000F92                     _TRISAbits      set	3986
   295   000F95                     _TRISD          set	3989
   296   000FF1                     _INTCON2bits    set	4081
   297   000FB4                     _CMCON          set	4020
   298   000FC1                     _ADCON1         set	4033
   299   000811  00                 	db	0	; dummy byte at the end
   300   000800                     __smallconst    set	__psmallconst
   301   000800                     __mediumconst   set	__psmallconst
   302   000001                     __activetblptr  equ	1
   303                           
   304                           ; #config settings
   305                           
   306                           	psect	cinit
   307   000BAA                     __pcinit:
   308                           	callstack 0
   309   000BAA                     start_initialization:
   310                           	callstack 0
   311   000BAA                     __initialization:
   312                           	callstack 0
   313   000BAA                     end_of_initialization:
   314                           	callstack 0
   315   000BAA                     __end_of__initialization:
   316                           	callstack 0
   317   000BAA  0E00               	movlw	low (__Lsmallconst shr (0+16))
   318   000BAC  6EF8               	movwf	tblptru,c
   319   000BAE  0E08               	movlw	high __Lsmallconst
   320   000BB0  6EF7               	movwf	tblptrh,c
   321   000BB2  0100               	movlb	0
   322   000BB4  EF03  F005         	goto	_main	;jump to C main() function
   323                           
   324                           	psect	cstackCOMRAM
   325   000001                     __pcstackCOMRAM:
   326                           	callstack 0
   327   000001                     ?___awdiv:
   328                           	callstack 0
   329   000001                     ___awdiv@dividend:
   330                           	callstack 0
   331   000001                     ??_delay_100ms:
   332                           
   333                           ; 1 bytes @ 0x0
   334   000001                     	ds	1
   335   000002                     delay_100ms@i:
   336                           	callstack 0
   337                           
   338                           ; 2 bytes @ 0x1
   339   000002                     	ds	1
   340   000003                     ___awdiv@divisor:
   341                           	callstack 0
   342                           
   343                           ; 2 bytes @ 0x2
   344   000003                     	ds	2
   345   000005                     ___awdiv@counter:
   346                           	callstack 0
   347   000005                     
   348                           ; 1 bytes @ 0x4
   349   000005                     	ds	1
   350   000006                     ___awdiv@sign:
   351                           	callstack 0
   352                           
   353                           ; 1 bytes @ 0x5
   354   000006                     	ds	1
   355   000007                     ___awdiv@quotient:
   356                           	callstack 0
   357                           
   358                           ; 2 bytes @ 0x6
   359   000007                     	ds	2
   360   000009                     ?___awmod:
   361                           	callstack 0
   362   000009                     ___awmod@dividend:
   363                           	callstack 0
   364                           
   365                           ; 2 bytes @ 0x8
   366   000009                     	ds	2
   367   00000B                     ___awmod@divisor:
   368                           	callstack 0
   369                           
   370                           ; 2 bytes @ 0xA
   371   00000B                     	ds	2
   372   00000D                     ___awmod@counter:
   373                           	callstack 0
   374   00000D                     
   375                           ; 1 bytes @ 0xC
   376   00000D                     	ds	1
   377   00000E                     ___awmod@sign:
   378                           	callstack 0
   379                           
   380                           ; 1 bytes @ 0xD
   381   00000E                     	ds	1
   382   00000F                     mostra_valor@valor:
   383                           	callstack 0
   384                           
   385                           ; 2 bytes @ 0xE
   386   00000F                     	ds	2
   387   000011                     ??_mostra_valor:
   388                           
   389                           ; 1 bytes @ 0x10
   390   000011                     	ds	1
   391   000012                     mostra_valor@milhar:
   392                           	callstack 0
   393                           
   394                           ; 2 bytes @ 0x11
   395   000012                     	ds	2
   396   000014                     mostra_valor@centena:
   397                           	callstack 0
   398                           
   399                           ; 2 bytes @ 0x13
   400   000014                     	ds	2
   401   000016                     mostra_valor@dezena:
   402                           	callstack 0
   403                           
   404                           ; 2 bytes @ 0x15
   405   000016                     	ds	2
   406   000018                     mostra_valor@unidade:
   407                           	callstack 0
   408                           
   409                           ; 2 bytes @ 0x17
   410   000018                     	ds	2
   411   00001A                     main@valor:
   412                           	callstack 0
   413   00001A                     
   414                           ; 1 bytes @ 0x19
   415   00001A                     	ds	2
   416                           
   417 ;;
   418 ;;Main: autosize = 0, tempsize = 0, incstack = 0, save=0
   419 ;;
   420 ;; *************** function _main *****************
   421 ;; Defined at:
   422 ;;		line 74 in file "../../src/main.c"
   423 ;; Parameters:    Size  Location     Type
   424 ;;		None
   425 ;; Auto vars:     Size  Location     Type
   426 ;;  valor           2   25[COMRAM] int 
   427 ;; Return value:  Size  Location     Type
   428 ;;                  1    wreg      void 
   429 ;; Registers used:
   430 ;;		wreg, status,2, status,0, tblptrl, tblptrh, tblptru, cstack
   431 ;; Tracked objects:
   432 ;;		On entry : 0/0
   433 ;;		On exit  : 0/0
   434 ;;		Unchanged: 0/0
   435 ;; Data sizes:     COMRAM   BANK0   BANK1   BANK2   BANK3   BANK4   BANK5   BANK6   BANK7
   436 ;;      Params:         0       0       0       0       0       0       0       0       0
   437 ;;      Locals:         2       0       0       0       0       0       0       0       0
   438 ;;      Temps:          0       0       0       0       0       0       0       0       0
   439 ;;      Totals:         2       0       0       0       0       0       0       0       0
   440 ;;Total ram usage:        2 bytes
   441 ;; Hardware stack levels required when called: 2
   442 ;; This function calls:
   443 ;;		_delay_100ms
   444 ;;		_mostra_valor
   445 ;; This function is called by:
   446 ;;		Startup code after reset
   447 ;; This function uses a non-reentrant model
   448 ;;
   449                           
   450                           	psect	text0
   451   000A06                     __ptext0:
   452                           	callstack 0
   453   000A06                     _main:
   454                           	callstack 29
   455   000A06                     
   456                           ;../../src/main.c: 75:     ADCON1 = 0x0F;
   457   000A06  0E0F               	movlw	15
   458   000A08  6EC1               	movwf	193,c	;volatile
   459                           
   460                           ;../../src/main.c: 76:     CMCON = 0x07;
   461   000A0A  0E07               	movlw	7
   462   000A0C  6EB4               	movwf	180,c	;volatile
   463   000A0E                     
   464                           ;../../src/main.c: 79:     INTCON2bits.RBPU = 0;
   465   000A0E  9EF1               	bcf	241,7,c	;volatile
   466   000A10                     
   467                           ;../../src/main.c: 82:     TRISD = 0x00;
   468   000A10  6A95               	clrf	149,c	;volatile
   469   000A12                     
   470                           ;../../src/main.c: 84:     TRISAbits.TRISA2 = 0;
   471   000A12  9492               	bcf	146,2,c	;volatile
   472   000A14                     
   473                           ;../../src/main.c: 86:     TRISAbits.TRISA5 = 0;
   474   000A14  9A92               	bcf	146,5,c	;volatile
   475   000A16                     
   476                           ;../../src/main.c: 88:     TRISEbits.TRISE0 = 0;
   477   000A16  9096               	bcf	150,0,c	;volatile
   478   000A18                     
   479                           ;../../src/main.c: 90:     TRISEbits.TRISE2 = 0;
   480   000A18  9496               	bcf	150,2,c	;volatile
   481   000A1A                     
   482                           ;../../src/main.c: 93:     TRISBbits.TRISB0 = 1;
   483   000A1A  8093               	bsf	147,0,c	;volatile
   484   000A1C                     
   485                           ;../../src/main.c: 95:     TRISBbits.TRISB1 = 1;
   486   000A1C  8293               	bsf	147,1,c	;volatile
   487   000A1E                     
   488                           ;../../src/main.c: 98:     LATEbits.LATE2 = 1;
   489   000A1E  848D               	bsf	141,2,c	;volatile
   490   000A20                     
   491                           ;../../src/main.c: 99:     LATEbits.LATE0 = 0;
   492   000A20  908D               	bcf	141,0,c	;volatile
   493   000A22                     
   494                           ;../../src/main.c: 100:     LATAbits.LATA2 = 0;
   495   000A22  9489               	bcf	137,2,c	;volatile
   496   000A24                     
   497                           ;../../src/main.c: 101:     LATAbits.LATA5 = 0;
   498   000A24  9A89               	bcf	137,5,c	;volatile
   499                           
   500                           ;../../src/main.c: 103:     int valor = 0;
   501   000A26  0E00               	movlw	0
   502   000A28  6E1B               	movwf	(main@valor+1)^0,c
   503   000A2A  0E00               	movlw	0
   504   000A2C  6E1A               	movwf	main@valor^0,c
   505   000A2E                     l1070:
   506                           
   507                           ;../../src/main.c: 107:         mostra_valor(valor);
   508   000A2E  C01A  F00F         	movff	main@valor,mostra_valor@valor
   509   000A32  C01B  F010         	movff	main@valor+1,mostra_valor@valor+1
   510   000A36  EC09  F004         	call	_mostra_valor	;wreg free
   511   000A3A                     
   512                           ;../../src/main.c: 110:         if (!PORTBbits.RB0 && valor < 9999) {
   513   000A3A  B081               	btfsc	129,0,c	;volatile
   514   000A3C  EF22  F005         	goto	u321
   515   000A40  EF24  F005         	goto	u320
   516   000A44                     u321:
   517   000A44  EF3D  F005         	goto	l1080
   518   000A48                     u320:
   519   000A48  BE1B               	btfsc	(main@valor+1)^0,7,c
   520   000A4A  EF32  F005         	goto	u330
   521   000A4E  0E0F               	movlw	15
   522   000A50  5C1A               	subwf	main@valor^0,w,c
   523   000A52  0E27               	movlw	39
   524   000A54  581B               	subwfb	(main@valor+1)^0,w,c
   525   000A56  B0D8               	btfsc	status,0,c
   526   000A58  EF30  F005         	goto	u331
   527   000A5C  EF32  F005         	goto	u330
   528   000A60                     u331:
   529   000A60  EF3D  F005         	goto	l1080
   530   000A64                     u330:
   531   000A64                     
   532                           ;../../src/main.c: 111:             valor++;
   533   000A64  4A1A               	infsnz	main@valor^0,f,c
   534   000A66  2A1B               	incf	(main@valor+1)^0,f,c
   535   000A68                     l37:
   536   000A68  A081               	btfss	129,0,c	;volatile
   537   000A6A  EF39  F005         	goto	u341
   538   000A6E  EF3B  F005         	goto	u340
   539   000A72                     u341:
   540   000A72  EF34  F005         	goto	l37
   541   000A76                     u340:
   542   000A76                     
   543                           ;../../src/main.c: 113:             delay_100ms();
   544   000A76  ECB8  F005         	call	_delay_100ms	;wreg free
   545   000A7A                     l1080:
   546                           
   547                           ;../../src/main.c: 117:         if (!PORTBbits.RB1 && valor > 0) {
   548   000A7A  B281               	btfsc	129,1,c	;volatile
   549   000A7C  EF42  F005         	goto	u351
   550   000A80  EF44  F005         	goto	u350
   551   000A84                     u351:
   552   000A84  EF17  F005         	goto	l1070
   553   000A88                     u350:
   554   000A88  BE1B               	btfsc	(main@valor+1)^0,7,c
   555   000A8A  EF4F  F005         	goto	u361
   556   000A8E  501B               	movf	(main@valor+1)^0,w,c
   557   000A90  E108               	bnz	u360
   558   000A92  041A               	decf	main@valor^0,w,c
   559   000A94  A0D8               	btfss	status,0,c
   560   000A96  EF4F  F005         	goto	u361
   561   000A9A  EF51  F005         	goto	u360
   562   000A9E                     u361:
   563   000A9E  EF17  F005         	goto	l1070
   564   000AA2                     u360:
   565   000AA2                     
   566                           ;../../src/main.c: 118:             valor--;
   567   000AA2  061A               	decf	main@valor^0,f,c
   568   000AA4  A0D8               	btfss	status,0,c
   569   000AA6  061B               	decf	(main@valor+1)^0,f,c
   570   000AA8                     l41:
   571   000AA8  A281               	btfss	129,1,c	;volatile
   572   000AAA  EF59  F005         	goto	u371
   573   000AAE  EF5B  F005         	goto	u370
   574   000AB2                     u371:
   575   000AB2  EF54  F005         	goto	l41
   576   000AB6                     u370:
   577   000AB6                     
   578                           ;../../src/main.c: 120:             delay_100ms();
   579   000AB6  ECB8  F005         	call	_delay_100ms	;wreg free
   580   000ABA  EF17  F005         	goto	l1070
   581   000ABE  EFFE  F03F         	goto	start
   582   000AC2                     __end_of_main:
   583                           	callstack 0
   584                           
   585 ;; *************** function _mostra_valor *****************
   586 ;; Defined at:
   587 ;;		line 132 in file "../../src/main.c"
   588 ;; Parameters:    Size  Location     Type
   589 ;;  valor           2   14[COMRAM] int 
   590 ;; Auto vars:     Size  Location     Type
   591 ;;  unidade         2   23[COMRAM] int 
   592 ;;  dezena          2   21[COMRAM] int 
   593 ;;  centena         2   19[COMRAM] int 
   594 ;;  milhar          2   17[COMRAM] int 
   595 ;; Return value:  Size  Location     Type
   596 ;;                  1    wreg      void 
   597 ;; Registers used:
   598 ;;		wreg, status,2, status,0, tblptrl, tblptrh, tblptru, cstack
   599 ;; Tracked objects:
   600 ;;		On entry : 0/0
   601 ;;		On exit  : 0/0
   602 ;;		Unchanged: 0/0
   603 ;; Data sizes:     COMRAM   BANK0   BANK1   BANK2   BANK3   BANK4   BANK5   BANK6   BANK7
   604 ;;      Params:         2       0       0       0       0       0       0       0       0
   605 ;;      Locals:         8       0       0       0       0       0       0       0       0
   606 ;;      Temps:          1       0       0       0       0       0       0       0       0
   607 ;;      Totals:        11       0       0       0       0       0       0       0       0
   608 ;;Total ram usage:       11 bytes
   609 ;; Hardware stack levels used: 1
   610 ;; Hardware stack levels required when called: 1
   611 ;; This function calls:
   612 ;;		___awdiv
   613 ;;		___awmod
   614 ;; This function is called by:
   615 ;;		_main
   616 ;; This function uses a non-reentrant model
   617 ;;
   618                           
   619                           	psect	text1
   620   000812                     __ptext1:
   621                           	callstack 0
   622   000812                     _mostra_valor:
   623                           	callstack 29
   624   000812                     
   625                           ;../../src/main.c: 133:     int milhar, centena, dezena, unidade;;../../src/main.c: 135:
      +                               milhar = valor / 1000;
   626   000812  C00F  F001         	movff	mostra_valor@valor,___awdiv@dividend
   627   000816  C010  F002         	movff	mostra_valor@valor+1,___awdiv@dividend+1
   628   00081A  0E03               	movlw	3
   629   00081C  6E04               	movwf	(___awdiv@divisor+1)^0,c
   630   00081E  0EE8               	movlw	232
   631   000820  6E03               	movwf	___awdiv@divisor^0,c
   632   000822  ECA2  F004         	call	___awdiv	;wreg free
   633   000826  C001  F012         	movff	?___awdiv,mostra_valor@milhar
   634   00082A  C002  F013         	movff	?___awdiv+1,mostra_valor@milhar+1
   635                           
   636                           ;../../src/main.c: 136:     centena = (valor / 100) % 10;
   637   00082E  0E00               	movlw	0
   638   000830  6E04               	movwf	(___awdiv@divisor+1)^0,c
   639   000832  0E64               	movlw	100
   640   000834  6E03               	movwf	___awdiv@divisor^0,c
   641   000836  C00F  F001         	movff	mostra_valor@valor,___awdiv@dividend
   642   00083A  C010  F002         	movff	mostra_valor@valor+1,___awdiv@dividend+1
   643   00083E  ECA2  F004         	call	___awdiv	;wreg free
   644   000842  C001  F009         	movff	?___awdiv,___awmod@dividend
   645   000846  C002  F00A         	movff	?___awdiv+1,___awmod@dividend+1
   646   00084A  0E00               	movlw	0
   647   00084C  6E0C               	movwf	(___awmod@divisor+1)^0,c
   648   00084E  0E0A               	movlw	10
   649   000850  6E0B               	movwf	___awmod@divisor^0,c
   650   000852  EC61  F005         	call	___awmod	;wreg free
   651   000856  C009  F014         	movff	?___awmod,mostra_valor@centena
   652   00085A  C00A  F015         	movff	?___awmod+1,mostra_valor@centena+1
   653                           
   654                           ;../../src/main.c: 137:     dezena = (valor / 10) % 10;
   655   00085E  0E00               	movlw	0
   656   000860  6E04               	movwf	(___awdiv@divisor+1)^0,c
   657   000862  0E0A               	movlw	10
   658   000864  6E03               	movwf	___awdiv@divisor^0,c
   659   000866  C00F  F001         	movff	mostra_valor@valor,___awdiv@dividend
   660   00086A  C010  F002         	movff	mostra_valor@valor+1,___awdiv@dividend+1
   661   00086E  ECA2  F004         	call	___awdiv	;wreg free
   662   000872  C001  F009         	movff	?___awdiv,___awmod@dividend
   663   000876  C002  F00A         	movff	?___awdiv+1,___awmod@dividend+1
   664   00087A  0E00               	movlw	0
   665   00087C  6E0C               	movwf	(___awmod@divisor+1)^0,c
   666   00087E  0E0A               	movlw	10
   667   000880  6E0B               	movwf	___awmod@divisor^0,c
   668   000882  EC61  F005         	call	___awmod	;wreg free
   669   000886  C009  F016         	movff	?___awmod,mostra_valor@dezena
   670   00088A  C00A  F017         	movff	?___awmod+1,mostra_valor@dezena+1
   671                           
   672                           ;../../src/main.c: 138:     unidade = valor % 10;
   673   00088E  C00F  F009         	movff	mostra_valor@valor,___awmod@dividend
   674   000892  C010  F00A         	movff	mostra_valor@valor+1,___awmod@dividend+1
   675   000896  0E00               	movlw	0
   676   000898  6E0C               	movwf	(___awmod@divisor+1)^0,c
   677   00089A  0E0A               	movlw	10
   678   00089C  6E0B               	movwf	___awmod@divisor^0,c
   679   00089E  EC61  F005         	call	___awmod	;wreg free
   680   0008A2  C009  F018         	movff	?___awmod,mostra_valor@unidade
   681   0008A6  C00A  F019         	movff	?___awmod+1,mostra_valor@unidade+1
   682   0008AA                     
   683                           ;../../src/main.c: 141:     LATEbits.LATE2 = 1; LATEbits.LATE0 = 0;
   684   0008AA  848D               	bsf	141,2,c	;volatile
   685   0008AC  908D               	bcf	141,0,c	;volatile
   686   0008AE                     
   687                           ;../../src/main.c: 142:     LATAbits.LATA2 = 0; LATAbits.LATA5 = 0;
   688   0008AE  9489               	bcf	137,2,c	;volatile
   689   0008B0  9A89               	bcf	137,5,c	;volatile
   690   0008B2                     
   691                           ;../../src/main.c: 143:     LATD = display_values[milhar];
   692   0008B2  5012               	movf	mostra_valor@milhar^0,w,c
   693   0008B4  0F01               	addlw	low _display_values
   694   0008B6  6E11               	movwf	??_mostra_valor^0,c
   695   0008B8  C011  FFF6         	movff	??_mostra_valor,tblptrl
   696   0008BC                     	if	0	;There is only one active tblptr byte
   697   0008BC                     	endif
   698   0008BC                     	if	0	;tblptru may be non-zero
   699   0008BC                     	endif
   700   0008BC                     	if	0	;tblptru may be non-zero
   701   0008BC                     	endif
   702   0008BC  0008               	tblrd		*
   703   0008BE  CFF5 FF8C          	movff	tablat,3980	;volatile
   704   0008C2                     
   705                           ;../../src/main.c: 144:     _delay((unsigned long)((2)*(48000000UL/4000.0)));
   706   0008C2  0E20               	movlw	32
   707   0008C4  6E11               	movwf	??_mostra_valor^0,c
   708   0008C6  0E2A               	movlw	42
   709   0008C8                     u387:
   710   0008C8  2EE8               	decfsz	wreg,f,c
   711   0008CA  D7FE               	bra	u387
   712   0008CC  2E11               	decfsz	??_mostra_valor^0,f,c
   713   0008CE  D7FC               	bra	u387
   714   0008D0                     
   715                           ;../../src/main.c: 146:     LATEbits.LATE2 = 0; LATEbits.LATE0 = 1;
   716   0008D0  948D               	bcf	141,2,c	;volatile
   717   0008D2  808D               	bsf	141,0,c	;volatile
   718   0008D4                     
   719                           ;../../src/main.c: 147:     LATAbits.LATA2 = 0; LATAbits.LATA5 = 0;
   720   0008D4  9489               	bcf	137,2,c	;volatile
   721   0008D6  9A89               	bcf	137,5,c	;volatile
   722   0008D8                     
   723                           ;../../src/main.c: 148:     LATD = display_values[centena];
   724   0008D8  5014               	movf	mostra_valor@centena^0,w,c
   725   0008DA  0F01               	addlw	low _display_values
   726   0008DC  6E11               	movwf	??_mostra_valor^0,c
   727   0008DE  C011  FFF6         	movff	??_mostra_valor,tblptrl
   728   0008E2                     	if	0	;There is only one active tblptr byte
   729   0008E2                     	endif
   730   0008E2                     	if	0	;tblptru may be non-zero
   731   0008E2                     	endif
   732   0008E2                     	if	0	;tblptru may be non-zero
   733   0008E2                     	endif
   734   0008E2  0008               	tblrd		*
   735   0008E4  CFF5 FF8C          	movff	tablat,3980	;volatile
   736   0008E8                     
   737                           ;../../src/main.c: 149:     _delay((unsigned long)((2)*(48000000UL/4000.0)));
   738   0008E8  0E20               	movlw	32
   739   0008EA  6E11               	movwf	??_mostra_valor^0,c
   740   0008EC  0E2A               	movlw	42
   741   0008EE                     u397:
   742   0008EE  2EE8               	decfsz	wreg,f,c
   743   0008F0  D7FE               	bra	u397
   744   0008F2  2E11               	decfsz	??_mostra_valor^0,f,c
   745   0008F4  D7FC               	bra	u397
   746   0008F6                     
   747                           ;../../src/main.c: 151:     LATEbits.LATE2 = 0; LATEbits.LATE0 = 0;
   748   0008F6  948D               	bcf	141,2,c	;volatile
   749   0008F8  908D               	bcf	141,0,c	;volatile
   750   0008FA                     
   751                           ;../../src/main.c: 152:     LATAbits.LATA2 = 1; LATAbits.LATA5 = 0;
   752   0008FA  8489               	bsf	137,2,c	;volatile
   753   0008FC  9A89               	bcf	137,5,c	;volatile
   754   0008FE                     
   755                           ;../../src/main.c: 153:     LATD = display_values[dezena];
   756   0008FE  5016               	movf	mostra_valor@dezena^0,w,c
   757   000900  0F01               	addlw	low _display_values
   758   000902  6E11               	movwf	??_mostra_valor^0,c
   759   000904  C011  FFF6         	movff	??_mostra_valor,tblptrl
   760   000908                     	if	0	;There is only one active tblptr byte
   761   000908                     	endif
   762   000908                     	if	0	;tblptru may be non-zero
   763   000908                     	endif
   764   000908                     	if	0	;tblptru may be non-zero
   765   000908                     	endif
   766   000908  0008               	tblrd		*
   767   00090A  CFF5 FF8C          	movff	tablat,3980	;volatile
   768   00090E                     
   769                           ;../../src/main.c: 154:     _delay((unsigned long)((2)*(48000000UL/4000.0)));
   770   00090E  0E20               	movlw	32
   771   000910  6E11               	movwf	??_mostra_valor^0,c
   772   000912  0E2A               	movlw	42
   773   000914                     u407:
   774   000914  2EE8               	decfsz	wreg,f,c
   775   000916  D7FE               	bra	u407
   776   000918  2E11               	decfsz	??_mostra_valor^0,f,c
   777   00091A  D7FC               	bra	u407
   778   00091C                     
   779                           ;../../src/main.c: 156:     LATEbits.LATE2 = 0; LATEbits.LATE0 = 0;
   780   00091C  948D               	bcf	141,2,c	;volatile
   781   00091E  908D               	bcf	141,0,c	;volatile
   782   000920                     
   783                           ;../../src/main.c: 157:     LATAbits.LATA2 = 0; LATAbits.LATA5 = 1;
   784   000920  9489               	bcf	137,2,c	;volatile
   785   000922  8A89               	bsf	137,5,c	;volatile
   786   000924                     
   787                           ;../../src/main.c: 158:     LATD = display_values[unidade];
   788   000924  5018               	movf	mostra_valor@unidade^0,w,c
   789   000926  0F01               	addlw	low _display_values
   790   000928  6E11               	movwf	??_mostra_valor^0,c
   791   00092A  C011  FFF6         	movff	??_mostra_valor,tblptrl
   792   00092E                     	if	0	;There is only one active tblptr byte
   793   00092E                     	endif
   794   00092E                     	if	0	;tblptru may be non-zero
   795   00092E                     	endif
   796   00092E                     	if	0	;tblptru may be non-zero
   797   00092E                     	endif
   798   00092E  0008               	tblrd		*
   799   000930  CFF5 FF8C          	movff	tablat,3980	;volatile
   800   000934                     
   801                           ;../../src/main.c: 159:     _delay((unsigned long)((2)*(48000000UL/4000.0)));
   802   000934  0E20               	movlw	32
   803   000936  6E11               	movwf	??_mostra_valor^0,c
   804   000938  0E2A               	movlw	42
   805   00093A                     u417:
   806   00093A  2EE8               	decfsz	wreg,f,c
   807   00093C  D7FE               	bra	u417
   808   00093E  2E11               	decfsz	??_mostra_valor^0,f,c
   809   000940  D7FC               	bra	u417
   810   000942  0012               	return		;funcret
   811   000944                     __end_of_mostra_valor:
   812                           	callstack 0
   813                           
   814 ;; *************** function ___awmod *****************
   815 ;; Defined at:
   816 ;;		line 7 in file "C:\Program Files\Microchip\xc8\v3.00\pic\sources\c99\common\awmod.c"
   817 ;; Parameters:    Size  Location     Type
   818 ;;  dividend        2    8[COMRAM] int 
   819 ;;  divisor         2   10[COMRAM] int 
   820 ;; Auto vars:     Size  Location     Type
   821 ;;  sign            1   13[COMRAM] unsigned char 
   822 ;;  counter         1   12[COMRAM] unsigned char 
   823 ;; Return value:  Size  Location     Type
   824 ;;                  2    8[COMRAM] int 
   825 ;; Registers used:
   826 ;;		wreg, status,2, status,0
   827 ;; Tracked objects:
   828 ;;		On entry : 0/0
   829 ;;		On exit  : 0/0
   830 ;;		Unchanged: 0/0
   831 ;; Data sizes:     COMRAM   BANK0   BANK1   BANK2   BANK3   BANK4   BANK5   BANK6   BANK7
   832 ;;      Params:         4       0       0       0       0       0       0       0       0
   833 ;;      Locals:         2       0       0       0       0       0       0       0       0
   834 ;;      Temps:          0       0       0       0       0       0       0       0       0
   835 ;;      Totals:         6       0       0       0       0       0       0       0       0
   836 ;;Total ram usage:        6 bytes
   837 ;; Hardware stack levels used: 1
   838 ;; This function calls:
   839 ;;		Nothing
   840 ;; This function is called by:
   841 ;;		_mostra_valor
   842 ;; This function uses a non-reentrant model
   843 ;;
   844                           
   845                           	psect	text2
   846   000AC2                     __ptext2:
   847                           	callstack 0
   848   000AC2                     ___awmod:
   849                           	callstack 29
   850   000AC2  6A0E               	clrf	___awmod@sign^0,c
   851   000AC4  BE0A               	btfsc	(___awmod@dividend+1)^0,7,c
   852   000AC6  EF69  F005         	goto	u260
   853   000ACA  EF67  F005         	goto	u261
   854   000ACE                     u261:
   855   000ACE  EF6F  F005         	goto	l966
   856   000AD2                     u260:
   857   000AD2  6C09               	negf	___awmod@dividend^0,c
   858   000AD4  1E0A               	comf	(___awmod@dividend+1)^0,f,c
   859   000AD6  B0D8               	btfsc	status,0,c
   860   000AD8  2A0A               	incf	(___awmod@dividend+1)^0,f,c
   861   000ADA  0E01               	movlw	1
   862   000ADC  6E0E               	movwf	___awmod@sign^0,c
   863   000ADE                     l966:
   864   000ADE  BE0C               	btfsc	(___awmod@divisor+1)^0,7,c
   865   000AE0  EF76  F005         	goto	u270
   866   000AE4  EF74  F005         	goto	u271
   867   000AE8                     u271:
   868   000AE8  EF7A  F005         	goto	l970
   869   000AEC                     u270:
   870   000AEC  6C0B               	negf	___awmod@divisor^0,c
   871   000AEE  1E0C               	comf	(___awmod@divisor+1)^0,f,c
   872   000AF0  B0D8               	btfsc	status,0,c
   873   000AF2  2A0C               	incf	(___awmod@divisor+1)^0,f,c
   874   000AF4                     l970:
   875   000AF4  500B               	movf	___awmod@divisor^0,w,c
   876   000AF6  100C               	iorwf	(___awmod@divisor+1)^0,w,c
   877   000AF8  B4D8               	btfsc	status,2,c
   878   000AFA  EF81  F005         	goto	u281
   879   000AFE  EF83  F005         	goto	u280
   880   000B02                     u281:
   881   000B02  EFA7  F005         	goto	l986
   882   000B06                     u280:
   883   000B06  0E01               	movlw	1
   884   000B08  6E0D               	movwf	___awmod@counter^0,c
   885   000B0A  EF8B  F005         	goto	l976
   886   000B0E                     l974:
   887   000B0E  90D8               	bcf	status,0,c
   888   000B10  360B               	rlcf	___awmod@divisor^0,f,c
   889   000B12  360C               	rlcf	(___awmod@divisor+1)^0,f,c
   890   000B14  2A0D               	incf	___awmod@counter^0,f,c
   891   000B16                     l976:
   892   000B16  AE0C               	btfss	(___awmod@divisor+1)^0,7,c
   893   000B18  EF90  F005         	goto	u291
   894   000B1C  EF92  F005         	goto	u290
   895   000B20                     u291:
   896   000B20  EF87  F005         	goto	l974
   897   000B24                     u290:
   898   000B24                     l978:
   899   000B24  500B               	movf	___awmod@divisor^0,w,c
   900   000B26  5C09               	subwf	___awmod@dividend^0,w,c
   901   000B28  500C               	movf	(___awmod@divisor+1)^0,w,c
   902   000B2A  580A               	subwfb	(___awmod@dividend+1)^0,w,c
   903   000B2C  A0D8               	btfss	status,0,c
   904   000B2E  EF9B  F005         	goto	u301
   905   000B32  EF9D  F005         	goto	u300
   906   000B36                     u301:
   907   000B36  EFA1  F005         	goto	l982
   908   000B3A                     u300:
   909   000B3A  500B               	movf	___awmod@divisor^0,w,c
   910   000B3C  5E09               	subwf	___awmod@dividend^0,f,c
   911   000B3E  500C               	movf	(___awmod@divisor+1)^0,w,c
   912   000B40  5A0A               	subwfb	(___awmod@dividend+1)^0,f,c
   913   000B42                     l982:
   914   000B42  90D8               	bcf	status,0,c
   915   000B44  320C               	rrcf	(___awmod@divisor+1)^0,f,c
   916   000B46  320B               	rrcf	___awmod@divisor^0,f,c
   917   000B48  2E0D               	decfsz	___awmod@counter^0,f,c
   918   000B4A  EF92  F005         	goto	l978
   919   000B4E                     l986:
   920   000B4E  500E               	movf	___awmod@sign^0,w,c
   921   000B50  B4D8               	btfsc	status,2,c
   922   000B52  EFAD  F005         	goto	u311
   923   000B56  EFAF  F005         	goto	u310
   924   000B5A                     u311:
   925   000B5A  EFB3  F005         	goto	l990
   926   000B5E                     u310:
   927   000B5E  6C09               	negf	___awmod@dividend^0,c
   928   000B60  1E0A               	comf	(___awmod@dividend+1)^0,f,c
   929   000B62  B0D8               	btfsc	status,0,c
   930   000B64  2A0A               	incf	(___awmod@dividend+1)^0,f,c
   931   000B66                     l990:
   932   000B66  C009  F009         	movff	___awmod@dividend,?___awmod
   933   000B6A  C00A  F00A         	movff	___awmod@dividend+1,?___awmod+1
   934   000B6E  0012               	return		;funcret
   935   000B70                     __end_of___awmod:
   936                           	callstack 0
   937                           
   938 ;; *************** function ___awdiv *****************
   939 ;; Defined at:
   940 ;;		line 7 in file "C:\Program Files\Microchip\xc8\v3.00\pic\sources\c99\common\awdiv.c"
   941 ;; Parameters:    Size  Location     Type
   942 ;;  dividend        2    0[COMRAM] int 
   943 ;;  divisor         2    2[COMRAM] int 
   944 ;; Auto vars:     Size  Location     Type
   945 ;;  quotient        2    6[COMRAM] int 
   946 ;;  sign            1    5[COMRAM] unsigned char 
   947 ;;  counter         1    4[COMRAM] unsigned char 
   948 ;; Return value:  Size  Location     Type
   949 ;;                  2    0[COMRAM] int 
   950 ;; Registers used:
   951 ;;		wreg, status,2, status,0
   952 ;; Tracked objects:
   953 ;;		On entry : 0/0
   954 ;;		On exit  : 0/0
   955 ;;		Unchanged: 0/0
   956 ;; Data sizes:     COMRAM   BANK0   BANK1   BANK2   BANK3   BANK4   BANK5   BANK6   BANK7
   957 ;;      Params:         4       0       0       0       0       0       0       0       0
   958 ;;      Locals:         4       0       0       0       0       0       0       0       0
   959 ;;      Temps:          0       0       0       0       0       0       0       0       0
   960 ;;      Totals:         8       0       0       0       0       0       0       0       0
   961 ;;Total ram usage:        8 bytes
   962 ;; Hardware stack levels used: 1
   963 ;; This function calls:
   964 ;;		Nothing
   965 ;; This function is called by:
   966 ;;		_mostra_valor
   967 ;; This function uses a non-reentrant model
   968 ;;
   969                           
   970                           	psect	text3
   971   000944                     __ptext3:
   972                           	callstack 0
   973   000944                     ___awdiv:
   974                           	callstack 29
   975   000944  6A06               	clrf	___awdiv@sign^0,c
   976   000946  BE04               	btfsc	(___awdiv@divisor+1)^0,7,c
   977   000948  EFAA  F004         	goto	u200
   978   00094C  EFA8  F004         	goto	u201
   979   000950                     u201:
   980   000950  EFB0  F004         	goto	l922
   981   000954                     u200:
   982   000954  6C03               	negf	___awdiv@divisor^0,c
   983   000956  1E04               	comf	(___awdiv@divisor+1)^0,f,c
   984   000958  B0D8               	btfsc	status,0,c
   985   00095A  2A04               	incf	(___awdiv@divisor+1)^0,f,c
   986   00095C  0E01               	movlw	1
   987   00095E  6E06               	movwf	___awdiv@sign^0,c
   988   000960                     l922:
   989   000960  BE02               	btfsc	(___awdiv@dividend+1)^0,7,c
   990   000962  EFB7  F004         	goto	u210
   991   000966  EFB5  F004         	goto	u211
   992   00096A                     u211:
   993   00096A  EFBD  F004         	goto	l928
   994   00096E                     u210:
   995   00096E  6C01               	negf	___awdiv@dividend^0,c
   996   000970  1E02               	comf	(___awdiv@dividend+1)^0,f,c
   997   000972  B0D8               	btfsc	status,0,c
   998   000974  2A02               	incf	(___awdiv@dividend+1)^0,f,c
   999   000976  0E01               	movlw	1
  1000   000978  1A06               	xorwf	___awdiv@sign^0,f,c
  1001   00097A                     l928:
  1002   00097A  0E00               	movlw	0
  1003   00097C  6E08               	movwf	(___awdiv@quotient+1)^0,c
  1004   00097E  0E00               	movlw	0
  1005   000980  6E07               	movwf	___awdiv@quotient^0,c
  1006   000982  5003               	movf	___awdiv@divisor^0,w,c
  1007   000984  1004               	iorwf	(___awdiv@divisor+1)^0,w,c
  1008   000986  B4D8               	btfsc	status,2,c
  1009   000988  EFC8  F004         	goto	u221
  1010   00098C  EFCA  F004         	goto	u220
  1011   000990                     u221:
  1012   000990  EFF2  F004         	goto	l950
  1013   000994                     u220:
  1014   000994  0E01               	movlw	1
  1015   000996  6E05               	movwf	___awdiv@counter^0,c
  1016   000998  EFD2  F004         	goto	l936
  1017   00099C                     l934:
  1018   00099C  90D8               	bcf	status,0,c
  1019   00099E  3603               	rlcf	___awdiv@divisor^0,f,c
  1020   0009A0  3604               	rlcf	(___awdiv@divisor+1)^0,f,c
  1021   0009A2  2A05               	incf	___awdiv@counter^0,f,c
  1022   0009A4                     l936:
  1023   0009A4  AE04               	btfss	(___awdiv@divisor+1)^0,7,c
  1024   0009A6  EFD7  F004         	goto	u231
  1025   0009AA  EFD9  F004         	goto	u230
  1026   0009AE                     u231:
  1027   0009AE  EFCE  F004         	goto	l934
  1028   0009B2                     u230:
  1029   0009B2                     l938:
  1030   0009B2  90D8               	bcf	status,0,c
  1031   0009B4  3607               	rlcf	___awdiv@quotient^0,f,c
  1032   0009B6  3608               	rlcf	(___awdiv@quotient+1)^0,f,c
  1033   0009B8  5003               	movf	___awdiv@divisor^0,w,c
  1034   0009BA  5C01               	subwf	___awdiv@dividend^0,w,c
  1035   0009BC  5004               	movf	(___awdiv@divisor+1)^0,w,c
  1036   0009BE  5802               	subwfb	(___awdiv@dividend+1)^0,w,c
  1037   0009C0  A0D8               	btfss	status,0,c
  1038   0009C2  EFE5  F004         	goto	u241
  1039   0009C6  EFE7  F004         	goto	u240
  1040   0009CA                     u241:
  1041   0009CA  EFEC  F004         	goto	l946
  1042   0009CE                     u240:
  1043   0009CE  5003               	movf	___awdiv@divisor^0,w,c
  1044   0009D0  5E01               	subwf	___awdiv@dividend^0,f,c
  1045   0009D2  5004               	movf	(___awdiv@divisor+1)^0,w,c
  1046   0009D4  5A02               	subwfb	(___awdiv@dividend+1)^0,f,c
  1047   0009D6  8007               	bsf	___awdiv@quotient^0,0,c
  1048   0009D8                     l946:
  1049   0009D8  90D8               	bcf	status,0,c
  1050   0009DA  3204               	rrcf	(___awdiv@divisor+1)^0,f,c
  1051   0009DC  3203               	rrcf	___awdiv@divisor^0,f,c
  1052   0009DE  2E05               	decfsz	___awdiv@counter^0,f,c
  1053   0009E0  EFD9  F004         	goto	l938
  1054   0009E4                     l950:
  1055   0009E4  5006               	movf	___awdiv@sign^0,w,c
  1056   0009E6  B4D8               	btfsc	status,2,c
  1057   0009E8  EFF8  F004         	goto	u251
  1058   0009EC  EFFA  F004         	goto	u250
  1059   0009F0                     u251:
  1060   0009F0  EFFE  F004         	goto	l954
  1061   0009F4                     u250:
  1062   0009F4  6C07               	negf	___awdiv@quotient^0,c
  1063   0009F6  1E08               	comf	(___awdiv@quotient+1)^0,f,c
  1064   0009F8  B0D8               	btfsc	status,0,c
  1065   0009FA  2A08               	incf	(___awdiv@quotient+1)^0,f,c
  1066   0009FC                     l954:
  1067   0009FC  C007  F001         	movff	___awdiv@quotient,?___awdiv
  1068   000A00  C008  F002         	movff	___awdiv@quotient+1,?___awdiv+1
  1069   000A04  0012               	return		;funcret
  1070   000A06                     __end_of___awdiv:
  1071                           	callstack 0
  1072                           
  1073 ;; *************** function _delay_100ms *****************
  1074 ;; Defined at:
  1075 ;;		line 125 in file "../../src/main.c"
  1076 ;; Parameters:    Size  Location     Type
  1077 ;;		None
  1078 ;; Auto vars:     Size  Location     Type
  1079 ;;  i               2    1[COMRAM] int 
  1080 ;; Return value:  Size  Location     Type
  1081 ;;                  1    wreg      void 
  1082 ;; Registers used:
  1083 ;;		wreg, status,2, status,0
  1084 ;; Tracked objects:
  1085 ;;		On entry : 0/0
  1086 ;;		On exit  : 0/0
  1087 ;;		Unchanged: 0/0
  1088 ;; Data sizes:     COMRAM   BANK0   BANK1   BANK2   BANK3   BANK4   BANK5   BANK6   BANK7
  1089 ;;      Params:         0       0       0       0       0       0       0       0       0
  1090 ;;      Locals:         2       0       0       0       0       0       0       0       0
  1091 ;;      Temps:          1       0       0       0       0       0       0       0       0
  1092 ;;      Totals:         3       0       0       0       0       0       0       0       0
  1093 ;;Total ram usage:        3 bytes
  1094 ;; Hardware stack levels used: 1
  1095 ;; This function calls:
  1096 ;;		Nothing
  1097 ;; This function is called by:
  1098 ;;		_main
  1099 ;; This function uses a non-reentrant model
  1100 ;;
  1101                           
  1102                           	psect	text4
  1103   000B70                     __ptext4:
  1104                           	callstack 0
  1105   000B70                     _delay_100ms:
  1106                           	callstack 30
  1107   000B70                     
  1108                           ;../../src/main.c: 127:     for (int i = 0; i < 10; i++) {
  1109   000B70  0E00               	movlw	0
  1110   000B72  6E03               	movwf	(delay_100ms@i+1)^0,c
  1111   000B74  0E00               	movlw	0
  1112   000B76  6E02               	movwf	delay_100ms@i^0,c
  1113   000B78                     l866:
  1114                           
  1115                           ;../../src/main.c: 128:         _delay((unsigned long)((10)*(48000000UL/4000.0)));
  1116   000B78  0E9C               	movlw	156
  1117   000B7A  6E01               	movwf	??_delay_100ms^0,c
  1118   000B7C  0ED7               	movlw	215
  1119   000B7E                     u427:
  1120   000B7E  2EE8               	decfsz	wreg,f,c
  1121   000B80  D7FE               	bra	u427
  1122   000B82  2E01               	decfsz	??_delay_100ms^0,f,c
  1123   000B84  D7FC               	bra	u427
  1124   000B86  0000               	nop	
  1125   000B88                     
  1126                           ;../../src/main.c: 129:     }
  1127   000B88  4A02               	infsnz	delay_100ms@i^0,f,c
  1128   000B8A  2A03               	incf	(delay_100ms@i+1)^0,f,c
  1129   000B8C  BE03               	btfsc	(delay_100ms@i+1)^0,7,c
  1130   000B8E  EFD2  F005         	goto	u131
  1131   000B92  5003               	movf	(delay_100ms@i+1)^0,w,c
  1132   000B94  E109               	bnz	u130
  1133   000B96  0E0A               	movlw	10
  1134   000B98  5C02               	subwf	delay_100ms@i^0,w,c
  1135   000B9A  A0D8               	btfss	status,0,c
  1136   000B9C  EFD2  F005         	goto	u131
  1137   000BA0  EFD4  F005         	goto	u130
  1138   000BA4                     u131:
  1139   000BA4  EFBC  F005         	goto	l866
  1140   000BA8                     u130:
  1141   000BA8  0012               	return		;funcret
  1142   000BAA                     __end_of_delay_100ms:
  1143                           	callstack 0
  1144                           
  1145                           	psect	rparam
  1146   000001                     ___rparam_used  equ	1
  1147   000000                     ___param_bank   equ	0
  1148   000000                     __Lparam        equ	__Lrparam
  1149   000000                     __Hparam        equ	__Hrparam
  1150                           
  1151                           	psect	idloc
  1152                           
  1153                           ;Config register IDLOC0 @ 0x200000
  1154                           ;	unspecified, using default values
  1155   200000                     	org	2097152
  1156   200000  FF                 	db	255
  1157                           
  1158                           ;Config register IDLOC1 @ 0x200001
  1159                           ;	unspecified, using default values
  1160   200001                     	org	2097153
  1161   200001  FF                 	db	255
  1162                           
  1163                           ;Config register IDLOC2 @ 0x200002
  1164                           ;	unspecified, using default values
  1165   200002                     	org	2097154
  1166   200002  FF                 	db	255
  1167                           
  1168                           ;Config register IDLOC3 @ 0x200003
  1169                           ;	unspecified, using default values
  1170   200003                     	org	2097155
  1171   200003  FF                 	db	255
  1172                           
  1173                           ;Config register IDLOC4 @ 0x200004
  1174                           ;	unspecified, using default values
  1175   200004                     	org	2097156
  1176   200004  FF                 	db	255
  1177                           
  1178                           ;Config register IDLOC5 @ 0x200005
  1179                           ;	unspecified, using default values
  1180   200005                     	org	2097157
  1181   200005  FF                 	db	255
  1182                           
  1183                           ;Config register IDLOC6 @ 0x200006
  1184                           ;	unspecified, using default values
  1185   200006                     	org	2097158
  1186   200006  FF                 	db	255
  1187                           
  1188                           ;Config register IDLOC7 @ 0x200007
  1189                           ;	unspecified, using default values
  1190   200007                     	org	2097159
  1191   200007  FF                 	db	255
  1192                           
  1193                           	psect	config
  1194                           
  1195                           ;Config register CONFIG1L @ 0x300000
  1196                           ;	PLL Prescaler Selection bits
  1197                           ;	PLLDIV = 5, Divide by 5 (20 MHz oscillator input)
  1198                           ;	System Clock Postscaler Selection bits
  1199                           ;	CPUDIV = OSC1_PLL2, [Primary Oscillator Src: /1][96 MHz PLL Src: /2]
  1200                           ;	USB Clock Selection bit (used in Full-Speed USB mode only; UCFG:FSEN = 1)
  1201                           ;	USBDIV = 2, USB clock source comes from the 96 MHz PLL divided by 2
  1202   300000                     	org	3145728
  1203   300000  24                 	db	36
  1204                           
  1205                           ;Config register CONFIG1H @ 0x300001
  1206                           ;	Oscillator Selection bits
  1207                           ;	FOSC = HSPLL_HS, HS oscillator, PLL enabled (HSPLL)
  1208                           ;	Fail-Safe Clock Monitor Enable bit
  1209                           ;	FCMEN = 0x0, unprogrammed default
  1210                           ;	Internal/External Oscillator Switchover bit
  1211                           ;	IESO = 0x0, unprogrammed default
  1212   300001                     	org	3145729
  1213   300001  0E                 	db	14
  1214                           
  1215                           ;Config register CONFIG2L @ 0x300002
  1216                           ;	Power-up Timer Enable bit
  1217                           ;	PWRT = ON, PWRT enabled
  1218                           ;	Brown-out Reset Enable bits
  1219                           ;	BOR = ON, Brown-out Reset enabled in hardware only (SBOREN is disabled)
  1220                           ;	Brown-out Reset Voltage bits
  1221                           ;	BORV = 3, Minimum setting 2.05V
  1222                           ;	USB Voltage Regulator Enable bit
  1223                           ;	VREGEN = ON, USB voltage regulator enabled
  1224   300002                     	org	3145730
  1225   300002  3E                 	db	62
  1226                           
  1227                           ;Config register CONFIG2H @ 0x300003
  1228                           ;	Watchdog Timer Enable bit
  1229                           ;	WDT = OFF, WDT disabled (control is placed on the SWDTEN bit)
  1230                           ;	Watchdog Timer Postscale Select bits
  1231                           ;	WDTPS = 0xF, unprogrammed default
  1232   300003                     	org	3145731
  1233   300003  1E                 	db	30
  1234                           
  1235                           ; Padding undefined space
  1236   300004                     	org	3145732
  1237   300004  FF                 	db	255
  1238                           
  1239                           ;Config register CONFIG3H @ 0x300005
  1240                           ;	CCP2 MUX bit
  1241                           ;	CCP2MX = 0x1, unprogrammed default
  1242                           ;	PORTB A/D Enable bit
  1243                           ;	PBADEN = OFF, PORTB<4:0> pins are configured as digital I/O on Reset
  1244                           ;	Low-Power Timer 1 Oscillator Enable bit
  1245                           ;	LPT1OSC = OFF, Timer1 configured for higher power operation
  1246                           ;	MCLR Pin Enable bit
  1247                           ;	MCLRE = ON, MCLR pin enabled; RE3 input pin disabled
  1248   300005                     	org	3145733
  1249   300005  81                 	db	129
  1250                           
  1251                           ;Config register CONFIG4L @ 0x300006
  1252                           ;	Stack Full/Underflow Reset Enable bit
  1253                           ;	STVREN = ON, Stack full/underflow will cause Reset
  1254                           ;	Single-Supply ICSP Enable bit
  1255                           ;	LVP = OFF, Single-Supply ICSP disabled
  1256                           ;	Dedicated In-Circuit Debug/Programming Port (ICPORT) Enable bit
  1257                           ;	ICPRT = OFF, ICPORT disabled
  1258                           ;	Extended Instruction Set Enable bit
  1259                           ;	XINST = OFF, Instruction set extension and Indexed Addressing mode disabled (Legacy mo
      +                          de)
  1260                           ;	Background Debugger Enable bit
  1261                           ;	DEBUG = OFF, Background debugger disabled, RB6 and RB7 configured as general purpose I
      +                          /O pins
  1262   300006                     	org	3145734
  1263   300006  81                 	db	129
  1264                           
  1265                           ; Padding undefined space
  1266   300007                     	org	3145735
  1267   300007  FF                 	db	255
  1268                           
  1269                           ;Config register CONFIG5L @ 0x300008
  1270                           ;	unspecified, using default values
  1271                           ;	Code Protection bit
  1272                           ;	CP0 = 0x1, unprogrammed default
  1273                           ;	Code Protection bit
  1274                           ;	CP1 = 0x1, unprogrammed default
  1275                           ;	Code Protection bit
  1276                           ;	CP2 = 0x1, unprogrammed default
  1277                           ;	Code Protection bit
  1278                           ;	CP3 = 0x1, unprogrammed default
  1279   300008                     	org	3145736
  1280   300008  0F                 	db	15
  1281                           
  1282                           ;Config register CONFIG5H @ 0x300009
  1283                           ;	unspecified, using default values
  1284                           ;	Boot Block Code Protection bit
  1285                           ;	CPB = 0x1, unprogrammed default
  1286                           ;	Data EEPROM Code Protection bit
  1287                           ;	CPD = 0x1, unprogrammed default
  1288   300009                     	org	3145737
  1289   300009  C0                 	db	192
  1290                           
  1291                           ;Config register CONFIG6L @ 0x30000A
  1292                           ;	unspecified, using default values
  1293                           ;	Write Protection bit
  1294                           ;	WRT0 = 0x1, unprogrammed default
  1295                           ;	Write Protection bit
  1296                           ;	WRT1 = 0x1, unprogrammed default
  1297                           ;	Write Protection bit
  1298                           ;	WRT2 = 0x1, unprogrammed default
  1299                           ;	Write Protection bit
  1300                           ;	WRT3 = 0x1, unprogrammed default
  1301   30000A                     	org	3145738
  1302   30000A  0F                 	db	15
  1303                           
  1304                           ;Config register CONFIG6H @ 0x30000B
  1305                           ;	unspecified, using default values
  1306                           ;	Configuration Register Write Protection bit
  1307                           ;	WRTC = 0x1, unprogrammed default
  1308                           ;	Boot Block Write Protection bit
  1309                           ;	WRTB = 0x1, unprogrammed default
  1310                           ;	Data EEPROM Write Protection bit
  1311                           ;	WRTD = 0x1, unprogrammed default
  1312   30000B                     	org	3145739
  1313   30000B  E0                 	db	224
  1314                           
  1315                           ;Config register CONFIG7L @ 0x30000C
  1316                           ;	unspecified, using default values
  1317                           ;	Table Read Protection bit
  1318                           ;	EBTR0 = 0x1, unprogrammed default
  1319                           ;	Table Read Protection bit
  1320                           ;	EBTR1 = 0x1, unprogrammed default
  1321                           ;	Table Read Protection bit
  1322                           ;	EBTR2 = 0x1, unprogrammed default
  1323                           ;	Table Read Protection bit
  1324                           ;	EBTR3 = 0x1, unprogrammed default
  1325   30000C                     	org	3145740
  1326   30000C  0F                 	db	15
  1327                           
  1328                           ;Config register CONFIG7H @ 0x30000D
  1329                           ;	unspecified, using default values
  1330                           ;	Boot Block Table Read Protection bit
  1331                           ;	EBTRB = 0x1, unprogrammed default
  1332   30000D                     	org	3145741
  1333   30000D  40                 	db	64
  1334                           tosu	equ	0xFFF
  1335                           tosh	equ	0xFFE
  1336                           tosl	equ	0xFFD
  1337                           stkptr	equ	0xFFC
  1338                           pclatu	equ	0xFFB
  1339                           pclath	equ	0xFFA
  1340                           pcl	equ	0xFF9
  1341                           tblptru	equ	0xFF8
  1342                           tblptrh	equ	0xFF7
  1343                           tblptrl	equ	0xFF6
  1344                           tablat	equ	0xFF5
  1345                           prodh	equ	0xFF4
  1346                           prodl	equ	0xFF3
  1347                           indf0	equ	0xFEF
  1348                           postinc0	equ	0xFEE
  1349                           postdec0	equ	0xFED
  1350                           preinc0	equ	0xFEC
  1351                           plusw0	equ	0xFEB
  1352                           fsr0h	equ	0xFEA
  1353                           fsr0l	equ	0xFE9
  1354                           wreg	equ	0xFE8
  1355                           indf1	equ	0xFE7
  1356                           postinc1	equ	0xFE6
  1357                           postdec1	equ	0xFE5
  1358                           preinc1	equ	0xFE4
  1359                           plusw1	equ	0xFE3
  1360                           fsr1h	equ	0xFE2
  1361                           fsr1l	equ	0xFE1
  1362                           bsr	equ	0xFE0
  1363                           indf2	equ	0xFDF
  1364                           postinc2	equ	0xFDE
  1365                           postdec2	equ	0xFDD
  1366                           preinc2	equ	0xFDC
  1367                           plusw2	equ	0xFDB
  1368                           fsr2h	equ	0xFDA
  1369                           fsr2l	equ	0xFD9
  1370                           status	equ	0xFD8

Data Sizes:
    Strings     0
    Constant    16
    Data        0
    BSS         0
    Persistent  0
    Stack       0

Auto Spaces:
    Space          Size  Autos    Used
    COMRAM           95     27      27
    BANK0           160      0       0
    BANK1           256      0       0
    BANK2           256      0       0
    BANK3           256      0       0
    BANK4           256      0       0
    BANK5           256      0       0
    BANK6           256      0       0
    BANK7           256      0       0

Pointer List with Targets:

    None.

Critical Paths under _main in COMRAM

    _main->_mostra_valor
    _mostra_valor->___awmod
    ___awmod->___awdiv

Critical Paths under _main in BANK0

    None.

Critical Paths under _main in BANK1

    None.

Critical Paths under _main in BANK2

    None.

Critical Paths under _main in BANK3

    None.

Critical Paths under _main in BANK4

    None.

Critical Paths under _main in BANK5

    None.

Critical Paths under _main in BANK6

    None.

Critical Paths under _main in BANK7

    None.

Call Graph Tables:

 ---------------------------------------------------------------------------------
 (Depth) Function   	        Calls       Base Space   Used Autos Params    Refs
 ---------------------------------------------------------------------------------
 (0) _main                                                 2     2      0     888
                                             25 COMRAM     2     2      0
                        _delay_100ms
                       _mostra_valor
 ---------------------------------------------------------------------------------
 (1) _mostra_valor                                        11     9      2     789
                                             14 COMRAM    11     9      2
                            ___awdiv
                            ___awmod
 ---------------------------------------------------------------------------------
 (2) ___awmod                                              6     2      4     302
                                              8 COMRAM     6     2      4
                            ___awdiv (ARG)
 ---------------------------------------------------------------------------------
 (2) ___awdiv                                              8     4      4     306
                                              0 COMRAM     8     4      4
 ---------------------------------------------------------------------------------
 (1) _delay_100ms                                          3     3      0      30
                                              0 COMRAM     3     3      0
 ---------------------------------------------------------------------------------
 Estimated maximum stack depth 2
 ---------------------------------------------------------------------------------

 Call Graph Graphs:

 _main (ROOT)
   _delay_100ms
   _mostra_valor
     ___awdiv
     ___awmod
       ___awdiv (ARG)

Address spaces:
Name               Size   Autos  Total    Usage
BITCOMRAM           95      0       0      0.0%
BITBANK0           160      0       0      0.0%
BITBANK1           256      0       0      0.0%
BITBANK2           256      0       0      0.0%
BITBANK3           256      0       0      0.0%
BITBANK4           256      0       0      0.0%
BITBANK5           256      0       0      0.0%
BITBANK6           256      0       0      0.0%
BITBANK7           256      0       0      0.0%
BITBIGSFRh         126      0       0      0.0%
BITBIGSFRl          33      0       0      0.0%
COMRAM              95     27      27     28.4%
BANK0              160      0       0      0.0%
BANK1              256      0       0      0.0%
BANK2              256      0       0      0.0%
BANK3              256      0       0      0.0%
BANK4              256      0       0      0.0%
BANK5              256      0       0      0.0%
BANK6              256      0       0      0.0%
BANK7              256      0       0      0.0%
BIGRAM            2047      0       0      0.0%
STACK                0      0       0      0.0%
DATA                 0      0      27      0.0%


Microchip Technology PIC18 Macro Assembler V3.00 build 20241204225717 
Symbol Table                                                                                   Thu Oct 30 16:00:37 2025

                     l41 0AA8                       l51 0BA8                       l37 0A68  
                     l54 0942             ___awdiv@sign 0006                      l301 0B6E  
                    l288 0A04                      l920 095C                      l930 0982  
                    l922 0960                      l914 0944                      l860 0B70  
                    l940 09B8                      l932 0994                      l924 096E  
                    l916 0946                      l942 09CE                      l934 099C  
                    l950 09E4                      l926 0976                      l918 0954  
                    l952 09F4                      l944 09D6                      l936 09A4  
                    l928 097A                      l960 0AC4                      l866 0B78  
                    l954 09FC                      l946 09D8                      l938 09B2  
                    l970 0AF4                      l962 0AD2                      l868 0B88  
                    l948 09DE                      l980 0B3A                      l972 0B06  
                    l964 0ADA                      l990 0B66                      l982 0B42  
                    l974 0B0E                      l966 0ADE                      l958 0AC2  
                    l984 0B48                      l976 0B16                      l968 0AEC  
                    l978 0B24                      l986 0B4E                      l994 0812  
                    l988 0B5E                      l996 08AA                      l998 08AC  
                    u200 0954                      u201 0950                      u130 0BA8  
                    u210 096E                      u131 0BA4                      u211 096A  
                    u220 0994                      u300 0B3A                      u221 0990  
                    u301 0B36                      u230 09B2                      u310 0B5E  
                    u231 09AE                      u311 0B5A                      u240 09CE  
                    u320 0A48                      u241 09CA                      u321 0A44  
                    u250 09F4                      u330 0A64                      u251 09F0  
                    u331 0A60                      u260 0AD2                      u340 0A76  
                    u261 0ACE                      u341 0A72                      u270 0AEC  
                    u350 0A88                      u271 0AE8                      u407 0914  
                    u351 0A84                      u280 0B06                      u360 0AA2  
                    u281 0B02                      u417 093A                      u361 0A9E  
                    u290 0B24                      u370 0AB6                      u427 0B7E  
                    u291 0B20                      u371 0AB2                      u387 08C8  
                    u397 08EE   __end_of_display_values 0811             ___awmod@sign 000E  
                    wreg 0FE8                     l1000 08AE                     l1010 08D2  
                   l1002 08B0                     l1020 08F6                     l1012 08D4  
                   l1004 08B2                     l1030 090E                     l1022 08F8  
                   l1014 08D6                     l1006 08C2                     l1040 0924  
                   l1032 091C                     l1024 08FA                     l1016 08D8  
                   l1008 08D0                     l1042 0934                     l1034 091E  
                   l1026 08FC                     l1018 08E8                     l1050 0A12  
                   l1036 0920                     l1028 08FE                     l1060 0A1C  
                   l1052 0A14                     l1044 0A06                     l1038 0922  
                   l1070 0A2E                     l1062 0A1E                     l1054 0A16  
                   l1046 0A0E                     l1080 0A7A                     l1072 0A3A  
                   l1064 0A20                     l1056 0A18                     l1048 0A10  
                   l1082 0A88                     l1074 0A48                     l1066 0A22  
                   l1058 0A1A                     l1084 0AA2                     l1076 0A64  
                   l1068 0A24                     l1086 0AB6                     l1078 0A76  
                   _LATD 0F8C                     _main 0A06                     start 7FFC  
           ___param_bank 0000        mostra_valor@valor 000F                    ?_main 0001  
        __end_of___awdiv 0A06          __end_of___awmod 0B70                    _CMCON 0FB4  
        ___awdiv@divisor 0003          ___awdiv@counter 0005                    _TRISD 0F95  
                  tablat 0FF5                    status 0FD8          __initialization 0BAA  
           __end_of_main 0AC2                   ??_main 001A            __activetblptr 0001  
     mostra_valor@dezena 0016       mostra_valor@milhar 0012                   _ADCON1 0FC1  
       ___awdiv@dividend 0001                ??___awdiv 0005                ??___awmod 000D  
       ___awdiv@quotient 0007          ___awmod@divisor 000B                   isa$std 0001  
        ___awmod@counter 000D             __mediumconst 0800                   tblptrh 0FF7  
                 tblptrl 0FF6                   tblptru 0FF8               __accesstop 0060  
__end_of__initialization 0BAA            ___rparam_used 0001           __pcstackCOMRAM 0001  
    mostra_valor@centena 0014      mostra_valor@unidade 0018                  __Hparam 0000  
                __Lparam 0000                  ___awdiv 0944                  ___awmod 0AC2  
           __psmallconst 0800                  __pcinit 0BAA                  __ramtop 0800  
                __ptext0 0A06                  __ptext1 0812                  __ptext2 0AC2  
                __ptext3 0944                  __ptext4 0B70         ___awmod@dividend 0009  
          ??_delay_100ms 0001     end_of_initialization 0BAA            ?_mostra_valor 000F  
              _PORTBbits 0F81                _TRISAbits 0F92                _TRISBbits 0F93  
              _TRISEbits 0F96           ??_mostra_valor 0011      __end_of_delay_100ms 0BAA  
    start_initialization 0BAA              _delay_100ms 0B70             delay_100ms@i 0002  
               ?___awdiv 0001                 ?___awmod 0009     __end_of_mostra_valor 0944  
            __smallconst 0800                 _LATAbits 0F89                 _LATEbits 0F8D  
              main@valor 001A              _INTCON2bits 0FF1                 __Hrparam 0000  
               __Lrparam 0000             __Lsmallconst 0800                 isa$xinst 0000  
           ?_delay_100ms 0001             _mostra_valor 0812           _display_values 0801  
