

Microchip Technology PIC18 LITE Macro Assembler V1.34 build -361300703 
                                                                                               Wed Nov 12 10:19:50 2025

Microchip Technology Omniscient Code Generator (Lite mode) build 201502162209
     1                           	processor	18F4550
     2                           	fnconf	rparam,??,?,0
     3                           	opt	pw 120
     4                           	opt	lm
     5                           	psect	text0,global,reloc=2,class=CODE,delta=1
     6                           	psect	cinit,global,reloc=2,class=CODE,delta=1
     7                           	psect	cstackCOMRAM,global,class=COMRAM,space=1,delta=1
     8                           	psect	text1,global,reloc=2,class=CODE,delta=1
     9                           	psect	text2,global,reloc=2,class=CODE,delta=1
    10                           	psect	intsave_regs,global,class=BIGRAM,space=1,delta=1
    11                           	psect	rparam,global,class=COMRAM,space=1,delta=1
    12  0000                     _ADRES	set	4035
    13  0000                     _ADCON0	set	4034
    14  0000                     _ADCON0bits	set	4034
    15  0000                     _ADCON1	set	4033
    16  0000                     _ADCON2	set	4032
    17  0000                     _INTCON2bits	set	4081
    18  0000                     _LATD	set	3980
    19  0000                     _TRISD	set	3989
    20                           
    21 ;;
    22 ;;Main: autosize = 0, tempsize = 3, incstack = 0, save=0
    23 ;;
    24 ;; *************** function _main *****************
    25 ;; Defined at:
    26 ;;		line 38 in file "../../src/main.c"
    27 ;; Parameters:    Size  Location     Type
    28 ;;		None
    29 ;; Auto vars:     Size  Location     Type
    30 ;;  ad_value        2    6[COMRAM] unsigned int 
    31 ;;  n_leds_on       1    9[COMRAM] unsigned char 
    32 ;;  led_mask        1    8[COMRAM] unsigned char 
    33 ;; Return value:  Size  Location     Type
    34 ;;		None               void
    35 ;; Registers used:
    36 ;;		wreg, status,2, status,0, cstack
    37 ;; Tracked objects:
    38 ;;		On entry : 0/0
    39 ;;		On exit  : 0/0
    40 ;;		Unchanged: 0/0
    41 ;; Data sizes:     COMRAM   BANK0   BANK1   BANK2   BANK3   BANK4   BANK5   BANK6   BANK7
    42 ;;      Params:         0       0       0       0       0       0       0       0       0
    43 ;;      Locals:         4       0       0       0       0       0       0       0       0
    44 ;;      Temps:          3       0       0       0       0       0       0       0       0
    45 ;;      Totals:         7       0       0       0       0       0       0       0       0
    46 ;;Total ram usage:        7 bytes
    47 ;; Hardware stack levels required when called:    1
    48 ;; This function calls:
    49 ;;		_AD_Read
    50 ;;		_delay_50ms
    51 ;; This function is called by:
    52 ;;		Startup code after reset
    53 ;; This function uses a non-reentrant model
    54 ;;
    55                           
    56                           	psect	text0
    57  007F90                     __ptext0:
    58                           	opt stack 0
    59  007F90                     _main:
    60                           	opt stack 30
    61                           
    62                           ;main.c: 43: ADCON1 = 0b00001110;
    63                           
    64                           ;incstack = 0
    65  007F90  0E0E               	movlw	14
    66  007F92  6EC1               	movwf	4033,c	;volatile
    67                           
    68                           ;main.c: 49: ADCON2 = 0b10101110;
    69  007F94  0EAE               	movlw	174
    70  007F96  6EC0               	movwf	4032,c	;volatile
    71                           
    72                           ;main.c: 54: ADCON0 = 0b00000001;
    73  007F98  0E01               	movlw	1
    74  007F9A  6EC2               	movwf	4034,c	;volatile
    75                           
    76                           ;main.c: 59: INTCON2bits.RBPU = 0;
    77  007F9C  9EF1               	bcf	intcon2,7,c	;volatile
    78                           
    79                           ;main.c: 62: TRISD = 0x00;
    80  007F9E  0E00               	movlw	0
    81  007FA0  6E95               	movwf	3989,c	;volatile
    82                           
    83                           ;main.c: 64: LATD = 0xFF;
    84  007FA2  688C               	setf	3980,c	;volatile
    85  007FA4  D000               	goto	l670
    86  007FA6                     l670:
    87                           
    88                           ;main.c: 72: ad_value = AD_Read();
    89  007FA6  ECA4  F03F         	call	_AD_Read	;wreg free
    90  007FAA  C001  F007         	movff	?_AD_Read,main@ad_value
    91  007FAE  C002  F008         	movff	?_AD_Read+1,main@ad_value+1
    92                           
    93                           ;main.c: 78: n_leds_on = ad_value >> 7;
    94  007FB2  C007  F004         	movff	main@ad_value,??_main
    95  007FB6  C008  F005         	movff	main@ad_value+1,??_main+1
    96  007FBA  0E07               	movlw	7
    97  007FBC  6E06               	movwf	(??_main+2)& (0+255),c
    98  007FBE                     u85:
    99  007FBE  90D8               	bcf	status,0,c
   100  007FC0  3205               	rrcf	??_main+1,f,c
   101  007FC2  3204               	rrcf	??_main,f,c
   102  007FC4  2E06               	decfsz	(??_main+2)& (0+255),f,c
   103  007FC6  D7FB               	goto	u85
   104  007FC8  5004               	movf	??_main,w,c
   105  007FCA  6E0A               	movwf	main@n_leds_on,c
   106                           
   107                           ;main.c: 81: if (n_leds_on > 8) {
   108  007FCC  0E08               	movlw	8
   109  007FCE  640A               	cpfsgt	main@n_leds_on,c
   110  007FD0  D003               	goto	l678
   111                           
   112                           ;main.c: 82: n_leds_on = 8;
   113  007FD2  0E08               	movlw	8
   114  007FD4  6E0A               	movwf	main@n_leds_on,c
   115  007FD6  D000               	goto	l678
   116  007FD8                     l678:
   117                           
   118                           ;main.c: 83: }
   119                           ;main.c: 86: led_mask = (0x01 << n_leds_on) - 1;
   120  007FD8  C00A  F004         	movff	main@n_leds_on,??_main
   121  007FDC  0E01               	movlw	1
   122  007FDE  6E05               	movwf	(??_main+1)& (0+255),c
   123  007FE0  2A04               	incf	??_main,f,c
   124  007FE2  D002               	goto	u104
   125  007FE4                     u105:
   126  007FE4  90D8               	bcf	status,0,c
   127  007FE6  3605               	rlcf	??_main+1,f,c
   128  007FE8                     u104:
   129  007FE8  2E04               	decfsz	??_main,f,c
   130  007FEA  D7FC               	goto	u105
   131  007FEC  0405               	decf	??_main+1,w,c
   132  007FEE  6E09               	movwf	main@led_mask,c
   133                           
   134                           ;main.c: 88: LATD = ~led_mask;
   135  007FF0  5009               	movf	main@led_mask,w,c
   136  007FF2  0AFF               	xorlw	255
   137  007FF4  6E8C               	movwf	3980,c	;volatile
   138                           
   139                           ;main.c: 105: delay_50ms();
   140  007FF6  ECAD  F03F         	call	_delay_50ms	;wreg free
   141  007FFA  D7D5               	goto	l670
   142  007FFC  EF00  F000         	goto	start
   143  008000                     __end_of_main:
   144                           	opt stack 0
   145                           intcon2	equ	0xFF1
   146                           status	equ	0xFD8
   147                           
   148                           	psect	cinit
   149  007F42                     __pcinit:
   150                           	opt stack 0
   151  007F42                     start_initialization:
   152                           	opt stack 0
   153  007F42                     __initialization:
   154                           	opt stack 0
   155  007F42                     end_of_initialization:
   156                           	opt stack 0
   157  007F42                     __end_of__initialization:
   158                           	opt stack 0
   159  007F42  0100               	movlb	0
   160  007F44  EFC8  F03F         	goto	_main	;jump to C main() function
   161                           intcon2	equ	0xFF1
   162                           status	equ	0xFD8
   163                           
   164                           	psect	cstackCOMRAM
   165  000001                     __pcstackCOMRAM:
   166                           	opt stack 0
   167  000001                     ??_delay_50ms:
   168  000001                     ?_AD_Read:
   169                           	opt stack 0
   170                           
   171                           ; 2 bytes @ 0x0
   172  000001                     	ds	1
   173  000002                     delay_50ms@i:
   174                           	opt stack 0
   175                           
   176                           ; 2 bytes @ 0x1
   177  000002                     	ds	1
   178  000003                     
   179                           ; 0 bytes @ 0x2
   180  000003                     	ds	1
   181  000004                     ??_main:
   182                           
   183                           ; 0 bytes @ 0x3
   184  000004                     	ds	3
   185  000007                     main@ad_value:
   186                           	opt stack 0
   187                           
   188                           ; 2 bytes @ 0x6
   189  000007                     	ds	2
   190  000009                     main@led_mask:
   191                           	opt stack 0
   192                           
   193                           ; 1 bytes @ 0x8
   194  000009                     	ds	1
   195  00000A                     main@n_leds_on:
   196                           	opt stack 0
   197                           
   198                           ; 1 bytes @ 0x9
   199  00000A                     	ds	1
   200                           intcon2	equ	0xFF1
   201                           status	equ	0xFD8
   202                           
   203 ;; *************** function _delay_50ms *****************
   204 ;; Defined at:
   205 ;;		line 130 in file "../../src/main.c"
   206 ;; Parameters:    Size  Location     Type
   207 ;;		None
   208 ;; Auto vars:     Size  Location     Type
   209 ;;  i               2    1[COMRAM] int 
   210 ;; Return value:  Size  Location     Type
   211 ;;		None               void
   212 ;; Registers used:
   213 ;;		wreg, status,2, status,0
   214 ;; Tracked objects:
   215 ;;		On entry : 0/0
   216 ;;		On exit  : 0/0
   217 ;;		Unchanged: 0/0
   218 ;; Data sizes:     COMRAM   BANK0   BANK1   BANK2   BANK3   BANK4   BANK5   BANK6   BANK7
   219 ;;      Params:         0       0       0       0       0       0       0       0       0
   220 ;;      Locals:         2       0       0       0       0       0       0       0       0
   221 ;;      Temps:          1       0       0       0       0       0       0       0       0
   222 ;;      Totals:         3       0       0       0       0       0       0       0       0
   223 ;;Total ram usage:        3 bytes
   224 ;; Hardware stack levels used:    1
   225 ;; This function calls:
   226 ;;		Nothing
   227 ;; This function is called by:
   228 ;;		_main
   229 ;; This function uses a non-reentrant model
   230 ;;
   231                           
   232                           	psect	text1
   233  007F5A                     __ptext1:
   234                           	opt stack 0
   235  007F5A                     _delay_50ms:
   236                           	opt stack 30
   237                           
   238                           ;main.c: 133: for(int i = 0; i < 5; i++){
   239                           
   240                           ;incstack = 0
   241  007F5A  0E00               	movlw	0
   242  007F5C  6E03               	movwf	delay_50ms@i+1,c
   243  007F5E  0E00               	movlw	0
   244  007F60  6E02               	movwf	delay_50ms@i,c
   245  007F62                     l634:
   246  007F62  BE03               	btfsc	delay_50ms@i+1,7,c
   247  007F64  D008               	goto	l638
   248  007F66  5003               	movf	delay_50ms@i+1,w,c
   249  007F68  E112               	bnz	l40
   250  007F6A  0E05               	movlw	5
   251  007F6C  5C02               	subwf	delay_50ms@i,w,c
   252  007F6E  B0D8               	btfsc	status,0,c
   253  007F70  D00E               	goto	l40
   254  007F72  D001               	goto	l638
   255  007F74  D00C               	goto	l40
   256  007F76                     l638:
   257                           
   258                           ;main.c: 134: _delay((unsigned long)((10)*(48000000UL/4000.0)));
   259  007F76  0E9C               	movlw	156
   260  007F78  6E01               	movwf	??_delay_50ms& (0+255),c
   261  007F7A  0ED7               	movlw	215
   262  007F7C                     u117:
   263  007F7C  2EE8               	decfsz	wreg,f,c
   264  007F7E  D7FE               	goto	u117
   265  007F80  2E01               	decfsz	??_delay_50ms& (0+255),f,c
   266  007F82  D7FC               	goto	u117
   267  007F84  F000               	nop	
   268  007F86  4A02               	infsnz	delay_50ms@i,f,c
   269  007F88  2A03               	incf	delay_50ms@i+1,f,c
   270  007F8A  D7EB               	goto	l634
   271  007F8C  D000               	goto	l40
   272  007F8E                     l40:
   273  007F8E  0012               	return		;funcret
   274  007F90                     __end_of_delay_50ms:
   275                           	opt stack 0
   276                           intcon2	equ	0xFF1
   277                           wreg	equ	0xFE8
   278                           status	equ	0xFD8
   279                           
   280 ;; *************** function _AD_Read *****************
   281 ;; Defined at:
   282 ;;		line 111 in file "../../src/main.c"
   283 ;; Parameters:    Size  Location     Type
   284 ;;		None
   285 ;; Auto vars:     Size  Location     Type
   286 ;;		None
   287 ;; Return value:  Size  Location     Type
   288 ;;                  2    0[COMRAM] unsigned int 
   289 ;; Registers used:
   290 ;;		None
   291 ;; Tracked objects:
   292 ;;		On entry : 0/0
   293 ;;		On exit  : 0/0
   294 ;;		Unchanged: 0/0
   295 ;; Data sizes:     COMRAM   BANK0   BANK1   BANK2   BANK3   BANK4   BANK5   BANK6   BANK7
   296 ;;      Params:         2       0       0       0       0       0       0       0       0
   297 ;;      Locals:         0       0       0       0       0       0       0       0       0
   298 ;;      Temps:          0       0       0       0       0       0       0       0       0
   299 ;;      Totals:         2       0       0       0       0       0       0       0       0
   300 ;;Total ram usage:        2 bytes
   301 ;; Hardware stack levels used:    1
   302 ;; This function calls:
   303 ;;		Nothing
   304 ;; This function is called by:
   305 ;;		_main
   306 ;; This function uses a non-reentrant model
   307 ;;
   308                           
   309                           	psect	text2
   310  007F48                     __ptext2:
   311                           	opt stack 0
   312  007F48                     _AD_Read:
   313                           	opt stack 30
   314                           
   315                           ;main.c: 114: ADCON0bits.GO_DONE = 1;
   316                           
   317                           ;incstack = 0
   318  007F48  82C2               	bsf	4034,1,c	;volatile
   319                           
   320                           ;main.c: 117: while(ADCON0bits.GO_DONE);
   321  007F4A  D000               	goto	l32
   322  007F4C                     l32:
   323  007F4C  B2C2               	btfsc	4034,1,c	;volatile
   324  007F4E  D7FE               	goto	l32
   325                           
   326                           ;main.c: 122: return ADRES;
   327  007F50  CFC3 F001          	movff	4035,?_AD_Read	;volatile
   328  007F54  CFC4 F002          	movff	4036,?_AD_Read+1	;volatile
   329  007F58  0012               	return		;funcret
   330  007F5A                     __end_of_AD_Read:
   331                           	opt stack 0
   332  0000                     intcon2	equ	0xFF1
   333                           wreg	equ	0xFE8
   334                           status	equ	0xFD8
   335                           intcon2	equ	0xFF1
   336                           wreg	equ	0xFE8
   337                           status	equ	0xFD8
   338                           
   339                           	psect	rparam
   340  0000                     intcon2	equ	0xFF1
   341                           wreg	equ	0xFE8
   342                           status	equ	0xFD8


Data Sizes:
    Strings     0
    Constant    0
    Data        0
    BSS         0
    Persistent  0
    Stack       0

Auto Spaces:
    Space          Size  Autos    Used
    COMRAM           95     10      10
    BANK0           160      0       0
    BANK1           256      0       0
    BANK2           256      0       0
    BANK3           256      0       0
    BANK4           256      0       0
    BANK5           256      0       0
    BANK6           256      0       0
    BANK7           256      0       0

Pointer List with Targets:

    None.

Critical Paths under _main in COMRAM

    _main->_delay_50ms

Critical Paths under _main in BANK0

    None.

Critical Paths under _main in BANK1

    None.

Critical Paths under _main in BANK2

    None.

Critical Paths under _main in BANK3

    None.

Critical Paths under _main in BANK4

    None.

Critical Paths under _main in BANK5

    None.

Critical Paths under _main in BANK6

    None.

Critical Paths under _main in BANK7

    None.

Call Graph Tables:

 ---------------------------------------------------------------------------------
 (Depth) Function   	        Calls       Base Space   Used Autos Params    Refs
 ---------------------------------------------------------------------------------
 (0) _main                                                 7     7      0     122
                                              3 COMRAM     7     7      0
                            _AD_Read
                         _delay_50ms
 ---------------------------------------------------------------------------------
 (1) _delay_50ms                                           3     3      0      30
                                              0 COMRAM     3     3      0
 ---------------------------------------------------------------------------------
 (1) _AD_Read                                              2     0      2       0
                                              0 COMRAM     2     0      2
 ---------------------------------------------------------------------------------
 Estimated maximum stack depth 1
 ---------------------------------------------------------------------------------

 Call Graph Graphs:

 _main (ROOT)
   _AD_Read
   _delay_50ms

 Address spaces:
Name               Size   Autos  Total    Cost      Usage
BITCOMRAM           5F      0       0       0        0.0%
EEDATA             100      0       0       0        0.0%
NULL                 0      0       0       0        0.0%
CODE                 0      0       0       0        0.0%
COMRAM              5F      A       A       1       10.5%
STACK                0      0       0       2        0.0%
DATA                 0      0       0       3        0.0%
BITBANK0            A0      0       0       4        0.0%
BANK0               A0      0       0       5        0.0%
BITBANK1           100      0       0       6        0.0%
BANK1              100      0       0       7        0.0%
BITBANK2           100      0       0       8        0.0%
BANK2              100      0       0       9        0.0%
BITBANK3           100      0       0      10        0.0%
BANK3              100      0       0      11        0.0%
BITBANK4           100      0       0      12        0.0%
BANK4              100      0       0      13        0.0%
BITBANK5           100      0       0      14        0.0%
BANK5              100      0       0      15        0.0%
BITBANK6           100      0       0      16        0.0%
BANK6              100      0       0      17        0.0%
BITBANK7           100      0       0      18        0.0%
BANK7              100      0       0      19        0.0%
ABS                  0      0       0      20        0.0%
BIGRAM             7FF      0       0      21        0.0%
BITSFR               0      0       0      40        0.0%
SFR                  0      0       0      40        0.0%


Microchip Technology PIC18 Macro Assembler V1.34 build -361300703 
Symbol Table                                                                                   Wed Nov 12 10:19:50 2025

                     l32 7F4C                       l40 7F8E                       u85 7FBE  
            __CFG_BOR$ON 000000              __CFG_BORV$3 000000                      l634 7F62  
                    l638 7F76                      l670 7FA6                      l678 7FD8  
                    u104 7FE8                      u105 7FE4                      u117 7F7C  
                    wreg 000FE8          __end_of_AD_Read 7F5A             __CFG_LVP$OFF 000000  
           __CFG_WDT$OFF 000000                     _LATD 000F8C             __CFG_PWRT$ON 000000  
                   _main 7F90                     start 0000             main@ad_value 0007  
          __CFG_MCLRE$ON 000000             ___param_bank 000010            __CFG_PLLDIV$5 000000  
           main@led_mask 0009                    ?_main 0001                    _ADRES 000FC3  
         __CFG_DEBUG$OFF 000000            __CFG_USBDIV$2 000000                    _TRISD 000F95  
                  status 000FD8           __CFG_ICPRT$OFF 000000          __initialization 7F42  
           __end_of_main 8000                   ??_main 0004                ??_AD_Read 0003  
          __activetblptr 000000                   _ADCON0 000FC2                   _ADCON1 000FC1  
                 _ADCON2 000FC0            main@n_leds_on 000A           __CFG_VREGEN$ON 000000  
         __CFG_XINST$OFF 000000           __CFG_STVREN$ON 000000               __accesstop 0060  
__end_of__initialization 7F42          __CFG_PBADEN$OFF 000000            ___rparam_used 000001  
         __pcstackCOMRAM 0001               _delay_50ms 7F5A                  _AD_Read 7F48  
                __Hparam 0000                  __Lparam 0000                  __pcinit 7F42  
                __ramtop 0800                  __ptext0 7F90                  __ptext1 7F5A  
                __ptext2 7F48     end_of_initialization 7F42              ?_delay_50ms 0001  
    __size_of_delay_50ms 0036      start_initialization 7F42         __CFG_LPT1OSC$OFF 000000  
               ?_AD_Read 0001             ??_delay_50ms 0001               _ADCON0bits 000FC2  
       __size_of_AD_Read 0012       __end_of_delay_50ms 7F90              _INTCON2bits 000FF1  
               __Hrparam 0000                 __Lrparam 0000              delay_50ms@i 0002  
          __size_of_main 0070    __CFG_CPUDIV$OSC1_PLL2 000000       __CFG_FOSC$HSPLL_HS 000000  
