MPASM 5.83                          MAIN.ASM   10-29-2025  23:01:56         PAGE  1


LOC  OBJECT CODE     LINE SOURCE TEXT
  VALUE

                      00001 ;*******************************************************************************
                      00002 ; Projeto: Display com seleçăo (00-99)
                      00003 ; Autor: Augusto H.S.M e Samuel A.O.R
                      00004 ; Data: 30/10/2025
                      00005 ; INC = RB0 / DEC = RB1
                      00006 ; Unidades = PORTC(0..6) / Dezenas = PORTD(0..6)
                      00007 ;*******************************************************************************
                      00008 ;                                                                              *
                      00009 ;    Known Issues: None
                      00010 ;                                                                              *
                      00011 ;*******************************************************************************
                      00012 ;                                                                              *
                      00013 ;    Revision History:                                                         *
                      00014 ;    25/10/2025 - Criacao                                                      *
                      00015 ;                                                                              *
                      00016 ;*******************************************************************************
                      00017 ;*******************************************************************************
                      00018 ; PIC18F4550 Configuration Bit Settings
                      00019 ;*******************************************************************************
                      00020 #include "p18f4550.inc"
                      00001         LIST
                      00002 
                      00003 ;==========================================================================
                      00004 ; Build date : Jan 21 2019
                      00005 ;  MPASM PIC18F4550 processor include
                      00006 ; 
                      00007 ;  (c) Copyright 1999-2019 Microchip Technology, All rights reserved
                      00008 ;==========================================================================
                      00009 
                      01765         LIST
                      00021 
                      00022 ; CONFIG1L
                      00023   CONFIG  PLLDIV = 1            ; PLL Prescaler Selection bits (No prescale (4 MHz oscillator input driv
                            es PLL directly))
                      00024   CONFIG  CPUDIV = OSC1_PLL2    ; System Clock Postscaler Selection bits ([Primary Oscillator Src: /1][9
                            6 MHz PLL Src: /2])
                      00025   CONFIG  USBDIV = 1            ; USB Clock Selection bit (used in Full-Speed USB mode only; UCFG:FSEN =
                             1) (USB clock source comes directly from the primary oscillator block with no postscale)
                      00026 
                      00027 ; CONFIG1H
                      00028   CONFIG  FOSC = INTOSCIO_EC    ; Oscillator Selection bits (XT oscillator (XT))
                      00029   CONFIG  FCMEN = OFF           ; Fail-Safe Clock Monitor Enable bit (Fail-Safe Clock Monitor disabled)
                      00030   CONFIG  IESO = OFF            ; Internal/External Oscillator Switchover bit (Oscillator Switchover mod
                            e disabled)
                      00031 
                      00032 ; CONFIG2L
                      00033   CONFIG  PWRT = ON             ; Power-up Timer Enable bit (PWRT enabled)
                      00034   CONFIG  BOR = OFF             ; Brown-out Reset Enable bits (Brown-out Reset disabled in hardware and 
                            software)
                      00035   CONFIG  BORV = 0              ; Brown-out Reset Voltage bits (Maximum setting 4.59V)
                      00036   CONFIG  VREGEN = OFF          ; USB Voltage Regulator Enable bit (USB voltage regulator disabled)
                      00037 
                      00038 ; CONFIG2H
MPASM 5.83                          MAIN.ASM   10-29-2025  23:01:56         PAGE  2


LOC  OBJECT CODE     LINE SOURCE TEXT
  VALUE

                      00039   CONFIG  WDT = OFF             ; Watchdog Timer Enable bit (WDT disabled (control is placed on the SWDT
                            EN bit))
                      00040   CONFIG  WDTPS = 1             ; Watchdog Timer Postscale Select bits (1:1)
                      00041 
                      00042 ; CONFIG3H
                      00043   CONFIG  CCP2MX = OFF          ; CCP2 MUX bit (CCP2 input/output is multiplexed with RB3)
                      00044   CONFIG  PBADEN = OFF          ; PORTB A/D Enable bit (PORTB<4:0> pins are configured as digital I/O on
                             Reset)
                      00045   CONFIG  LPT1OSC = OFF         ; Low-Power Timer 1 Oscillator Enable bit (Timer1 configured for higher 
                            power operation)
                      00046   CONFIG  MCLRE = OFF           ; MCLR Pin Enable bit (RE3 input pin enabled; MCLR pin disabled)
                      00047 
                      00048 ; CONFIG4L
                      00049   CONFIG  STVREN = OFF          ; Stack Full/Underflow Reset Enable bit (Stack full/underflow will not c
                            ause Reset)
                      00050   CONFIG  LVP = OFF             ; Single-Supply ICSP Enable bit (Single-Supply ICSP disabled)
                      00051   CONFIG  ICPRT = OFF           ; Dedicated In-Circuit Debug/Programming Port (ICPORT) Enable bit (ICPOR
                            T disabled)
                      00052   CONFIG  XINST = OFF           ; Extended Instruction Set Enable bit (Instruction set extension and Ind
                            exed Addressing mode disabled (Legacy mode))
                      00053 
                      00054 ; CONFIG5L
                      00055   CONFIG  CP0 = ON              ; Code Protection bit (Block 0 (000800-001FFFh) is code-protected)
                      00056   CONFIG  CP1 = ON              ; Code Protection bit (Block 1 (002000-003FFFh) is code-protected)
                      00057   CONFIG  CP2 = ON              ; Code Protection bit (Block 2 (004000-005FFFh) is code-protected)
                      00058   CONFIG  CP3 = ON              ; Code Protection bit (Block 3 (006000-007FFFh) is code-protected)
                      00059 
                      00060 ; CONFIG5H
                      00061   CONFIG  CPB = ON              ; Boot Block Code Protection bit (Boot block (000000-0007FFh) is code-pr
                            otected)
                      00062   CONFIG  CPD = ON              ; Data EEPROM Code Protection bit (Data EEPROM is code-protected)
                      00063 
                      00064 ; CONFIG6L
                      00065   CONFIG  WRT0 = ON             ; Write Protection bit (Block 0 (000800-001FFFh) is write-protected)
                      00066   CONFIG  WRT1 = ON             ; Write Protection bit (Block 1 (002000-003FFFh) is write-protected)
                      00067   CONFIG  WRT2 = ON             ; Write Protection bit (Block 2 (004000-005FFFh) is write-protected)
                      00068   CONFIG  WRT3 = ON             ; Write Protection bit (Block 3 (006000-007FFFh) is write-protected)
                      00069 
                      00070 ; CONFIG6H
                      00071   CONFIG  WRTC = ON             ; Configuration Register Write Protection bit (Configuration registers (
                            300000-3000FFh) are write-protected)
                      00072   CONFIG  WRTB = ON             ; Boot Block Write Protection bit (Boot block (000000-0007FFh) is write-
                            protected)
                      00073   CONFIG  WRTD = ON             ; Data EEPROM Write Protection bit (Data EEPROM is write-protected)
                      00074 
                      00075 ; CONFIG7L
                      00076   CONFIG  EBTR0 = ON            ; Table Read Protection bit (Block 0 (000800-001FFFh) is protected from 
                            table reads executed in other blocks)
                      00077   CONFIG  EBTR1 = ON            ; Table Read Protection bit (Block 1 (002000-003FFFh) is protected from 
                            table reads executed in other blocks)
                      00078   CONFIG  EBTR2 = ON            ; Table Read Protection bit (Block 2 (004000-005FFFh) is protected from 
                            table reads executed in other blocks)
                      00079   CONFIG  EBTR3 = ON            ; Table Read Protection bit (Block 3 (006000-007FFFh) is protected from 
MPASM 5.83                          MAIN.ASM   10-29-2025  23:01:56         PAGE  3


LOC  OBJECT CODE     LINE SOURCE TEXT
  VALUE

                            table reads executed in other blocks)
                      00080 
                      00081 ; CONFIG7H
                      00082   CONFIG  EBTRB = ON            ; Boot Block Table Read Protection bit (Boot block (000000-0007FFh) is p
                            rotected from table reads executed in other blocks)
                      00083 
Warning[205]: Found directive in column 1. (CBLOCK)
                      00084 CBLOCK 0x80
  00000080            00085     digit_counter
  00000081            00086     pattern_temp
  00000082            00087     div_temp        
  00000083            00088     div_tens        
Warning[205]: Found directive in column 1. (ENDC)
                      00089 ENDC
                      00090   
                      00091 RES_VECT  CODE    0x0000
000000 EF?? F???      00092     GOTO    inicio
                      00093     
000004                00094 inicio:
                      00095     ; Coloca INTOSC em 8 MHz
000004 0E72           00096     MOVLW   0x72    ; 0111 0010 = 8 MHz INTOSC
000006 6ED3           00097     MOVWF   OSCCON
                      00098     ; Entradas analogicas desabilitadas (Todas Digitais)
000008 0E0F           00099     MOVLW   0x0F
00000A 6EC1           00100     MOVWF   ADCON1
                      00101     
00000C 6A93           00102     CLRF    TRISB
00000E 8093           00103     BSF     TRISB, 0        ; RB0 como entrada (incremento)
000010 8293           00104     BSF     TRISB, 1        ; RB1 como entrada (decremento)
000012 9EF1           00105     BCF     INTCON2, 7      ; Pull-up
000014 6A95           00106     CLRF    TRISD           ; PORTD como saida
000016 6A94           00107     CLRF    TRISC           ; PORTC como saida
                      00108     
000018 6A83           00109     CLRF    PORTD
00001A 6A82           00110     CLRF    PORTC
00001C 6B80           00111     CLRF    digit_counter   ; Inicia em 0
00001E EC?? F???      00112     CALL    UpdateDisplays
                      00113     
000022                00114 MainLoop:
000022 B081           00115     BTFSC   PORTB, 0
000024 EF?? F???      00116     GOTO    CheckDecrement      ; Se incremento nao esta pressionado
                      00117     
000028 2B80           00118     INCF    digit_counter, F    ; Incrementa contador 
                      00119     
00002A 5180           00120     MOVF    digit_counter, W
00002C 0A64           00121     XORLW   0x64                ; Compara o valor com 100 (0x64 = 100 em decimal)
00002E B4D8           00122     BTFSC   STATUS, Z   
000030 6B80           00123     CLRF    digit_counter       ; Se chegou a 100, zera o contador 
                      00124     
000032 EC?? F???      00125     CALL    UpdateDisplays
                      00126     
000036                00127 WaitReleaseInc:
000036 A081           00128     BTFSS   PORTB, 0
MPASM 5.83                          MAIN.ASM   10-29-2025  23:01:56         PAGE  4


LOC  OBJECT CODE     LINE SOURCE TEXT
  VALUE

000038 EF?? F???      00129     GOTO    WaitReleaseInc
00003C EF?? F???      00130     GOTO    MainLoop
                      00131     
000040                00132 CheckDecrement:
000040 B281           00133     BTFSC   PORTB, 1
000042 EF?? F???      00134     GOTO    MainLoop
                      00135     
000046 5180           00136     MOVF    digit_counter, W
000048 B4D8           00137     BTFSC   STATUS, Z
00004A EF?? F???      00138     GOTO    SetTo99
                      00139     
00004E 0780           00140     DECF    digit_counter, F
000050 EF?? F???      00141     GOTO    DecrementDone
                      00142     
000054                00143 SetTo99:
000054 0E63           00144     MOVLW   0x63              ; 99 em hexadecimal
000056 6F80           00145     MOVWF   digit_counter
                      00146     
000058                00147 DecrementDone:
000058 EC?? F???      00148     CALL    UpdateDisplays
                      00149     
00005C                00150 WaitReleaseDec:
00005C A281           00151     BTFSS   PORTB, 1
00005E EF?? F???      00152     GOTO    WaitReleaseDec
000062 EF?? F???      00153     GOTO    MainLoop
                      00154     
                      00155 ; Divide digit_counter por 10 para obter dezena e unidade
000066                00156 UpdateDisplays:
000066 5180           00157     MOVF    digit_counter, W
000068 6F82           00158     MOVWF   div_temp          ; Temp = numero original
00006A 6B83           00159     CLRF    div_tens          ; Contador de dezenas
                      00160     
00006C                00161 DivideLoop:
00006C 5182           00162     MOVF    div_temp, W
00006E 0809           00163     SUBLW   0x09              ; Compara com 9
000070 B0D8           00164     BTFSC   STATUS, C         ; Se <= 9, terminou
000072 EF?? F???      00165     GOTO    DivideDone
                      00166     
000076 0E0A           00167     MOVLW   0x0A              ; Subtrai 10
000078 5F82           00168     SUBWF   div_temp, F
00007A 2B83           00169     INCF    div_tens, F       ; Incrementa dezena
00007C EF?? F???      00170     GOTO    DivideLoop
                      00171     
000080                00172 DivideDone:
000080 5182           00173     MOVF    div_temp, W       ; Unidade
000082 EC?? F???      00174     CALL    GetPattern
000086 6E82           00175     MOVWF   PORTC
                      00176     
000088 5183           00177     MOVF    div_tens, W       ; Dezena
00008A EC?? F???      00178     CALL    GetPattern
00008E 6E83           00179     MOVWF   PORTD
                      00180     
000090 0012           00181     RETURN
MPASM 5.83                          MAIN.ASM   10-29-2025  23:01:56         PAGE  5


LOC  OBJECT CODE     LINE SOURCE TEXT
  VALUE

                      00182             
                      00183 ; Compara o valor da variavel com um valor numerico, se for igual retorna o valor para mostrar no displa
                            y
000092                00184 GetPattern:
000092 6F81           00185     MOVWF   pattern_temp
                      00186     
000094 5181           00187     MOVF    pattern_temp, W
000096 B4D8           00188     BTFSC   STATUS, Z
000098 0C3F           00189     RETLW   0x3F    ; 0
                      00190     
00009A 5181           00191     MOVF    pattern_temp, W
00009C 0A01           00192     XORLW   0x01
00009E B4D8           00193     BTFSC   STATUS, Z
0000A0 0C06           00194     RETLW   0x06    ; 1
                      00195     
0000A2 5181           00196     MOVF    pattern_temp, W
0000A4 0A02           00197     XORLW   0x02
0000A6 B4D8           00198     BTFSC   STATUS, Z
0000A8 0C5B           00199     RETLW   0x5B    ; 2
                      00200     
0000AA 5181           00201     MOVF    pattern_temp, W
0000AC 0A03           00202     XORLW   0x03
0000AE B4D8           00203     BTFSC   STATUS, Z
0000B0 0C4F           00204     RETLW   0x4F    ; 3
                      00205     
0000B2 5181           00206     MOVF    pattern_temp, W
0000B4 0A04           00207     XORLW   0x04
0000B6 B4D8           00208     BTFSC   STATUS, Z
0000B8 0C66           00209     RETLW   0x66    ; 4
                      00210     
0000BA 5181           00211     MOVF    pattern_temp, W
0000BC 0A05           00212     XORLW   0x05
0000BE B4D8           00213     BTFSC   STATUS, Z
0000C0 0C6D           00214     RETLW   0x6D    ; 5
                      00215     
0000C2 5181           00216     MOVF    pattern_temp, W
0000C4 0A06           00217     XORLW   0x06
0000C6 B4D8           00218     BTFSC   STATUS, Z
0000C8 0C7D           00219     RETLW   0x7D    ; 6
                      00220     
0000CA 5181           00221     MOVF    pattern_temp, W
0000CC 0A07           00222     XORLW   0x07
0000CE B4D8           00223     BTFSC   STATUS, Z
0000D0 0C07           00224     RETLW   0x07    ; 7
                      00225     
0000D2 5181           00226     MOVF    pattern_temp, W
0000D4 0A08           00227     XORLW   0x08
0000D6 B4D8           00228     BTFSC   STATUS, Z
0000D8 0C7F           00229     RETLW   0x7F    ; 8
                      00230     
0000DA 5181           00231     MOVF    pattern_temp, W
0000DC 0A09           00232     XORLW   0x09
0000DE B4D8           00233     BTFSC   STATUS, Z
MPASM 5.83                          MAIN.ASM   10-29-2025  23:01:56         PAGE  6


LOC  OBJECT CODE     LINE SOURCE TEXT
  VALUE

0000E0 0C6F           00234     RETLW   0x6F    ; 9
                      00235     
0000E2 0C3F           00236     RETLW   0x3F    ; Default
Warning[205]: Found directive in column 1. (END)
                      00237 END
MPASM 5.83                          MAIN.ASM   10-29-2025  23:01:56         PAGE  7


SYMBOL TABLE
  LABEL                             VALUE 

A                                 00000000
ABDEN                             00000000
ABDOVF                            00000007
ACCESS                            00000000
ACKDT                             00000005
ACKEN                             00000004
ACKSTAT                           00000006
ACQT0                             00000003
ACQT1                             00000004
ACQT2                             00000005
ACTVIE                            00000002
ACTVIF                            00000002
ADCON0                            00000FC2
ADCON1                            00000FC1
ADCON2                            00000FC0
ADCS0                             00000000
ADCS1                             00000001
ADCS2                             00000002
ADDEN                             00000003
ADDR0                             00000000
ADDR1                             00000001
ADDR2                             00000002
ADDR3                             00000003
ADDR4                             00000004
ADDR5                             00000005
ADDR6                             00000006
ADEN                              00000003
ADFM                              00000007
ADIE                              00000006
ADIF                              00000006
ADIP                              00000006
ADON                              00000000
ADRES                             00000FC3
ADRESH                            00000FC4
ADRESL                            00000FC3
AN0                               00000000
AN1                               00000001
AN2                               00000002
AN3                               00000003
AN4                               00000005
BANKED                            00000001
BAUDCON                           00000FB8
BAUDCTL                           00000FB8
BCLIE                             00000003
BCLIF                             00000003
BCLIP                             00000003
BF                                00000000
BGST                              00000005
BOR                               00000000
BRG16                             00000003
BRGH                              00000002
BSR                               00000FE0
BTOEE                             00000004
MPASM 5.83                          MAIN.ASM   10-29-2025  23:01:56         PAGE  8


SYMBOL TABLE
  LABEL                             VALUE 

BTOEF                             00000004
BTSEE                             00000007
BTSEF                             00000007
C                                 00000000
C1INV                             00000004
C1OUT                             00000006
C2INV                             00000005
C2OUT                             00000007
CCP1                              00000002
CCP1AS                            00000FB6
CCP1CON                           00000FBD
CCP1DEL                           00000FB7
CCP1IE                            00000002
CCP1IF                            00000002
CCP1IP                            00000002
CCP1M0                            00000000
CCP1M1                            00000001
CCP1M2                            00000002
CCP1M3                            00000003
CCP2CON                           00000FBA
CCP2IE                            00000000
CCP2IF                            00000000
CCP2IP                            00000000
CCP2M0                            00000000
CCP2M1                            00000001
CCP2M2                            00000002
CCP2M3                            00000003
CCPR1                             00000FBE
CCPR1H                            00000FBF
CCPR1L                            00000FBE
CCPR2                             00000FBB
CCPR2H                            00000FBC
CCPR2L                            00000FBB
CFGS                              00000006
CHS0                              00000002
CHS1                              00000003
CHS2                              00000004
CHS3                              00000005
CIS                               00000003
CK                                00000006
CK1SPP                            00000000
CK2SPP                            00000001
CKE                               00000006
CKP                               00000004
CLK1EN                            00000004
CLKCFG0                           00000006
CLKCFG1                           00000007
CM0                               00000000
CM1                               00000001
CM2                               00000002
CMCON                             00000FB4
CMIE                              00000006
CMIF                              00000006
MPASM 5.83                          MAIN.ASM   10-29-2025  23:01:56         PAGE  9


SYMBOL TABLE
  LABEL                             VALUE 

CMIP                              00000006
CRC16EE                           00000002
CRC16EF                           00000002
CRC5EE                            00000001
CRC5EF                            00000001
CREN                              00000004
CSEN                              00000005
CSRC                              00000007
CVR0                              00000000
CVR1                              00000001
CVR2                              00000002
CVR3                              00000003
CVRCON                            00000FB5
CVREF                             00000004
CVREN                             00000007
CVROE                             00000006
CVRR                              00000005
CVRSS                             00000004
CheckDecrement                    00000040
D                                 00000005
DATA_ADDRESS                      00000005
DC                                00000001
DC1B0                             00000004
DC1B1                             00000005
DC2B0                             00000004
DC2B1                             00000005
DDRA                              TRISA
DDRB                              TRISB
DDRC                              TRISC
DDRD                              TRISD
DDRE                              TRISE
DFN8EE                            00000003
DFN8EF                            00000003
DIR                               00000002
DONE                              00000001
D_A                               00000005
D_NOT_A                           00000005
DecrementDone                     00000058
DivideDone                        00000080
DivideLoop                        0000006C
ECCP1AS                           00000FB6
ECCP1CON                          00000FBD
ECCP1DEL                          00000FB7
ECCPAS0                           00000004
ECCPAS1                           00000005
ECCPAS2                           00000006
ECCPASE                           00000007
EEADR                             00000FA9
EECON1                            00000FA6
EECON2                            00000FA7
EEDATA                            00000FA8
EEIE                              00000004
EEIF                              00000004
MPASM 5.83                          MAIN.ASM   10-29-2025  23:01:56         PAGE 10


SYMBOL TABLE
  LABEL                             VALUE 

EEIP                              00000004
EEPGD                             00000007
ENDP0                             00000003
ENDP1                             00000004
ENDP2                             00000005
ENDP3                             00000006
EPCONDIS                          00000003
EPHSHK                            00000004
EPINEN                            00000001
EPOUTEN                           00000002
EPSTALL                           00000000
FAST                              00000001
FERR                              00000002
FLTS                              00000002
FREE                              00000004
FRM0                              00000000
FRM1                              00000001
FRM10                             00000002
FRM2                              00000002
FRM3                              00000003
FRM4                              00000004
FRM5                              00000005
FRM6                              00000006
FRM7                              00000007
FRM8                              00000000
FRM9                              00000001
FSEN                              00000002
FSR0                              00000000
FSR0H                             00000FEA
FSR0L                             00000FE9
FSR1                              00000001
FSR1H                             00000FE2
FSR1L                             00000FE1
FSR2                              00000002
FSR2H                             00000FDA
FSR2L                             00000FD9
GCEN                              00000007
GIE                               00000007
GIEH                              00000007
GIEL                              00000006
GIE_GIEH                          00000007
GO                                00000001
GO_DONE                           00000001
GO_NOT_DONE                       00000001
GetPattern                        00000092
HLVDCON                           00000FD2
HLVDEN                            00000004
HLVDIE                            00000002
HLVDIF                            00000002
HLVDIN                            00000005
HLVDIP                            00000002
HLVDL0                            00000000
HLVDL1                            00000001
MPASM 5.83                          MAIN.ASM   10-29-2025  23:01:56         PAGE 11


SYMBOL TABLE
  LABEL                             VALUE 

HLVDL2                            00000002
HLVDL3                            00000003
I2C_DAT                           00000005
I2C_READ                          00000002
I2C_START                         00000003
I2C_STOP                          00000004
IDLEIE                            00000004
IDLEIF                            00000004
IDLEN                             00000007
INDF0                             00000FEF
INDF1                             00000FE7
INDF2                             00000FDF
INT0                              00000000
INT0E                             00000004
INT0F                             00000001
INT0IE                            00000004
INT0IF                            00000001
INT1                              00000001
INT1E                             00000003
INT1F                             00000000
INT1IE                            00000003
INT1IF                            00000000
INT1IP                            00000006
INT1P                             00000006
INT2                              00000002
INT2E                             00000004
INT2F                             00000001
INT2IE                            00000004
INT2IF                            00000001
INT2IP                            00000007
INT2P                             00000007
INTCON                            00000FF2
INTCON2                           00000FF1
INTCON3                           00000FF0
INTEDG0                           00000006
INTEDG1                           00000005
INTEDG2                           00000004
INTSRC                            00000007
IOFS                              00000002
IPEN                              00000007
IPR1                              00000F9F
IPR2                              00000FA2
IRCF0                             00000004
IRCF1                             00000005
IRCF2                             00000006
IRVST                             00000005
IVRST                             00000005
LATA                              00000F89
LATA0                             00000000
LATA1                             00000001
LATA2                             00000002
LATA3                             00000003
LATA4                             00000004
MPASM 5.83                          MAIN.ASM   10-29-2025  23:01:56         PAGE 12


SYMBOL TABLE
  LABEL                             VALUE 

LATA5                             00000005
LATA6                             00000006
LATB                              00000F8A
LATB0                             00000000
LATB1                             00000001
LATB2                             00000002
LATB3                             00000003
LATB4                             00000004
LATB5                             00000005
LATB6                             00000006
LATB7                             00000007
LATC                              00000F8B
LATC0                             00000000
LATC1                             00000001
LATC2                             00000002
LATC6                             00000006
LATC7                             00000007
LATD                              00000F8C
LATD0                             00000000
LATD1                             00000001
LATD2                             00000002
LATD3                             00000003
LATD4                             00000004
LATD5                             00000005
LATD6                             00000006
LATD7                             00000007
LATE                              00000F8D
LATE0                             00000000
LATE1                             00000001
LATE2                             00000002
LVDCON                            00000FD2
LVDEN                             00000004
LVDIE                             00000002
LVDIF                             00000002
LVDIN                             00000005
LVDIP                             00000002
LVDL0                             00000000
LVDL1                             00000001
LVDL2                             00000002
LVDL3                             00000003
LVV0                              00000000
LVV1                              00000001
LVV2                              00000002
LVV3                              00000003
MainLoop                          00000022
N                                 00000004
NOT_A                             00000005
NOT_ADDRESS                       00000005
NOT_BOR                           00000000
NOT_DONE                          00000001
NOT_IPEN                          00000007
NOT_PD                            00000002
NOT_POR                           00000001
MPASM 5.83                          MAIN.ASM   10-29-2025  23:01:56         PAGE 13


SYMBOL TABLE
  LABEL                             VALUE 

NOT_RBPU                          00000007
NOT_RI                            00000004
NOT_T1SYNC                        00000002
NOT_T3SYNC                        00000002
NOT_TO                            00000003
NOT_W                             00000002
NOT_WRITE                         00000002
OERR                              00000001
OESPP                             00000002
OSC2                              00000006
OSCCON                            00000FD3
OSCFIE                            00000007
OSCFIF                            00000007
OSCFIP                            00000007
OSCTUNE                           00000F9B
OSTS                              00000003
OV                                00000003
P                                 00000004
P1A                               00000002
P1M0                              00000006
P1M1                              00000007
PC                                00000FF9
PCFG0                             00000000
PCFG1                             00000001
PCFG2                             00000002
PCFG3                             00000003
PCL                               00000FF9
PCLATH                            00000FFA
PCLATU                            00000FFB
PD                                00000002
PDC0                              00000000
PDC1                              00000001
PDC2                              00000002
PDC3                              00000003
PDC4                              00000004
PDC5                              00000005
PDC6                              00000006
PEIE                              00000006
PEIE_GIEL                         00000006
PEN                               00000002
PGC                               00000006
PGD                               00000007
PGM                               00000005
PIDEE                             00000000
PIDEF                             00000000
PIE1                              00000F9D
PIE2                              00000FA0
PIR1                              00000F9E
PIR2                              00000FA1
PKTDIS                            00000004
PLUSW0                            00000FEB
PLUSW1                            00000FE3
PLUSW2                            00000FDB
MPASM 5.83                          MAIN.ASM   10-29-2025  23:01:56         PAGE 14


SYMBOL TABLE
  LABEL                             VALUE 

POR                               00000001
PORTA                             00000F80
PORTB                             00000F81
PORTC                             00000F82
PORTD                             00000F83
PORTE                             00000F84
POSTDEC0                          00000FED
POSTDEC1                          00000FE5
POSTDEC2                          00000FDD
POSTINC0                          00000FEE
POSTINC1                          00000FE6
POSTINC2                          00000FDE
PPB0                              00000000
PPB1                              00000001
PPBI                              00000001
PPBRST                            00000006
PR2                               00000FCB
PREINC0                           00000FEC
PREINC1                           00000FE4
PREINC2                           00000FDC
PROD                              00000FF3
PRODH                             00000FF4
PRODL                             00000FF3
PRSEN                             00000007
PSA                               00000003
PSSAC0                            00000002
PSSAC1                            00000003
PSSBD0                            00000000
PSSBD1                            00000001
R                                 00000002
RA0                               00000000
RA1                               00000001
RA2                               00000002
RA3                               00000003
RA4                               00000004
RA5                               00000005
RA6                               00000006
RB0                               00000000
RB1                               00000001
RB2                               00000002
RB3                               00000003
RB4                               00000004
RB5                               00000005
RB6                               00000006
RB7                               00000007
RBIE                              00000003
RBIF                              00000000
RBIP                              00000000
RBPU                              00000007
RC0                               00000000
RC1                               00000001
RC2                               00000002
RC4                               00000004
MPASM 5.83                          MAIN.ASM   10-29-2025  23:01:56         PAGE 15


SYMBOL TABLE
  LABEL                             VALUE 

RC5                               00000005
RC6                               00000006
RC7                               00000007
RCEN                              00000003
RCIDL                             00000006
RCIE                              00000005
RCIF                              00000005
RCIP                              00000005
RCMT                              00000006
RCON                              00000FD0
RCREG                             00000FAE
RCSTA                             00000FAB
RD                                00000000
RD0                               00000000
RD1                               00000001
RD16                              00000007
RD2                               00000002
RD3                               00000003
RD4                               00000004
RD5                               00000005
RD6                               00000006
RD7                               00000007
RDPU                              00000007
RDSPP                             00000007
RE0                               00000000
RE1                               00000001
RE2                               00000002
RE3                               00000003
READ_WRITE                        00000002
RESUME                            00000002
RI                                00000004
RSEN                              00000001
RX                                00000007
RX9                               00000006
RX9D                              00000000
RXDTP                             00000005
R_NOT_W                           00000002
R_W                               00000002
S                                 00000003
SBOREN                            00000006
SCKP                              00000004
SCS0                              00000000
SCS1                              00000001
SE0                               00000005
SEN                               00000000
SENDB                             00000003
SMP                               00000007
SOFIE                             00000006
SOFIF                             00000006
SPBRG                             00000FAF
SPBRGH                            00000FB0
SPEN                              00000007
SPP0                              00000000
MPASM 5.83                          MAIN.ASM   10-29-2025  23:01:56         PAGE 16


SYMBOL TABLE
  LABEL                             VALUE 

SPP1                              00000001
SPP2                              00000002
SPP3                              00000003
SPP4                              00000004
SPP5                              00000005
SPP6                              00000006
SPP7                              00000007
SPPBUSY                           00000004
SPPCFG                            00000F63
SPPCON                            00000F65
SPPDATA                           00000F62
SPPEN                             00000000
SPPEPS                            00000F64
SPPIE                             00000007
SPPIF                             00000007
SPPIP                             00000007
SPPOWN                            00000001
SREN                              00000005
SSPADD                            00000FC8
SSPBUF                            00000FC9
SSPCON1                           00000FC6
SSPCON2                           00000FC5
SSPEN                             00000005
SSPIE                             00000003
SSPIF                             00000003
SSPIP                             00000003
SSPM0                             00000000
SSPM1                             00000001
SSPM2                             00000002
SSPM3                             00000003
SSPOV                             00000006
SSPSTAT                           00000FC7
STALLIE                           00000005
STALLIF                           00000005
STATUS                            00000FD8
STKFUL                            00000007
STKOVF                            00000007
STKPTR                            00000FFC
STKPTR0                           00000000
STKPTR1                           00000001
STKPTR2                           00000002
STKPTR3                           00000003
STKPTR4                           00000004
STKUNF                            00000006
SUSPND                            00000001
SWDTE                             00000000
SWDTEN                            00000000
SYNC                              00000004
SetTo99                           00000054
T08BIT                            00000006
T0CKI                             00000004
T0CON                             00000FD5
T0CS                              00000005
MPASM 5.83                          MAIN.ASM   10-29-2025  23:01:56         PAGE 17


SYMBOL TABLE
  LABEL                             VALUE 

T0IE                              00000005
T0IF                              00000002
T0IP                              00000002
T0PS0                             00000000
T0PS1                             00000001
T0PS2                             00000002
T0SE                              00000004
T13CKI                            00000000
T1CKPS0                           00000004
T1CKPS1                           00000005
T1CON                             00000FCD
T1OSCEN                           00000003
T1OSI                             00000001
T1OSO                             00000000
T1RUN                             00000006
T1SYNC                            00000002
T2CKPS0                           00000000
T2CKPS1                           00000001
T2CON                             00000FCA
T2OUTPS0                          00000003
T2OUTPS1                          00000004
T2OUTPS2                          00000005
T2OUTPS3                          00000006
T3CCP1                            00000003
T3CCP2                            00000006
T3CKPS0                           00000004
T3CKPS1                           00000005
T3CON                             00000FB1
T3NSYNC                           00000002
T3SYNC                            00000002
TABLAT                            00000FF5
TBLPTR                            00000FF6
TBLPTRH                           00000FF7
TBLPTRL                           00000FF6
TBLPTRU                           00000FF8
TMR0                              00000FD6
TMR0H                             00000FD7
TMR0IE                            00000005
TMR0IF                            00000002
TMR0IP                            00000002
TMR0L                             00000FD6
TMR0ON                            00000007
TMR1                              00000FCE
TMR1CS                            00000001
TMR1H                             00000FCF
TMR1IE                            00000000
TMR1IF                            00000000
TMR1IP                            00000000
TMR1L                             00000FCE
TMR1ON                            00000000
TMR2                              00000FCC
TMR2IE                            00000001
TMR2IF                            00000001
MPASM 5.83                          MAIN.ASM   10-29-2025  23:01:56         PAGE 18


SYMBOL TABLE
  LABEL                             VALUE 

TMR2IP                            00000001
TMR2ON                            00000002
TMR3                              00000FB2
TMR3CS                            00000001
TMR3H                             00000FB3
TMR3IE                            00000001
TMR3IF                            00000001
TMR3IP                            00000001
TMR3L                             00000FB2
TMR3ON                            00000000
TO                                00000003
TOS                               00000FFD
TOSH                              00000FFE
TOSL                              00000FFD
TOSU                              00000FFF
TOUTPS0                           00000003
TOUTPS1                           00000004
TOUTPS2                           00000005
TOUTPS3                           00000006
TRISA                             00000F92
TRISA0                            00000000
TRISA1                            00000001
TRISA2                            00000002
TRISA3                            00000003
TRISA4                            00000004
TRISA5                            00000005
TRISA6                            00000006
TRISB                             00000F93
TRISB0                            00000000
TRISB1                            00000001
TRISB2                            00000002
TRISB3                            00000003
TRISB4                            00000004
TRISB5                            00000005
TRISB6                            00000006
TRISB7                            00000007
TRISC                             00000F94
TRISC0                            00000000
TRISC1                            00000001
TRISC2                            00000002
TRISC6                            00000006
TRISC7                            00000007
TRISD                             00000F95
TRISD0                            00000000
TRISD1                            00000001
TRISD2                            00000002
TRISD3                            00000003
TRISD4                            00000004
TRISD5                            00000005
TRISD6                            00000006
TRISD7                            00000007
TRISE                             00000F96
TRISE0                            00000000
MPASM 5.83                          MAIN.ASM   10-29-2025  23:01:56         PAGE 19


SYMBOL TABLE
  LABEL                             VALUE 

TRISE1                            00000001
TRISE2                            00000002
TRMT                              00000001
TRNIE                             00000003
TRNIF                             00000003
TUN0                              00000000
TUN1                              00000001
TUN2                              00000002
TUN3                              00000003
TUN4                              00000004
TX                                00000006
TX9                               00000006
TX9D                              00000000
TXCKP                             00000004
TXEN                              00000005
TXIE                              00000004
TXIF                              00000004
TXIP                              00000004
TXREG                             00000FAD
TXSTA                             00000FAC
UA                                00000001
UADDR                             00000F6E
UCFG                              00000F6F
UCON                              00000F6D
UEIE                              00000F6B
UEIR                              00000F6A
UEP0                              00000F70
UEP1                              00000F71
UEP10                             00000F7A
UEP11                             00000F7B
UEP12                             00000F7C
UEP13                             00000F7D
UEP14                             00000F7E
UEP15                             00000F7F
UEP2                              00000F72
UEP3                              00000F73
UEP4                              00000F74
UEP5                              00000F75
UEP6                              00000F76
UEP7                              00000F77
UEP8                              00000F78
UEP9                              00000F79
UERRIE                            00000001
UERRIF                            00000001
UFRM                              00000F66
UFRMH                             00000F67
UFRML                             00000F66
UIE                               00000F69
UIR                               00000F68
UOEMON                            00000006
UPUEN                             00000004
URSTIE                            00000000
URSTIF                            00000000
MPASM 5.83                          MAIN.ASM   10-29-2025  23:01:56         PAGE 20


SYMBOL TABLE
  LABEL                             VALUE 

USBEN                             00000003
USBIE                             00000005
USBIF                             00000005
USBIP                             00000005
USTAT                             00000F6C
UTEYE                             00000007
UTRDIS                            00000003
UpdateDisplays                    00000066
VCFG0                             00000004
VCFG1                             00000005
VDIRMAG                           00000007
VREFM                             00000002
VREFP                             00000003
W                                 00000000
WCOL                              00000007
WDTCON                            00000FD1
WR                                00000001
WREG                              00000FE8
WREN                              00000002
WRERR                             00000003
WRSPP                             00000006
WS0                               00000000
WS1                               00000001
WS2                               00000002
WS3                               00000003
WUE                               00000001
WaitReleaseDec                    0000005C
WaitReleaseInc                    00000036
Z                                 00000002
_BORV_0_2L                        000000E7
_BORV_1_2L                        000000EF
_BORV_2_2L                        000000F7
_BORV_3_2L                        000000FF
_BOR_OFF_2L                       000000F9
_BOR_ON_2L                        000000FF
_BOR_ON_ACTIVE_2L                 000000FD
_BOR_SOFT_2L                      000000FB
_CCP2MX_OFF_3H                    000000FE
_CCP2MX_ON_3H                     000000FF
_CONFIG1H                         00300001
_CONFIG1L                         00300000
_CONFIG2H                         00300003
_CONFIG2L                         00300002
_CONFIG3H                         00300005
_CONFIG4L                         00300006
_CONFIG5H                         00300009
_CONFIG5L                         00300008
_CONFIG6H                         0030000B
_CONFIG6L                         0030000A
_CONFIG7H                         0030000D
_CONFIG7L                         0030000C
_CP0_OFF_5L                       000000FF
_CP0_ON_5L                        000000FE
MPASM 5.83                          MAIN.ASM   10-29-2025  23:01:56         PAGE 21


SYMBOL TABLE
  LABEL                             VALUE 

_CP1_OFF_5L                       000000FF
_CP1_ON_5L                        000000FD
_CP2_OFF_5L                       000000FF
_CP2_ON_5L                        000000FB
_CP3_OFF_5L                       000000FF
_CP3_ON_5L                        000000F7
_CPB_OFF_5H                       000000FF
_CPB_ON_5H                        000000BF
_CPD_OFF_5H                       000000FF
_CPD_ON_5H                        0000007F
_CPUDIV_OSC1_PLL2_1L              000000E7
_CPUDIV_OSC2_PLL3_1L              000000EF
_CPUDIV_OSC3_PLL4_1L              000000F7
_CPUDIV_OSC4_PLL6_1L              000000FF
_DEBUG_OFF_4L                     000000FF
_DEBUG_ON_4L                      0000007F
_DEVID1                           003FFFFE
_DEVID2                           003FFFFF
_EBTR0_OFF_7L                     000000FF
_EBTR0_ON_7L                      000000FE
_EBTR1_OFF_7L                     000000FF
_EBTR1_ON_7L                      000000FD
_EBTR2_OFF_7L                     000000FF
_EBTR2_ON_7L                      000000FB
_EBTR3_OFF_7L                     000000FF
_EBTR3_ON_7L                      000000F7
_EBTRB_OFF_7H                     000000FF
_EBTRB_ON_7H                      000000BF
_FCMEN_OFF_1H                     000000BF
_FCMEN_ON_1H                      000000FF
_FOSC_ECIO_EC_1H                  000000F4
_FOSC_ECPLLIO_EC_1H               000000F6
_FOSC_ECPLL_EC_1H                 000000F7
_FOSC_EC_EC_1H                    000000F5
_FOSC_HSPLL_HS_1H                 000000FE
_FOSC_HS_1H                       000000FC
_FOSC_INTOSCIO_EC_1H              000000F8
_FOSC_INTOSC_EC_1H                000000F9
_FOSC_INTOSC_HS_1H                000000FB
_FOSC_INTOSC_XT_1H                000000FA
_FOSC_XTPLL_XT_1H                 000000F2
_FOSC_XT_XT_1H                    000000F0
_ICPRT_OFF_4L                     000000DF
_ICPRT_ON_4L                      000000FF
_IDLOC0                           00200000
_IDLOC1                           00200001
_IDLOC2                           00200002
_IDLOC3                           00200003
_IDLOC4                           00200004
_IDLOC5                           00200005
_IDLOC6                           00200006
_IDLOC7                           00200007
_IESO_OFF_1H                      0000007F
MPASM 5.83                          MAIN.ASM   10-29-2025  23:01:56         PAGE 22


SYMBOL TABLE
  LABEL                             VALUE 

_IESO_ON_1H                       000000FF
_LPT1OSC_OFF_3H                   000000FB
_LPT1OSC_ON_3H                    000000FF
_LVP_OFF_4L                       000000FB
_LVP_ON_4L                        000000FF
_MCLRE_OFF_3H                     0000007F
_MCLRE_ON_3H                      000000FF
_PBADEN_OFF_3H                    000000FD
_PBADEN_ON_3H                     000000FF
_PLLDIV_10_1L                     000000FE
_PLLDIV_12_1L                     000000FF
_PLLDIV_1_1L                      000000F8
_PLLDIV_2_1L                      000000F9
_PLLDIV_3_1L                      000000FA
_PLLDIV_4_1L                      000000FB
_PLLDIV_5_1L                      000000FC
_PLLDIV_6_1L                      000000FD
_PWRT_OFF_2L                      000000FF
_PWRT_ON_2L                       000000FE
_STVREN_OFF_4L                    000000FE
_STVREN_ON_4L                     000000FF
_USBDIV_1_1L                      000000DF
_USBDIV_2_1L                      000000FF
_VREGEN_OFF_2L                    000000DF
_VREGEN_ON_2L                     000000FF
_WDTPS_1024_2H                    000000F5
_WDTPS_128_2H                     000000EF
_WDTPS_16384_2H                   000000FD
_WDTPS_16_2H                      000000E9
_WDTPS_1_2H                       000000E1
_WDTPS_2048_2H                    000000F7
_WDTPS_256_2H                     000000F1
_WDTPS_2_2H                       000000E3
_WDTPS_32768_2H                   000000FF
_WDTPS_32_2H                      000000EB
_WDTPS_4096_2H                    000000F9
_WDTPS_4_2H                       000000E5
_WDTPS_512_2H                     000000F3
_WDTPS_64_2H                      000000ED
_WDTPS_8192_2H                    000000FB
_WDTPS_8_2H                       000000E7
_WDT_OFF_2H                       000000FE
_WDT_ON_2H                        000000FF
_WRT0_OFF_6L                      000000FF
_WRT0_ON_6L                       000000FE
_WRT1_OFF_6L                      000000FF
_WRT1_ON_6L                       000000FD
_WRT2_OFF_6L                      000000FF
_WRT2_ON_6L                       000000FB
_WRT3_OFF_6L                      000000FF
_WRT3_ON_6L                       000000F7
_WRTB_OFF_6H                      000000FF
_WRTB_ON_6H                       000000BF
MPASM 5.83                          MAIN.ASM   10-29-2025  23:01:56         PAGE 23


SYMBOL TABLE
  LABEL                             VALUE 

_WRTC_OFF_6H                      000000FF
_WRTC_ON_6H                       000000DF
_WRTD_OFF_6H                      000000FF
_WRTD_ON_6H                       0000007F
_XINST_OFF_4L                     000000BF
_XINST_ON_4L                      000000FF
__18F4550                         00000001
digit_counter                     00000080
div_temp                          00000082
div_tens                          00000083
inicio                            00000004
pattern_temp                      00000081

Errors   :     0
Warnings :     3 reported,     0 suppressed
Messages :     0 reported,     0 suppressed

