

Microchip Technology PIC18 LITE Macro Assembler V1.34 build -361300703 
                                                                                               Tue Oct 21 08:51:52 2025

Microchip Technology Omniscient Code Generator (Lite mode) build 201502162209
     1                           	processor	18F4550
     2                           	fnconf	rparam,??,?,0
     3                           	opt	pw 120
     4                           	opt	lm
     5                           	psect	intcodelo,global,reloc=2,class=CODE,delta=1
     6                           	psect	cinit,global,reloc=2,class=CODE,delta=1
     7                           	psect	bssCOMRAM,global,class=COMRAM,space=1,delta=1
     8                           	psect	cstackCOMRAM,global,class=COMRAM,space=1,delta=1
     9                           	psect	text0,global,reloc=2,class=CODE,delta=1
    10                           	psect	text1,global,reloc=2,class=CODE,delta=1
    11                           	psect	text2,global,reloc=2,class=CODE,delta=1
    12                           	psect	text3,global,reloc=2,class=CODE,delta=1
    13                           	psect	intcode,global,reloc=2,class=CODE,delta=1
    14                           	psect	intcode_body,global,reloc=2,class=CODE,delta=1
    15                           	psect	intsave_regs,global,class=BIGRAM,space=1,delta=1
    16                           	psect	rparam,global,class=COMRAM,space=1,delta=1
    17  0000                     _ADCON1	set	4033
    18  0000                     _CMCON	set	4020
    19  0000                     _INTCON2bits	set	4081
    20  0000                     _INTCON3bits	set	4080
    21  0000                     _INTCONbits	set	4082
    22  0000                     _LATD	set	3980
    23  0000                     _LATDbits	set	3980
    24  0000                     _RCONbits	set	4048
    25  0000                     _TRISBbits	set	3987
    26  0000                     _TRISD	set	3989
    27                           
    28 ;; *************** function _lp_intrp *****************
    29 ;; Defined at:
    30 ;;		line 23 in file "../../src/isr.c"
    31 ;; Parameters:    Size  Location     Type
    32 ;;		None
    33 ;; Auto vars:     Size  Location     Type
    34 ;;		None
    35 ;; Return value:  Size  Location     Type
    36 ;;		None               void
    37 ;; Registers used:
    38 ;;		wreg, status,2
    39 ;; Tracked objects:
    40 ;;		On entry : 0/0
    41 ;;		On exit  : 0/0
    42 ;;		Unchanged: 0/0
    43 ;; Data sizes:     COMRAM   BANK0   BANK1   BANK2   BANK3   BANK4   BANK5   BANK6   BANK7
    44 ;;      Params:         0       0       0       0       0       0       0       0       0
    45 ;;      Locals:         0       0       0       0       0       0       0       0       0
    46 ;;      Temps:         17       0       0       0       0       0       0       0       0
    47 ;;      Totals:        17       0       0       0       0       0       0       0       0
    48 ;;Total ram usage:       17 bytes
    49 ;; Hardware stack levels used:    1
    50 ;; Hardware stack levels required when called:    1
    51 ;; This function calls:
    52 ;;		Nothing
    53 ;; This function is called by:
    54 ;;		Interrupt level 1
    55 ;; This function uses a non-reentrant model
    56 ;;
    57                           
    58                           	psect	intcodelo
    59  000018                     __pintcodelo:
    60                           	opt stack 0
    61                           
    62                           ; #config settings
    63  000018                     _lp_intrp:
    64                           	opt stack 28
    65                           
    66                           ;incstack = 0
    67  000018  CFD8 F001          	movff	status,??_lp_intrp
    68  00001C  CFE8 F002          	movff	wreg,??_lp_intrp+1
    69  000020  CFE0 F003          	movff	bsr,??_lp_intrp+2
    70  000024  CFFA F004          	movff	pclath,??_lp_intrp+3
    71  000028  CFFB F005          	movff	pclatu,??_lp_intrp+4
    72  00002C  CFE9 F006          	movff	fsr0l,??_lp_intrp+5
    73  000030  CFEA F007          	movff	fsr0h,??_lp_intrp+6
    74  000034  CFE1 F008          	movff	fsr1l,??_lp_intrp+7
    75  000038  CFE2 F009          	movff	fsr1h,??_lp_intrp+8
    76  00003C  CFD9 F00A          	movff	fsr2l,??_lp_intrp+9
    77  000040  CFDA F00B          	movff	fsr2h,??_lp_intrp+10
    78  000044  CFF3 F00C          	movff	prodl,??_lp_intrp+11
    79  000048  CFF4 F00D          	movff	prodh,??_lp_intrp+12
    80  00004C  CFF6 F00E          	movff	tblptrl,??_lp_intrp+13
    81  000050  CFF7 F00F          	movff	tblptrh,??_lp_intrp+14
    82  000054  CFF8 F010          	movff	tblptru,??_lp_intrp+15
    83  000058  CFF5 F011          	movff	tablat,??_lp_intrp+16
    84                           
    85                           ;isr.c: 24: INTCON3bits.INT2IF = 0;
    86  00005C  92F0               	bcf	intcon3,1,c	;volatile
    87                           
    88                           ;isr.c: 26: LATDbits.LATD3 = 0;
    89  00005E  968C               	bcf	3980,3,c	;volatile
    90                           
    91                           ;isr.c: 27: tempo_1s = 0;
    92  000060  0E00               	movlw	0
    93  000062  6E24               	movwf	_tempo_1s+1,c	;volatile
    94  000064  0E00               	movlw	0
    95  000066  6E23               	movwf	_tempo_1s,c	;volatile
    96                           
    97                           ;isr.c: 28: tempo_200ms = 1;
    98  000068  0E00               	movlw	0
    99  00006A  6E26               	movwf	_tempo_200ms+1,c	;volatile
   100  00006C  0E01               	movlw	1
   101  00006E  6E25               	movwf	_tempo_200ms,c	;volatile
   102  000070  C011  FFF5         	movff	??_lp_intrp+16,tablat
   103  000074  C010  FFF8         	movff	??_lp_intrp+15,tblptru
   104  000078  C00F  FFF7         	movff	??_lp_intrp+14,tblptrh
   105  00007C  C00E  FFF6         	movff	??_lp_intrp+13,tblptrl
   106  000080  C00D  FFF4         	movff	??_lp_intrp+12,prodh
   107  000084  C00C  FFF3         	movff	??_lp_intrp+11,prodl
   108  000088  C00B  FFDA         	movff	??_lp_intrp+10,fsr2h
   109  00008C  C00A  FFD9         	movff	??_lp_intrp+9,fsr2l
   110  000090  C009  FFE2         	movff	??_lp_intrp+8,fsr1h
   111  000094  C008  FFE1         	movff	??_lp_intrp+7,fsr1l
   112  000098  C007  FFEA         	movff	??_lp_intrp+6,fsr0h
   113  00009C  C006  FFE9         	movff	??_lp_intrp+5,fsr0l
   114  0000A0  C005  FFFB         	movff	??_lp_intrp+4,pclatu
   115  0000A4  C004  FFFA         	movff	??_lp_intrp+3,pclath
   116  0000A8  C003  FFE0         	movff	??_lp_intrp+2,bsr
   117  0000AC  C002  FFE8         	movff	??_lp_intrp+1,wreg
   118  0000B0  C001  FFD8         	movff	??_lp_intrp,status
   119  0000B4  0010               	retfie	
   120  0000B6                     __end_of_lp_intrp:
   121                           	opt stack 0
   122                           pclatu	equ	0xFFB
   123                           pclath	equ	0xFFA
   124                           tblptru	equ	0xFF8
   125                           tblptrh	equ	0xFF7
   126                           tblptrl	equ	0xFF6
   127                           tablat	equ	0xFF5
   128                           prodh	equ	0xFF4
   129                           prodl	equ	0xFF3
   130                           intcon3	equ	0xFF0
   131                           fsr0h	equ	0xFEA
   132                           fsr0l	equ	0xFE9
   133                           wreg	equ	0xFE8
   134                           fsr1h	equ	0xFE2
   135                           fsr1l	equ	0xFE1
   136                           bsr	equ	0xFE0
   137                           fsr2h	equ	0xFDA
   138                           fsr2l	equ	0xFD9
   139                           status	equ	0xFD8
   140                           
   141                           	psect	cinit
   142  000244                     __pcinit:
   143                           	opt stack 0
   144  000244                     start_initialization:
   145                           	opt stack 0
   146  000244                     __initialization:
   147                           	opt stack 0
   148                           
   149                           ; Clear objects allocated to COMRAM (5 bytes)
   150  000244  6A27               	clrf	(__pbssCOMRAM+4)& (0+255),c
   151  000246  6A26               	clrf	(__pbssCOMRAM+3)& (0+255),c
   152  000248  6A25               	clrf	(__pbssCOMRAM+2)& (0+255),c
   153  00024A  6A24               	clrf	(__pbssCOMRAM+1)& (0+255),c
   154  00024C  6A23               	clrf	__pbssCOMRAM& (0+255),c
   155  00024E                     end_of_initialization:
   156                           	opt stack 0
   157  00024E                     __end_of__initialization:
   158                           	opt stack 0
   159  00024E  0100               	movlb	0
   160  000250  EF9B  F000         	goto	_main	;jump to C main() function
   161                           pclatu	equ	0xFFB
   162                           pclath	equ	0xFFA
   163                           tblptru	equ	0xFF8
   164                           tblptrh	equ	0xFF7
   165                           tblptrl	equ	0xFF6
   166                           tablat	equ	0xFF5
   167                           prodh	equ	0xFF4
   168                           prodl	equ	0xFF3
   169                           intcon3	equ	0xFF0
   170                           fsr0h	equ	0xFEA
   171                           fsr0l	equ	0xFE9
   172                           wreg	equ	0xFE8
   173                           fsr1h	equ	0xFE2
   174                           fsr1l	equ	0xFE1
   175                           bsr	equ	0xFE0
   176                           fsr2h	equ	0xFDA
   177                           fsr2l	equ	0xFD9
   178                           status	equ	0xFD8
   179                           
   180                           	psect	bssCOMRAM
   181  000023                     __pbssCOMRAM:
   182                           	opt stack 0
   183  000023                     _tempo_1s:
   184                           	opt stack 0
   185  000023                     	ds	2
   186  000025                     _tempo_200ms:
   187                           	opt stack 0
   188  000025                     	ds	2
   189  000027                     _HexaValue:
   190                           	opt stack 0
   191  000027                     	ds	1
   192                           pclatu	equ	0xFFB
   193                           pclath	equ	0xFFA
   194                           tblptru	equ	0xFF8
   195                           tblptrh	equ	0xFF7
   196                           tblptrl	equ	0xFF6
   197                           tablat	equ	0xFF5
   198                           prodh	equ	0xFF4
   199                           prodl	equ	0xFF3
   200                           intcon3	equ	0xFF0
   201                           fsr0h	equ	0xFEA
   202                           fsr0l	equ	0xFE9
   203                           wreg	equ	0xFE8
   204                           fsr1h	equ	0xFE2
   205                           fsr1l	equ	0xFE1
   206                           bsr	equ	0xFE0
   207                           fsr2h	equ	0xFDA
   208                           fsr2l	equ	0xFD9
   209                           status	equ	0xFD8
   210                           
   211                           	psect	cstackCOMRAM
   212  000001                     __pcstackCOMRAM:
   213                           	opt stack 0
   214  000001                     ??_lp_intrp:
   215                           
   216                           ; 0 bytes @ 0x0
   217  000001                     	ds	17
   218  000012                     ??_hp_intrp:
   219                           
   220                           ; 0 bytes @ 0x11
   221  000012                     	ds	14
   222  000020                     ??_delay_500ms:
   223  000020                     ??_delay_200ms:
   224  000020                     ??_delay_1s:
   225                           
   226                           ; 0 bytes @ 0x1F
   227  000020                     	ds	1
   228  000021                     delay_200ms@i:
   229                           	opt stack 0
   230  000021                     delay_500ms@i:
   231                           	opt stack 0
   232  000021                     delay_1s@i:
   233                           	opt stack 0
   234                           
   235                           ; 2 bytes @ 0x20
   236  000021                     	ds	2
   237  000023                     pclatu	equ	0xFFB
   238                           pclath	equ	0xFFA
   239                           tblptru	equ	0xFF8
   240                           tblptrh	equ	0xFF7
   241                           tblptrl	equ	0xFF6
   242                           tablat	equ	0xFF5
   243                           prodh	equ	0xFF4
   244                           prodl	equ	0xFF3
   245                           intcon3	equ	0xFF0
   246                           fsr0h	equ	0xFEA
   247                           fsr0l	equ	0xFE9
   248                           wreg	equ	0xFE8
   249                           fsr1h	equ	0xFE2
   250                           fsr1l	equ	0xFE1
   251                           bsr	equ	0xFE0
   252                           fsr2h	equ	0xFDA
   253                           fsr2l	equ	0xFD9
   254                           status	equ	0xFD8
   255                           
   256                           ; 0 bytes @ 0x22
   257 ;;
   258 ;;Main: autosize = 0, tempsize = 0, incstack = 0, save=0
   259 ;;
   260 ;; *************** function _main *****************
   261 ;; Defined at:
   262 ;;		line 92 in file "../../src/main.c"
   263 ;; Parameters:    Size  Location     Type
   264 ;;		None
   265 ;; Auto vars:     Size  Location     Type
   266 ;;		None
   267 ;; Return value:  Size  Location     Type
   268 ;;		None               void
   269 ;; Registers used:
   270 ;;		wreg, status,2, status,0, cstack
   271 ;; Tracked objects:
   272 ;;		On entry : 0/0
   273 ;;		On exit  : 0/0
   274 ;;		Unchanged: 0/0
   275 ;; Data sizes:     COMRAM   BANK0   BANK1   BANK2   BANK3   BANK4   BANK5   BANK6   BANK7
   276 ;;      Params:         0       0       0       0       0       0       0       0       0
   277 ;;      Locals:         0       0       0       0       0       0       0       0       0
   278 ;;      Temps:          0       0       0       0       0       0       0       0       0
   279 ;;      Totals:         0       0       0       0       0       0       0       0       0
   280 ;;Total ram usage:        0 bytes
   281 ;; Hardware stack levels required when called:    3
   282 ;; This function calls:
   283 ;;		_delay_1s
   284 ;;		_delay_200ms
   285 ;;		_delay_500ms
   286 ;; This function is called by:
   287 ;;		Startup code after reset
   288 ;; This function uses a non-reentrant model
   289 ;;
   290                           
   291                           	psect	text0
   292  000136                     __ptext0:
   293                           	opt stack 0
   294  000136                     _main:
   295                           	opt stack 28
   296                           
   297                           ;main.c: 93: ADCON1 = 0x0F;
   298                           
   299                           ;incstack = 0
   300  000136  0E0F               	movlw	15
   301  000138  6EC1               	movwf	4033,c	;volatile
   302                           
   303                           ;main.c: 94: CMCON = 0x07;
   304  00013A  0E07               	movlw	7
   305  00013C  6EB4               	movwf	4020,c	;volatile
   306                           
   307                           ;main.c: 96: TRISBbits.TRISB1 = 1;
   308  00013E  8293               	bsf	3987,1,c	;volatile
   309                           
   310                           ;main.c: 97: TRISBbits.TRISB2 = 1;
   311  000140  8493               	bsf	3987,2,c	;volatile
   312                           
   313                           ;main.c: 98: TRISD = 0x00;
   314  000142  0E00               	movlw	0
   315  000144  6E95               	movwf	3989,c	;volatile
   316                           
   317                           ;main.c: 101: RCONbits.IPEN = 1;
   318  000146  8ED0               	bsf	4048,7,c	;volatile
   319                           
   320                           ;main.c: 104: INTCON3bits.INT1IF = 0;
   321  000148  90F0               	bcf	intcon3,0,c	;volatile
   322                           
   323                           ;main.c: 105: INTCON3bits.INT2IF = 0;
   324  00014A  92F0               	bcf	intcon3,1,c	;volatile
   325                           
   326                           ;main.c: 106: INTCON3bits.INT1IE = 1;
   327  00014C  86F0               	bsf	intcon3,3,c	;volatile
   328                           
   329                           ;main.c: 107: INTCON3bits.INT2IE = 1;
   330  00014E  88F0               	bsf	intcon3,4,c	;volatile
   331                           
   332                           ;main.c: 108: INTCON2bits.INTEDG1 = 0;
   333  000150  9AF1               	bcf	intcon2,5,c	;volatile
   334                           
   335                           ;main.c: 109: INTCON2bits.INTEDG2 = 0;
   336  000152  98F1               	bcf	intcon2,4,c	;volatile
   337                           
   338                           ;main.c: 110: INTCON3bits.INT1IP = 1;
   339  000154  8CF0               	bsf	intcon3,6,c	;volatile
   340                           
   341                           ;main.c: 111: INTCON3bits.INT2IP = 0;
   342  000156  9EF0               	bcf	intcon3,7,c	;volatile
   343                           
   344                           ;main.c: 112: INTCONbits.GIEH = 1;
   345  000158  8EF2               	bsf	intcon,7,c	;volatile
   346                           
   347                           ;main.c: 113: INTCONbits.GIEL = 1;
   348  00015A  8CF2               	bsf	intcon,6,c	;volatile
   349                           
   350                           ;main.c: 114: INTCON2bits.RBPU = 0;
   351  00015C  9EF1               	bcf	intcon2,7,c	;volatile
   352                           
   353                           ;main.c: 116: LATD = 0b11111111;
   354  00015E  688C               	setf	3980,c	;volatile
   355  000160  D000               	goto	l715
   356  000162                     l715:
   357                           
   358                           ;main.c: 122: LATDbits.LATD7 = 1;
   359  000162  8E8C               	bsf	3980,7,c	;volatile
   360                           
   361                           ;main.c: 123: delay_500ms();
   362  000164  ECD1  F000         	call	_delay_500ms	;wreg free
   363                           
   364                           ;main.c: 124: LATDbits.LATD7 = ~LATDbits.LATD7;
   365  000168  7E8C               	btg	3980,7,c	;volatile
   366                           
   367                           ;main.c: 125: delay_500ms();
   368  00016A  ECD1  F000         	call	_delay_500ms	;wreg free
   369                           
   370                           ;main.c: 127: if(tempo_1s == 1){
   371  00016E  0423               	decf	_tempo_1s,w,c	;volatile
   372  000170  1024               	iorwf	_tempo_1s+1,w,c	;volatile
   373  000172  A4D8               	btfss	status,2,c
   374  000174  D008               	goto	l733
   375                           
   376                           ;main.c: 129: LATDbits.LATD0 = 1;
   377  000176  808C               	bsf	3980,0,c	;volatile
   378                           
   379                           ;main.c: 130: delay_200ms();
   380  000178  ECEC  F000         	call	_delay_200ms	;wreg free
   381                           
   382                           ;main.c: 131: LATDbits.LATD0 = ~LATDbits.LATD0;
   383  00017C  708C               	btg	3980,0,c	;volatile
   384                           
   385                           ;main.c: 132: delay_200ms();
   386  00017E  ECEC  F000         	call	_delay_200ms	;wreg free
   387                           
   388                           ;main.c: 134: LATDbits.LATD5 = 1;
   389  000182  8A8C               	bsf	3980,5,c	;volatile
   390  000184  D000               	goto	l733
   391  000186                     l733:
   392                           
   393                           ;main.c: 135: }
   394                           ;main.c: 137: if(tempo_200ms == 1){
   395  000186  0425               	decf	_tempo_200ms,w,c	;volatile
   396  000188  1026               	iorwf	_tempo_200ms+1,w,c	;volatile
   397  00018A  A4D8               	btfss	status,2,c
   398  00018C  D7EA               	goto	l715
   399                           
   400                           ;main.c: 139: LATDbits.LATD0 = 1;
   401  00018E  808C               	bsf	3980,0,c	;volatile
   402                           
   403                           ;main.c: 140: delay_1s();
   404  000190  EC07  F001         	call	_delay_1s	;wreg free
   405                           
   406                           ;main.c: 141: LATDbits.LATD0 = ~LATDbits.LATD0;
   407  000194  708C               	btg	3980,0,c	;volatile
   408                           
   409                           ;main.c: 142: delay_1s();
   410  000196  EC07  F001         	call	_delay_1s	;wreg free
   411                           
   412                           ;main.c: 144: LATDbits.LATD2 = 1;
   413  00019A  848C               	bsf	3980,2,c	;volatile
   414  00019C  D7E2               	goto	l715
   415                           
   416                           ;main.c: 145: }
   417                           ;main.c: 146: }
   418                           ;main.c: 159: return;
   419  00019E  EF5B  F000         	goto	start
   420  0001A2                     __end_of_main:
   421                           	opt stack 0
   422                           pclatu	equ	0xFFB
   423                           pclath	equ	0xFFA
   424                           tblptru	equ	0xFF8
   425                           tblptrh	equ	0xFF7
   426                           tblptrl	equ	0xFF6
   427                           tablat	equ	0xFF5
   428                           prodh	equ	0xFF4
   429                           prodl	equ	0xFF3
   430                           intcon	equ	0xFF2
   431                           intcon2	equ	0xFF1
   432                           intcon3	equ	0xFF0
   433                           fsr0h	equ	0xFEA
   434                           fsr0l	equ	0xFE9
   435                           wreg	equ	0xFE8
   436                           fsr1h	equ	0xFE2
   437                           fsr1l	equ	0xFE1
   438                           bsr	equ	0xFE0
   439                           fsr2h	equ	0xFDA
   440                           fsr2l	equ	0xFD9
   441                           status	equ	0xFD8
   442                           
   443 ;; *************** function _delay_500ms *****************
   444 ;; Defined at:
   445 ;;		line 169 in file "../../src/main.c"
   446 ;; Parameters:    Size  Location     Type
   447 ;;		None
   448 ;; Auto vars:     Size  Location     Type
   449 ;;  i               2   32[COMRAM] int 
   450 ;; Return value:  Size  Location     Type
   451 ;;		None               void
   452 ;; Registers used:
   453 ;;		wreg, status,2, status,0
   454 ;; Tracked objects:
   455 ;;		On entry : 0/0
   456 ;;		On exit  : 0/0
   457 ;;		Unchanged: 0/0
   458 ;; Data sizes:     COMRAM   BANK0   BANK1   BANK2   BANK3   BANK4   BANK5   BANK6   BANK7
   459 ;;      Params:         0       0       0       0       0       0       0       0       0
   460 ;;      Locals:         2       0       0       0       0       0       0       0       0
   461 ;;      Temps:          1       0       0       0       0       0       0       0       0
   462 ;;      Totals:         3       0       0       0       0       0       0       0       0
   463 ;;Total ram usage:        3 bytes
   464 ;; Hardware stack levels used:    1
   465 ;; Hardware stack levels required when called:    2
   466 ;; This function calls:
   467 ;;		Nothing
   468 ;; This function is called by:
   469 ;;		_main
   470 ;; This function uses a non-reentrant model
   471 ;;
   472                           
   473                           	psect	text1
   474  0001A2                     __ptext1:
   475                           	opt stack 0
   476  0001A2                     _delay_500ms:
   477                           	opt stack 28
   478                           
   479                           ;main.c: 170: for (int i = 0; i < 50; i++) {
   480                           
   481                           ;incstack = 0
   482  0001A2  0E00               	movlw	0
   483  0001A4  6E22               	movwf	delay_500ms@i+1,c
   484  0001A6  0E00               	movlw	0
   485  0001A8  6E21               	movwf	delay_500ms@i,c
   486  0001AA                     l655:
   487  0001AA  BE22               	btfsc	delay_500ms@i+1,7,c
   488  0001AC  D008               	goto	l659
   489  0001AE  5022               	movf	delay_500ms@i+1,w,c
   490  0001B0  E112               	bnz	l50
   491  0001B2  0E32               	movlw	50
   492  0001B4  5C21               	subwf	delay_500ms@i,w,c
   493  0001B6  B0D8               	btfsc	status,0,c
   494  0001B8  D00E               	goto	l50
   495  0001BA  D001               	goto	l659
   496  0001BC  D00C               	goto	l50
   497  0001BE                     l659:
   498                           
   499                           ;main.c: 171: _delay((unsigned long)((10)*(48000000UL/4000.0)));
   500  0001BE  0E9C               	movlw	156
   501  0001C0  6E20               	movwf	??_delay_500ms& (0+255),c
   502  0001C2  0ED7               	movlw	215
   503  0001C4                     u97:
   504  0001C4  2EE8               	decfsz	wreg,f,c
   505  0001C6  D7FE               	goto	u97
   506  0001C8  2E20               	decfsz	??_delay_500ms& (0+255),f,c
   507  0001CA  D7FC               	goto	u97
   508  0001CC  F000               	nop	
   509  0001CE  4A21               	infsnz	delay_500ms@i,f,c
   510  0001D0  2A22               	incf	delay_500ms@i+1,f,c
   511  0001D2  D7EB               	goto	l655
   512  0001D4  D000               	goto	l50
   513  0001D6                     l50:
   514  0001D6  0012               	return		;funcret
   515  0001D8                     __end_of_delay_500ms:
   516                           	opt stack 0
   517                           pclatu	equ	0xFFB
   518                           pclath	equ	0xFFA
   519                           tblptru	equ	0xFF8
   520                           tblptrh	equ	0xFF7
   521                           tblptrl	equ	0xFF6
   522                           tablat	equ	0xFF5
   523                           prodh	equ	0xFF4
   524                           prodl	equ	0xFF3
   525                           intcon	equ	0xFF2
   526                           intcon2	equ	0xFF1
   527                           intcon3	equ	0xFF0
   528                           fsr0h	equ	0xFEA
   529                           fsr0l	equ	0xFE9
   530                           wreg	equ	0xFE8
   531                           fsr1h	equ	0xFE2
   532                           fsr1l	equ	0xFE1
   533                           bsr	equ	0xFE0
   534                           fsr2h	equ	0xFDA
   535                           fsr2l	equ	0xFD9
   536                           status	equ	0xFD8
   537                           
   538 ;; *************** function _delay_200ms *****************
   539 ;; Defined at:
   540 ;;		line 163 in file "../../src/main.c"
   541 ;; Parameters:    Size  Location     Type
   542 ;;		None
   543 ;; Auto vars:     Size  Location     Type
   544 ;;  i               2   32[COMRAM] int 
   545 ;; Return value:  Size  Location     Type
   546 ;;		None               void
   547 ;; Registers used:
   548 ;;		wreg, status,2, status,0
   549 ;; Tracked objects:
   550 ;;		On entry : 0/0
   551 ;;		On exit  : 0/0
   552 ;;		Unchanged: 0/0
   553 ;; Data sizes:     COMRAM   BANK0   BANK1   BANK2   BANK3   BANK4   BANK5   BANK6   BANK7
   554 ;;      Params:         0       0       0       0       0       0       0       0       0
   555 ;;      Locals:         2       0       0       0       0       0       0       0       0
   556 ;;      Temps:          1       0       0       0       0       0       0       0       0
   557 ;;      Totals:         3       0       0       0       0       0       0       0       0
   558 ;;Total ram usage:        3 bytes
   559 ;; Hardware stack levels used:    1
   560 ;; Hardware stack levels required when called:    2
   561 ;; This function calls:
   562 ;;		Nothing
   563 ;; This function is called by:
   564 ;;		_main
   565 ;; This function uses a non-reentrant model
   566 ;;
   567                           
   568                           	psect	text2
   569  0001D8                     __ptext2:
   570                           	opt stack 0
   571  0001D8                     _delay_200ms:
   572                           	opt stack 28
   573                           
   574                           ;main.c: 164: for (int i = 0; i < 20; i++) {
   575                           
   576                           ;incstack = 0
   577  0001D8  0E00               	movlw	0
   578  0001DA  6E22               	movwf	delay_200ms@i+1,c
   579  0001DC  0E00               	movlw	0
   580  0001DE  6E21               	movwf	delay_200ms@i,c
   581  0001E0                     l665:
   582  0001E0  BE22               	btfsc	delay_200ms@i+1,7,c
   583  0001E2  D008               	goto	l669
   584  0001E4  5022               	movf	delay_200ms@i+1,w,c
   585  0001E6  E112               	bnz	l45
   586  0001E8  0E14               	movlw	20
   587  0001EA  5C21               	subwf	delay_200ms@i,w,c
   588  0001EC  B0D8               	btfsc	status,0,c
   589  0001EE  D00E               	goto	l45
   590  0001F0  D001               	goto	l669
   591  0001F2  D00C               	goto	l45
   592  0001F4                     l669:
   593                           
   594                           ;main.c: 165: _delay((unsigned long)((10)*(48000000UL/4000.0)));
   595  0001F4  0E9C               	movlw	156
   596  0001F6  6E20               	movwf	??_delay_200ms& (0+255),c
   597  0001F8  0ED7               	movlw	215
   598  0001FA                     u107:
   599  0001FA  2EE8               	decfsz	wreg,f,c
   600  0001FC  D7FE               	goto	u107
   601  0001FE  2E20               	decfsz	??_delay_200ms& (0+255),f,c
   602  000200  D7FC               	goto	u107
   603  000202  F000               	nop	
   604  000204  4A21               	infsnz	delay_200ms@i,f,c
   605  000206  2A22               	incf	delay_200ms@i+1,f,c
   606  000208  D7EB               	goto	l665
   607  00020A  D000               	goto	l45
   608  00020C                     l45:
   609  00020C  0012               	return		;funcret
   610  00020E                     __end_of_delay_200ms:
   611                           	opt stack 0
   612                           pclatu	equ	0xFFB
   613                           pclath	equ	0xFFA
   614                           tblptru	equ	0xFF8
   615                           tblptrh	equ	0xFF7
   616                           tblptrl	equ	0xFF6
   617                           tablat	equ	0xFF5
   618                           prodh	equ	0xFF4
   619                           prodl	equ	0xFF3
   620                           intcon	equ	0xFF2
   621                           intcon2	equ	0xFF1
   622                           intcon3	equ	0xFF0
   623                           fsr0h	equ	0xFEA
   624                           fsr0l	equ	0xFE9
   625                           wreg	equ	0xFE8
   626                           fsr1h	equ	0xFE2
   627                           fsr1l	equ	0xFE1
   628                           bsr	equ	0xFE0
   629                           fsr2h	equ	0xFDA
   630                           fsr2l	equ	0xFD9
   631                           status	equ	0xFD8
   632                           
   633 ;; *************** function _delay_1s *****************
   634 ;; Defined at:
   635 ;;		line 175 in file "../../src/main.c"
   636 ;; Parameters:    Size  Location     Type
   637 ;;		None
   638 ;; Auto vars:     Size  Location     Type
   639 ;;  i               2   32[COMRAM] int 
   640 ;; Return value:  Size  Location     Type
   641 ;;		None               void
   642 ;; Registers used:
   643 ;;		wreg, status,2, status,0
   644 ;; Tracked objects:
   645 ;;		On entry : 0/0
   646 ;;		On exit  : 0/0
   647 ;;		Unchanged: 0/0
   648 ;; Data sizes:     COMRAM   BANK0   BANK1   BANK2   BANK3   BANK4   BANK5   BANK6   BANK7
   649 ;;      Params:         0       0       0       0       0       0       0       0       0
   650 ;;      Locals:         2       0       0       0       0       0       0       0       0
   651 ;;      Temps:          1       0       0       0       0       0       0       0       0
   652 ;;      Totals:         3       0       0       0       0       0       0       0       0
   653 ;;Total ram usage:        3 bytes
   654 ;; Hardware stack levels used:    1
   655 ;; Hardware stack levels required when called:    2
   656 ;; This function calls:
   657 ;;		Nothing
   658 ;; This function is called by:
   659 ;;		_main
   660 ;; This function uses a non-reentrant model
   661 ;;
   662                           
   663                           	psect	text3
   664  00020E                     __ptext3:
   665                           	opt stack 0
   666  00020E                     _delay_1s:
   667                           	opt stack 28
   668                           
   669                           ;main.c: 176: for (int i = 0; i < 100; i++) {
   670                           
   671                           ;incstack = 0
   672  00020E  0E00               	movlw	0
   673  000210  6E22               	movwf	delay_1s@i+1,c
   674  000212  0E00               	movlw	0
   675  000214  6E21               	movwf	delay_1s@i,c
   676  000216                     l675:
   677  000216  BE22               	btfsc	delay_1s@i+1,7,c
   678  000218  D008               	goto	l679
   679  00021A  5022               	movf	delay_1s@i+1,w,c
   680  00021C  E112               	bnz	l55
   681  00021E  0E64               	movlw	100
   682  000220  5C21               	subwf	delay_1s@i,w,c
   683  000222  B0D8               	btfsc	status,0,c
   684  000224  D00E               	goto	l55
   685  000226  D001               	goto	l679
   686  000228  D00C               	goto	l55
   687  00022A                     l679:
   688                           
   689                           ;main.c: 177: _delay((unsigned long)((10)*(48000000UL/4000.0)));
   690  00022A  0E9C               	movlw	156
   691  00022C  6E20               	movwf	??_delay_1s& (0+255),c
   692  00022E  0ED7               	movlw	215
   693  000230                     u117:
   694  000230  2EE8               	decfsz	wreg,f,c
   695  000232  D7FE               	goto	u117
   696  000234  2E20               	decfsz	??_delay_1s& (0+255),f,c
   697  000236  D7FC               	goto	u117
   698  000238  F000               	nop	
   699  00023A  4A21               	infsnz	delay_1s@i,f,c
   700  00023C  2A22               	incf	delay_1s@i+1,f,c
   701  00023E  D7EB               	goto	l675
   702  000240  D000               	goto	l55
   703  000242                     l55:
   704  000242  0012               	return		;funcret
   705  000244                     __end_of_delay_1s:
   706                           	opt stack 0
   707                           pclatu	equ	0xFFB
   708                           pclath	equ	0xFFA
   709                           tblptru	equ	0xFF8
   710                           tblptrh	equ	0xFF7
   711                           tblptrl	equ	0xFF6
   712                           tablat	equ	0xFF5
   713                           prodh	equ	0xFF4
   714                           prodl	equ	0xFF3
   715                           intcon	equ	0xFF2
   716                           intcon2	equ	0xFF1
   717                           intcon3	equ	0xFF0
   718                           fsr0h	equ	0xFEA
   719                           fsr0l	equ	0xFE9
   720                           wreg	equ	0xFE8
   721                           fsr1h	equ	0xFE2
   722                           fsr1l	equ	0xFE1
   723                           bsr	equ	0xFE0
   724                           fsr2h	equ	0xFDA
   725                           fsr2l	equ	0xFD9
   726                           status	equ	0xFD8
   727                           
   728 ;; *************** function _hp_intrp *****************
   729 ;; Defined at:
   730 ;;		line 14 in file "../../src/isr.c"
   731 ;; Parameters:    Size  Location     Type
   732 ;;		None
   733 ;; Auto vars:     Size  Location     Type
   734 ;;		None
   735 ;; Return value:  Size  Location     Type
   736 ;;		None               void
   737 ;; Registers used:
   738 ;;		wreg, status,2
   739 ;; Tracked objects:
   740 ;;		On entry : 0/0
   741 ;;		On exit  : 0/0
   742 ;;		Unchanged: 0/0
   743 ;; Data sizes:     COMRAM   BANK0   BANK1   BANK2   BANK3   BANK4   BANK5   BANK6   BANK7
   744 ;;      Params:         0       0       0       0       0       0       0       0       0
   745 ;;      Locals:         0       0       0       0       0       0       0       0       0
   746 ;;      Temps:         14       0       0       0       0       0       0       0       0
   747 ;;      Totals:        14       0       0       0       0       0       0       0       0
   748 ;;Total ram usage:       14 bytes
   749 ;; Hardware stack levels used:    1
   750 ;; This function calls:
   751 ;;		Nothing
   752 ;; This function is called by:
   753 ;;		Interrupt level 2
   754 ;; This function uses a non-reentrant model
   755 ;;
   756                           
   757                           	psect	intcode
   758  000008                     __pintcode:
   759                           	opt stack 0
   760  000008                     _hp_intrp:
   761                           	opt stack 28
   762                           
   763                           ;incstack = 0
   764  000008  CFFA F012          	movff	pclath,??_hp_intrp
   765  00000C  CFFB F013          	movff	pclatu,??_hp_intrp+1
   766  000010  CFE9 F014          	movff	fsr0l,??_hp_intrp+2
   767  000014  ED5D  F000         	call	int_func,f	;refresh shadow registers
   768                           pclatu	equ	0xFFB
   769                           pclath	equ	0xFFA
   770                           tblptru	equ	0xFF8
   771                           tblptrh	equ	0xFF7
   772                           tblptrl	equ	0xFF6
   773                           tablat	equ	0xFF5
   774                           prodh	equ	0xFF4
   775                           prodl	equ	0xFF3
   776                           intcon	equ	0xFF2
   777                           intcon2	equ	0xFF1
   778                           intcon3	equ	0xFF0
   779                           fsr0h	equ	0xFEA
   780                           fsr0l	equ	0xFE9
   781                           wreg	equ	0xFE8
   782                           fsr1h	equ	0xFE2
   783                           fsr1l	equ	0xFE1
   784                           bsr	equ	0xFE0
   785                           fsr2h	equ	0xFDA
   786                           fsr2l	equ	0xFD9
   787                           status	equ	0xFD8
   788                           
   789                           	psect	intcode_body
   790  0000BA                     __pintcode_body:
   791                           	opt stack 28
   792  0000BA                     int_func:
   793                           	opt stack 28
   794  0000BA  0006               	pop		; remove dummy address from shadow register refresh
   795  0000BC  CFEA F015          	movff	fsr0h,??_hp_intrp+3
   796  0000C0  CFE1 F016          	movff	fsr1l,??_hp_intrp+4
   797  0000C4  CFE2 F017          	movff	fsr1h,??_hp_intrp+5
   798  0000C8  CFD9 F018          	movff	fsr2l,??_hp_intrp+6
   799  0000CC  CFDA F019          	movff	fsr2h,??_hp_intrp+7
   800  0000D0  CFF3 F01A          	movff	prodl,??_hp_intrp+8
   801  0000D4  CFF4 F01B          	movff	prodh,??_hp_intrp+9
   802  0000D8  CFF6 F01C          	movff	tblptrl,??_hp_intrp+10
   803  0000DC  CFF7 F01D          	movff	tblptrh,??_hp_intrp+11
   804  0000E0  CFF8 F01E          	movff	tblptru,??_hp_intrp+12
   805  0000E4  CFF5 F01F          	movff	tablat,??_hp_intrp+13
   806                           
   807                           ;isr.c: 15: INTCON3bits.INT1IF = 0;
   808  0000E8  90F0               	bcf	intcon3,0,c	;volatile
   809                           
   810                           ;isr.c: 17: LATDbits.LATD3 = 1;
   811  0000EA  868C               	bsf	3980,3,c	;volatile
   812                           
   813                           ;isr.c: 18: tempo_1s = 1;
   814  0000EC  0E00               	movlw	0
   815  0000EE  6E24               	movwf	_tempo_1s+1,c	;volatile
   816  0000F0  0E01               	movlw	1
   817  0000F2  6E23               	movwf	_tempo_1s,c	;volatile
   818                           
   819                           ;isr.c: 19: tempo_200ms = 0;
   820  0000F4  0E00               	movlw	0
   821  0000F6  6E26               	movwf	_tempo_200ms+1,c	;volatile
   822  0000F8  0E00               	movlw	0
   823  0000FA  6E25               	movwf	_tempo_200ms,c	;volatile
   824  0000FC  C01F  FFF5         	movff	??_hp_intrp+13,tablat
   825  000100  C01E  FFF8         	movff	??_hp_intrp+12,tblptru
   826  000104  C01D  FFF7         	movff	??_hp_intrp+11,tblptrh
   827  000108  C01C  FFF6         	movff	??_hp_intrp+10,tblptrl
   828  00010C  C01B  FFF4         	movff	??_hp_intrp+9,prodh
   829  000110  C01A  FFF3         	movff	??_hp_intrp+8,prodl
   830  000114  C019  FFDA         	movff	??_hp_intrp+7,fsr2h
   831  000118  C018  FFD9         	movff	??_hp_intrp+6,fsr2l
   832  00011C  C017  FFE2         	movff	??_hp_intrp+5,fsr1h
   833  000120  C016  FFE1         	movff	??_hp_intrp+4,fsr1l
   834  000124  C015  FFEA         	movff	??_hp_intrp+3,fsr0h
   835  000128  C014  FFE9         	movff	??_hp_intrp+2,fsr0l
   836  00012C  C013  FFFB         	movff	??_hp_intrp+1,pclatu
   837  000130  C012  FFFA         	movff	??_hp_intrp,pclath
   838  000134  0011               	retfie		f
   839  000136                     __end_of_hp_intrp:
   840                           	opt stack 0
   841  0000                     pclatu	equ	0xFFB
   842                           pclath	equ	0xFFA
   843                           tblptru	equ	0xFF8
   844                           tblptrh	equ	0xFF7
   845                           tblptrl	equ	0xFF6
   846                           tablat	equ	0xFF5
   847                           prodh	equ	0xFF4
   848                           prodl	equ	0xFF3
   849                           intcon	equ	0xFF2
   850                           intcon2	equ	0xFF1
   851                           intcon3	equ	0xFF0
   852                           fsr0h	equ	0xFEA
   853                           fsr0l	equ	0xFE9
   854                           wreg	equ	0xFE8
   855                           fsr1h	equ	0xFE2
   856                           fsr1l	equ	0xFE1
   857                           bsr	equ	0xFE0
   858                           fsr2h	equ	0xFDA
   859                           fsr2l	equ	0xFD9
   860                           status	equ	0xFD8
   861                           pclatu	equ	0xFFB
   862                           pclath	equ	0xFFA
   863                           tblptru	equ	0xFF8
   864                           tblptrh	equ	0xFF7
   865                           tblptrl	equ	0xFF6
   866                           tablat	equ	0xFF5
   867                           prodh	equ	0xFF4
   868                           prodl	equ	0xFF3
   869                           intcon	equ	0xFF2
   870                           intcon2	equ	0xFF1
   871                           intcon3	equ	0xFF0
   872                           fsr0h	equ	0xFEA
   873                           fsr0l	equ	0xFE9
   874                           wreg	equ	0xFE8
   875                           fsr1h	equ	0xFE2
   876                           fsr1l	equ	0xFE1
   877                           bsr	equ	0xFE0
   878                           fsr2h	equ	0xFDA
   879                           fsr2l	equ	0xFD9
   880                           status	equ	0xFD8
   881                           
   882                           	psect	rparam
   883  0000                     pclatu	equ	0xFFB
   884                           pclath	equ	0xFFA
   885                           tblptru	equ	0xFF8
   886                           tblptrh	equ	0xFF7
   887                           tblptrl	equ	0xFF6
   888                           tablat	equ	0xFF5
   889                           prodh	equ	0xFF4
   890                           prodl	equ	0xFF3
   891                           intcon	equ	0xFF2
   892                           intcon2	equ	0xFF1
   893                           intcon3	equ	0xFF0
   894                           fsr0h	equ	0xFEA
   895                           fsr0l	equ	0xFE9
   896                           wreg	equ	0xFE8
   897                           fsr1h	equ	0xFE2
   898                           fsr1l	equ	0xFE1
   899                           bsr	equ	0xFE0
   900                           fsr2h	equ	0xFDA
   901                           fsr2l	equ	0xFD9
   902                           status	equ	0xFD8


Data Sizes:
    Strings     0
    Constant    0
    Data        0
    BSS         5
    Persistent  0
    Stack       0

Auto Spaces:
    Space          Size  Autos    Used
    COMRAM           95     34      39
    BANK0           160      0       0
    BANK1           256      0       0
    BANK2           256      0       0
    BANK3           256      0       0
    BANK4           256      0       0
    BANK5           256      0       0
    BANK6           256      0       0
    BANK7           256      0       0

Pointer List with Targets:

    None.

Critical Paths under _main in COMRAM

    _main->_delay_1s
    _main->_delay_200ms
    _main->_delay_500ms

Critical Paths under _hp_intrp in COMRAM

    None.

Critical Paths under _lp_intrp in COMRAM

    None.

Critical Paths under _main in BANK0

    None.

Critical Paths under _hp_intrp in BANK0

    None.

Critical Paths under _lp_intrp in BANK0

    None.

Critical Paths under _main in BANK1

    None.

Critical Paths under _hp_intrp in BANK1

    None.

Critical Paths under _lp_intrp in BANK1

    None.

Critical Paths under _main in BANK2

    None.

Critical Paths under _hp_intrp in BANK2

    None.

Critical Paths under _lp_intrp in BANK2

    None.

Critical Paths under _main in BANK3

    None.

Critical Paths under _hp_intrp in BANK3

    None.

Critical Paths under _lp_intrp in BANK3

    None.

Critical Paths under _main in BANK4

    None.

Critical Paths under _hp_intrp in BANK4

    None.

Critical Paths under _lp_intrp in BANK4

    None.

Critical Paths under _main in BANK5

    None.

Critical Paths under _hp_intrp in BANK5

    None.

Critical Paths under _lp_intrp in BANK5

    None.

Critical Paths under _main in BANK6

    None.

Critical Paths under _hp_intrp in BANK6

    None.

Critical Paths under _lp_intrp in BANK6

    None.

Critical Paths under _main in BANK7

    None.

Critical Paths under _hp_intrp in BANK7

    None.

Critical Paths under _lp_intrp in BANK7

    None.

Call Graph Tables:

 ---------------------------------------------------------------------------------
 (Depth) Function   	        Calls       Base Space   Used Autos Params    Refs
 ---------------------------------------------------------------------------------
 (0) _main                                                 0     0      0      90
                           _delay_1s
                        _delay_200ms
                        _delay_500ms
 ---------------------------------------------------------------------------------
 (1) _delay_500ms                                          3     3      0      30
                                             31 COMRAM     3     3      0
 ---------------------------------------------------------------------------------
 (1) _delay_200ms                                          3     3      0      30
                                             31 COMRAM     3     3      0
 ---------------------------------------------------------------------------------
 (1) _delay_1s                                             3     3      0      30
                                             31 COMRAM     3     3      0
 ---------------------------------------------------------------------------------
 Estimated maximum stack depth 1
 ---------------------------------------------------------------------------------
 (Depth) Function   	        Calls       Base Space   Used Autos Params    Refs
 ---------------------------------------------------------------------------------
 (2) _lp_intrp                                            17    17      0       0
                                              0 COMRAM    17    17      0
 ---------------------------------------------------------------------------------
 Estimated maximum stack depth 2
 ---------------------------------------------------------------------------------
 (Depth) Function   	        Calls       Base Space   Used Autos Params    Refs
 ---------------------------------------------------------------------------------
 (3) _hp_intrp                                            14    14      0       0
                                             17 COMRAM    14    14      0
 ---------------------------------------------------------------------------------
 Estimated maximum stack depth 3
 ---------------------------------------------------------------------------------

 Call Graph Graphs:

 _main (ROOT)
   _delay_1s
   _delay_200ms
   _delay_500ms

 _lp_intrp (ROOT)

 _hp_intrp (ROOT)

 Address spaces:
Name               Size   Autos  Total    Cost      Usage
BIGRAM             7FF      0       0      21        0.0%
EEDATA             100      0       0       0        0.0%
BITBANK7           100      0       0      18        0.0%
BANK7              100      0       0      19        0.0%
BITBANK6           100      0       0      16        0.0%
BANK6              100      0       0      17        0.0%
BITBANK5           100      0       0      14        0.0%
BANK5              100      0       0      15        0.0%
BITBANK4           100      0       0      12        0.0%
BANK4              100      0       0      13        0.0%
BITBANK3           100      0       0      10        0.0%
BANK3              100      0       0      11        0.0%
BITBANK2           100      0       0       8        0.0%
BANK2              100      0       0       9        0.0%
BITBANK1           100      0       0       6        0.0%
BANK1              100      0       0       7        0.0%
BITBANK0            A0      0       0       4        0.0%
BANK0               A0      0       0       5        0.0%
BITCOMRAM           5F      0       0       0        0.0%
COMRAM              5F     22      27       1       41.1%
BITSFR               0      0       0      40        0.0%
SFR                  0      0       0      40        0.0%
STACK                0      0       0       2        0.0%
NULL                 0      0       0       0        0.0%
ABS                  0      0      27      20        0.0%
DATA                 0      0      27       3        0.0%
CODE                 0      0       0       0        0.0%


Microchip Technology PIC18 Macro Assembler V1.34 build -361300703 
Symbol Table                                                                                   Tue Oct 21 08:51:52 2025

                     l50 01D6                       l45 020C                       l55 0242  
                     u97 01C4              __CFG_BOR$ON 000000                       bsr 000FE0  
            __CFG_BORV$3 000000                      l715 0162                      l733 0186  
                    l655 01AA                      l665 01E0                      l675 0216  
                    l659 01BE                      l669 01F4                      l679 022A  
                    u107 01FA                      u117 0230                      wreg 000FE8  
           __CFG_LVP$OFF 000000             __CFG_WDT$OFF 000000                     _LATD 000F8C  
           __CFG_PWRT$ON 000000                     _main 0136                     fsr0h 000FEA  
                   fsr1h 000FE2                     fsr0l 000FE9                     fsr2h 000FDA  
                   fsr1l 000FE1                     fsr2l 000FD9                     pclat 000FFA  
                   prodh 000FF4                     prodl 000FF3                     start 00B6  
          __CFG_MCLRE$ON 000000             ___param_bank 000010            __CFG_PLLDIV$5 000000  
                  ?_main 0001                    _CMCON 000FB4           __CFG_DEBUG$OFF 000000  
          __CFG_USBDIV$2 000000                    _TRISD 000F95     __size_of_delay_200ms 0036  
   __size_of_delay_500ms 0036                    tablat 000FF5                    status 000FD8  
         __CFG_ICPRT$OFF 000000          __initialization 0244             __end_of_main 01A2  
                 ??_main 0023            __activetblptr 000000                   _ADCON1 000FC1  
       __end_of_delay_1s 0244           __CFG_VREGEN$ON 000000           __CFG_XINST$OFF 000000  
         __CFG_STVREN$ON 000000         __end_of_hp_intrp 0136         __end_of_lp_intrp 00B6  
                 tblptrh 000FF7                   tblptrl 000FF6                   tblptru 000FF8  
             __accesstop 0060  __end_of__initialization 024E          __CFG_PBADEN$OFF 000000  
          ___rparam_used 000001           __pcstackCOMRAM 0001                ?_delay_1s 0001  
              ?_hp_intrp 0001                ?_lp_intrp 0001                  __Hparam 0000  
                __Lparam 0000                  __pcinit 0244                  __ramtop 0800  
                __ptext0 0136                  __ptext1 01A2                  __ptext2 01D8  
                __ptext3 020E               ??_delay_1s 0020            ??_delay_200ms 0020  
          ??_delay_500ms 0020           __pintcode_body 00BA     end_of_initialization 024E  
             ??_hp_intrp 0012                  int_func 00BA               ??_lp_intrp 0001  
              _TRISBbits 000F93      __end_of_delay_200ms 020E      __end_of_delay_500ms 01D8  
              _HexaValue 0027      start_initialization 0244         __CFG_LPT1OSC$OFF 000000  
            __pbssCOMRAM 0023              _delay_200ms 01D8              _delay_500ms 01A2  
      __size_of_delay_1s 0036        __size_of_hp_intrp 012E        __size_of_lp_intrp 009E  
              __pintcode 0008             delay_200ms@i 0021             delay_500ms@i 0021  
            __pintcodelo 0018                delay_1s@i 0021                 _LATDbits 000F8C  
               _RCONbits 000FD0              _INTCON2bits 000FF1              _INTCON3bits 000FF0  
               __Hrparam 0000                 __Lrparam 0000                 _delay_1s 020E  
               _hp_intrp 0008            __size_of_main 006C                 _lp_intrp 0018  
               _tempo_1s 0023    __CFG_CPUDIV$OSC1_PLL2 000000               _INTCONbits 000FF2  
           ?_delay_200ms 0001             ?_delay_500ms 0001                 intlevel1 0000  
               intlevel2 0000              _tempo_200ms 0025       __CFG_FOSC$HSPLL_HS 000000  
