

Microchip MPLAB XC8 Assembler V3.00 build 20241204225717 
                                                                                               Tue Nov 04 19:56:41 2025

Microchip MPLAB XC8 C Compiler v3.00 (Free license) build 20241204225717 Og1 
     1                           	processor	18F4550
     2                           	fnconf	rparam,??,?,0
     3                           	pagewidth 120
     4                           	opt	flic
     5                           	psect	cinit,global,reloc=2,class=CODE,space=0,delta=1
     6                           	psect	bssCOMRAM,global,class=COMRAM,space=1,delta=1,lowdata,noexec
     7                           	psect	cstackCOMRAM,global,class=COMRAM,space=1,delta=1,lowdata,noexec
     8                           	psect	text0,global,reloc=2,class=CODE,space=0,delta=1
     9                           	psect	intcode,global,reloc=2,class=CODE,space=0,delta=1
    10                           	psect	intcode_body,global,reloc=2,class=CODE,space=0,delta=1
    11                           	psect	smallconst,global,reloc=2,class=SMALLCONST,space=0,delta=1,noexec
    12                           	psect	intsave_regs,global,class=BIGRAM,space=1,delta=1,noexec
    13                           	psect	rparam,global,class=COMRAM,space=1,delta=1,noexec
    14                           	psect	temp,global,ovrld,common,class=COMRAM,space=1,delta=1,lowdata
    15                           	psect	idloc,global,abs,ovrld,class=IDLOC,space=5,delta=1,noexec
    16                           	psect	config,global,abs,ovrld,class=CONFIG,space=4,delta=1,noexec
    17   000000                     
    18                           ; Generated 05/12/2024 GMT
    19                           ; 
    20                           ; Copyright © 2024, Microchip Technology Inc. and its subsidiaries ("Microchip")
    21                           ; All rights reserved.
    22                           ; 
    23                           ; This software is developed by Microchip Technology Inc. and its subsidiaries ("Microch
      +                          ip").
    24                           ; 
    25                           ; Redistribution and use in source and binary forms, with or without modification, are
    26                           ; permitted provided that the following conditions are met:
    27                           ; 
    28                           ;     1. Redistributions of source code must retain the above copyright notice, this lis
      +                          t of
    29                           ;        conditions and the following disclaimer.
    30                           ; 
    31                           ;     2. Redistributions in binary form must reproduce the above copyright notice, this 
      +                          list
    32                           ;        of conditions and the following disclaimer in the documentation and/or other
    33                           ;        materials provided with the distribution. Publication is not required when
    34                           ;        this file is used in an embedded application.
    35                           ; 
    36                           ;     3. Microchip's name may not be used to endorse or promote products derived from th
      +                          is
    37                           ;        software without specific prior written permission.
    38                           ; 
    39                           ; THIS SOFTWARE IS PROVIDED BY MICROCHIP "AS IS" AND ANY EXPRESS OR IMPLIED WARRANTIES,
    40                           ; INCLUDING, BUT NOT LIMITED TO, THE IMPLIED WARRANTIES OF MERCHANTABILITY AND FITNESS F
      +                          OR
    41                           ; PURPOSE ARE DISCLAIMED.  IN NO EVENT SHALL MICROCHIP BE LIABLE FOR ANY DIRECT, INDIREC
      +                          T,
    42                           ; INCIDENTAL, SPECIAL, EXEMPLARY, OR CONSEQUENTIAL DAMAGES (INCLUDING BUT NOT LIMITED TO
    43                           ; PROCUREMENT OF SUBSTITUTE GOODS OR SERVICES; LOSS OF USE, DATA OR PROFITS; OR BUSINESS
    44                           ; INTERRUPTION) HOWSOEVER CAUSED AND ON ANY THEORY OF LIABILITY, WHETHER IN CONTRACT, ST
      +                          RICT
    45                           ; LIABILITY, OR TORT (INCLUDING NEGLIGENCE OR OTHERWISE) ARISING IN ANY WAY OUT OF THE U
      +                          SE OF
    46                           ; THIS SOFTWARE, EVEN IF ADVISED OF THE POSSIBILITY OF SUCH DAMAGE.
    47                           ; 
    48                           ; 
    49                           ; Code-generator required, PIC18F4550 Definitions
    50                           ; 
    51                           ; SFR Addresses
    52   000FE0                     bsr             equ	4064
    53   000FE9                     fsr0            equ	4073
    54   000FEA                     fsr0h           equ	4074
    55   000FE9                     fsr0l           equ	4073
    56   000FE1                     fsr1            equ	4065
    57   000FE2                     fsr1h           equ	4066
    58   000FE1                     fsr1l           equ	4065
    59   000FD9                     fsr2            equ	4057
    60   000FDA                     fsr2h           equ	4058
    61   000FD9                     fsr2l           equ	4057
    62   000FEF                     indf0           equ	4079
    63   000FE7                     indf1           equ	4071
    64   000FDF                     indf2           equ	4063
    65   000FF2                     intcon          equ	4082
    66   000000                     nvmcon          equ	0
    67   000FF9                     pcl             equ	4089
    68   000FFA                     pclath          equ	4090
    69   000FFB                     pclatu          equ	4091
    70   000FEB                     plusw0          equ	4075
    71   000FE3                     plusw1          equ	4067
    72   000FDB                     plusw2          equ	4059
    73   000FED                     postdec0        equ	4077
    74   000FE5                     postdec1        equ	4069
    75   000FDD                     postdec2        equ	4061
    76   000FEE                     postinc0        equ	4078
    77   000FE6                     postinc1        equ	4070
    78   000FDE                     postinc2        equ	4062
    79   000FEC                     preinc0         equ	4076
    80   000FE4                     preinc1         equ	4068
    81   000FDC                     preinc2         equ	4060
    82   000FF3                     prod            equ	4083
    83   000FF4                     prodh           equ	4084
    84   000FF3                     prodl           equ	4083
    85   000FD8                     status          equ	4056
    86   000FF5                     tablat          equ	4085
    87   000FF6                     tblptr          equ	4086
    88   000FF7                     tblptrh         equ	4087
    89   000FF6                     tblptrl         equ	4086
    90   000FF8                     tblptru         equ	4088
    91   000FFD                     tosl            equ	4093
    92   000FE8                     wreg            equ	4072
    93   000F62                     SPPDATA         equ	3938	;# 
    94   000F63                     SPPCFG          equ	3939	;# 
    95   000F64                     SPPEPS          equ	3940	;# 
    96   000F65                     SPPCON          equ	3941	;# 
    97   000F66                     UFRM            equ	3942	;# 
    98   000F66                     UFRML           equ	3942	;# 
    99   000F67                     UFRMH           equ	3943	;# 
   100   000F68                     UIR             equ	3944	;# 
   101   000F69                     UIE             equ	3945	;# 
   102   000F6A                     UEIR            equ	3946	;# 
   103   000F6B                     UEIE            equ	3947	;# 
   104   000F6C                     USTAT           equ	3948	;# 
   105   000F6D                     UCON            equ	3949	;# 
   106   000F6E                     UADDR           equ	3950	;# 
   107   000F6F                     UCFG            equ	3951	;# 
   108   000F70                     UEP0            equ	3952	;# 
   109   000F71                     UEP1            equ	3953	;# 
   110   000F72                     UEP2            equ	3954	;# 
   111   000F73                     UEP3            equ	3955	;# 
   112   000F74                     UEP4            equ	3956	;# 
   113   000F75                     UEP5            equ	3957	;# 
   114   000F76                     UEP6            equ	3958	;# 
   115   000F77                     UEP7            equ	3959	;# 
   116   000F78                     UEP8            equ	3960	;# 
   117   000F79                     UEP9            equ	3961	;# 
   118   000F7A                     UEP10           equ	3962	;# 
   119   000F7B                     UEP11           equ	3963	;# 
   120   000F7C                     UEP12           equ	3964	;# 
   121   000F7D                     UEP13           equ	3965	;# 
   122   000F7E                     UEP14           equ	3966	;# 
   123   000F7F                     UEP15           equ	3967	;# 
   124   000F80                     PORTA           equ	3968	;# 
   125   000F81                     PORTB           equ	3969	;# 
   126   000F82                     PORTC           equ	3970	;# 
   127   000F83                     PORTD           equ	3971	;# 
   128   000F84                     PORTE           equ	3972	;# 
   129   000F89                     LATA            equ	3977	;# 
   130   000F8A                     LATB            equ	3978	;# 
   131   000F8B                     LATC            equ	3979	;# 
   132   000F8C                     LATD            equ	3980	;# 
   133   000F8D                     LATE            equ	3981	;# 
   134   000F92                     TRISA           equ	3986	;# 
   135   000F92                     DDRA            equ	3986	;# 
   136   000F93                     TRISB           equ	3987	;# 
   137   000F93                     DDRB            equ	3987	;# 
   138   000F94                     TRISC           equ	3988	;# 
   139   000F94                     DDRC            equ	3988	;# 
   140   000F95                     TRISD           equ	3989	;# 
   141   000F95                     DDRD            equ	3989	;# 
   142   000F96                     TRISE           equ	3990	;# 
   143   000F96                     DDRE            equ	3990	;# 
   144   000F9B                     OSCTUNE         equ	3995	;# 
   145   000F9D                     PIE1            equ	3997	;# 
   146   000F9E                     PIR1            equ	3998	;# 
   147   000F9F                     IPR1            equ	3999	;# 
   148   000FA0                     PIE2            equ	4000	;# 
   149   000FA1                     PIR2            equ	4001	;# 
   150   000FA2                     IPR2            equ	4002	;# 
   151   000FA6                     EECON1          equ	4006	;# 
   152   000FA7                     EECON2          equ	4007	;# 
   153   000FA8                     EEDATA          equ	4008	;# 
   154   000FA9                     EEADR           equ	4009	;# 
   155   000FAB                     RCSTA           equ	4011	;# 
   156   000FAB                     RCSTA1          equ	4011	;# 
   157   000FAC                     TXSTA           equ	4012	;# 
   158   000FAC                     TXSTA1          equ	4012	;# 
   159   000FAD                     TXREG           equ	4013	;# 
   160   000FAD                     TXREG1          equ	4013	;# 
   161   000FAE                     RCREG           equ	4014	;# 
   162   000FAE                     RCREG1          equ	4014	;# 
   163   000FAF                     SPBRG           equ	4015	;# 
   164   000FAF                     SPBRG1          equ	4015	;# 
   165   000FB0                     SPBRGH          equ	4016	;# 
   166   000FB1                     T3CON           equ	4017	;# 
   167   000FB2                     TMR3            equ	4018	;# 
   168   000FB2                     TMR3L           equ	4018	;# 
   169   000FB3                     TMR3H           equ	4019	;# 
   170   000FB4                     CMCON           equ	4020	;# 
   171   000FB5                     CVRCON          equ	4021	;# 
   172   000FB6                     ECCP1AS         equ	4022	;# 
   173   000FB6                     CCP1AS          equ	4022	;# 
   174   000FB7                     ECCP1DEL        equ	4023	;# 
   175   000FB7                     CCP1DEL         equ	4023	;# 
   176   000FB8                     BAUDCON         equ	4024	;# 
   177   000FB8                     BAUDCTL         equ	4024	;# 
   178   000FBA                     CCP2CON         equ	4026	;# 
   179   000FBB                     CCPR2           equ	4027	;# 
   180   000FBB                     CCPR2L          equ	4027	;# 
   181   000FBC                     CCPR2H          equ	4028	;# 
   182   000FBD                     CCP1CON         equ	4029	;# 
   183   000FBD                     ECCP1CON        equ	4029	;# 
   184   000FBE                     CCPR1           equ	4030	;# 
   185   000FBE                     CCPR1L          equ	4030	;# 
   186   000FBF                     CCPR1H          equ	4031	;# 
   187   000FC0                     ADCON2          equ	4032	;# 
   188   000FC1                     ADCON1          equ	4033	;# 
   189   000FC2                     ADCON0          equ	4034	;# 
   190   000FC3                     ADRES           equ	4035	;# 
   191   000FC3                     ADRESL          equ	4035	;# 
   192   000FC4                     ADRESH          equ	4036	;# 
   193   000FC5                     SSPCON2         equ	4037	;# 
   194   000FC6                     SSPCON1         equ	4038	;# 
   195   000FC7                     SSPSTAT         equ	4039	;# 
   196   000FC8                     SSPADD          equ	4040	;# 
   197   000FC9                     SSPBUF          equ	4041	;# 
   198   000FCA                     T2CON           equ	4042	;# 
   199   000FCB                     PR2             equ	4043	;# 
   200   000FCB                     MEMCON          equ	4043	;# 
   201   000FCC                     TMR2            equ	4044	;# 
   202   000FCD                     T1CON           equ	4045	;# 
   203   000FCE                     TMR1            equ	4046	;# 
   204   000FCE                     TMR1L           equ	4046	;# 
   205   000FCF                     TMR1H           equ	4047	;# 
   206   000FD0                     RCON            equ	4048	;# 
   207   000FD1                     WDTCON          equ	4049	;# 
   208   000FD2                     HLVDCON         equ	4050	;# 
   209   000FD2                     LVDCON          equ	4050	;# 
   210   000FD3                     OSCCON          equ	4051	;# 
   211   000FD5                     T0CON           equ	4053	;# 
   212   000FD6                     TMR0            equ	4054	;# 
   213   000FD6                     TMR0L           equ	4054	;# 
   214   000FD7                     TMR0H           equ	4055	;# 
   215   000FD8                     STATUS          equ	4056	;# 
   216   000FD9                     FSR2            equ	4057	;# 
   217   000FD9                     FSR2L           equ	4057	;# 
   218   000FDA                     FSR2H           equ	4058	;# 
   219   000FDB                     PLUSW2          equ	4059	;# 
   220   000FDC                     PREINC2         equ	4060	;# 
   221   000FDD                     POSTDEC2        equ	4061	;# 
   222   000FDE                     POSTINC2        equ	4062	;# 
   223   000FDF                     INDF2           equ	4063	;# 
   224   000FE0                     BSR             equ	4064	;# 
   225   000FE1                     FSR1            equ	4065	;# 
   226   000FE1                     FSR1L           equ	4065	;# 
   227   000FE2                     FSR1H           equ	4066	;# 
   228   000FE3                     PLUSW1          equ	4067	;# 
   229   000FE4                     PREINC1         equ	4068	;# 
   230   000FE5                     POSTDEC1        equ	4069	;# 
   231   000FE6                     POSTINC1        equ	4070	;# 
   232   000FE7                     INDF1           equ	4071	;# 
   233   000FE8                     WREG            equ	4072	;# 
   234   000FE9                     FSR0            equ	4073	;# 
   235   000FE9                     FSR0L           equ	4073	;# 
   236   000FEA                     FSR0H           equ	4074	;# 
   237   000FEB                     PLUSW0          equ	4075	;# 
   238   000FEC                     PREINC0         equ	4076	;# 
   239   000FED                     POSTDEC0        equ	4077	;# 
   240   000FEE                     POSTINC0        equ	4078	;# 
   241   000FEF                     INDF0           equ	4079	;# 
   242   000FF0                     INTCON3         equ	4080	;# 
   243   000FF1                     INTCON2         equ	4081	;# 
   244   000FF2                     INTCON          equ	4082	;# 
   245   000FF3                     PROD            equ	4083	;# 
   246   000FF3                     PRODL           equ	4083	;# 
   247   000FF4                     PRODH           equ	4084	;# 
   248   000FF5                     TABLAT          equ	4085	;# 
   249   000FF6                     TBLPTR          equ	4086	;# 
   250   000FF6                     TBLPTRL         equ	4086	;# 
   251   000FF7                     TBLPTRH         equ	4087	;# 
   252   000FF8                     TBLPTRU         equ	4088	;# 
   253   000FF9                     PCLAT           equ	4089	;# 
   254   000FF9                     PC              equ	4089	;# 
   255   000FF9                     PCL             equ	4089	;# 
   256   000FFA                     PCLATH          equ	4090	;# 
   257   000FFB                     PCLATU          equ	4091	;# 
   258   000FFC                     STKPTR          equ	4092	;# 
   259   000FFD                     TOS             equ	4093	;# 
   260   000FFD                     TOSL            equ	4093	;# 
   261   000FFE                     TOSH            equ	4094	;# 
   262   000FFF                     TOSU            equ	4095	;# 
   263   000FB2                     _TMR3           set	4018
   264   000FCE                     _TMR1           set	4046
   265   000FF2                     _INTCONbits     set	4082
   266   000FD0                     _RCONbits       set	4048
   267   000FA0                     _PIE2bits       set	4000
   268   000FB1                     _T3CONbits      set	4017
   269   000F9D                     _PIE1bits       set	3997
   270   000FCD                     _T1CONbits      set	4045
   271   000F8C                     _LATD           set	3980
   272   000F95                     _TRISD          set	3989
   273   000FB4                     _CMCON          set	4020
   274   000FC1                     _ADCON1         set	4033
   275   000FA1                     _PIR2bits       set	4001
   276   000F8C                     _LATDbits       set	3980
   277   000F9E                     _PIR1bits       set	3998
   278                           
   279                           ; #config settings
   280                           
   281                           	psect	cinit
   282   0008E4                     __pcinit:
   283                           	callstack 0
   284   0008E4                     start_initialization:
   285                           	callstack 0
   286   0008E4                     __initialization:
   287                           	callstack 0
   288                           
   289                           ; Clear objects allocated to COMRAM (2 bytes)
   290   0008E4  6A02               	clrf	(__pbssCOMRAM+1)& (0+255),c
   291   0008E6  6A01               	clrf	__pbssCOMRAM& (0+255),c
   292   0008E8                     end_of_initialization:
   293                           	callstack 0
   294   0008E8                     __end_of__initialization:
   295                           	callstack 0
   296   0008E8  9004               	bcf	int$flags,0,c	;clear compiler interrupt flag (level 1)
   297   0008EA  9204               	bcf	int$flags,1,c	;clear compiler interrupt flag (level 2)
   298   0008EC  0100               	movlb	0
   299   0008EE  EF4F  F004         	goto	_main	;jump to C main() function
   300                           
   301                           	psect	bssCOMRAM
   302   000001                     __pbssCOMRAM:
   303                           	callstack 0
   304   000001                     _count3:
   305                           	callstack 0
   306   000001                     	ds	1
   307   000002                     _count1:
   308                           	callstack 0
   309   000002                     	ds	1
   310                           
   311                           	psect	cstackCOMRAM
   312   000003                     __pcstackCOMRAM:
   313                           	callstack 0
   314   000003                     ??_high_isr:
   315                           
   316                           ; 1 bytes @ 0x0
   317   000003                     	ds	1
   318   000004                     
   319                           ; 1 bytes @ 0x1
   320 ;;
   321 ;;Main: autosize = 0, tempsize = 0, incstack = 0, save=0
   322 ;;
   323 ;; *************** function _main *****************
   324 ;; Defined at:
   325 ;;		line 117 in file "../../src/main.c"
   326 ;; Parameters:    Size  Location     Type
   327 ;;		None
   328 ;; Auto vars:     Size  Location     Type
   329 ;;		None
   330 ;; Return value:  Size  Location     Type
   331 ;;                  1    wreg      void 
   332 ;; Registers used:
   333 ;;		wreg, status,2
   334 ;; Tracked objects:
   335 ;;		On entry : 0/0
   336 ;;		On exit  : 0/0
   337 ;;		Unchanged: 0/0
   338 ;; Data sizes:     COMRAM   BANK0   BANK1   BANK2   BANK3   BANK4   BANK5   BANK6   BANK7
   339 ;;      Params:         0       0       0       0       0       0       0       0       0
   340 ;;      Locals:         0       0       0       0       0       0       0       0       0
   341 ;;      Temps:          0       0       0       0       0       0       0       0       0
   342 ;;      Totals:         0       0       0       0       0       0       0       0       0
   343 ;;Total ram usage:        0 bytes
   344 ;; Hardware stack levels required when called: 1
   345 ;; This function calls:
   346 ;;		Nothing
   347 ;; This function is called by:
   348 ;;		Startup code after reset
   349 ;; This function uses a non-reentrant model
   350 ;;
   351                           
   352                           	psect	text0
   353   00089E                     __ptext0:
   354                           	callstack 0
   355   00089E                     _main:
   356                           	callstack 30
   357   00089E                     
   358                           ;../../src/main.c: 119:     ADCON1 = 0x0F;
   359   00089E  0E0F               	movlw	15
   360   0008A0  6EC1               	movwf	193,c	;volatile
   361                           
   362                           ;../../src/main.c: 120:     CMCON = 0x07;
   363   0008A2  0E07               	movlw	7
   364   0008A4  6EB4               	movwf	180,c	;volatile
   365   0008A6                     
   366                           ;../../src/main.c: 122:     TRISD = 0x00;
   367   0008A6  6A95               	clrf	149,c	;volatile
   368   0008A8                     
   369                           ;../../src/main.c: 123:     LATD = 0x00;
   370   0008A8  6A8C               	clrf	140,c	;volatile
   371   0008AA                     
   372                           ;../../src/main.c: 126:     T1CONbits.TMR1CS = 0;
   373   0008AA  92CD               	bcf	205,1,c	;volatile
   374                           
   375                           ;../../src/main.c: 127:     T1CONbits.T1CKPS = 0b11;
   376   0008AC  0E30               	movlw	48
   377   0008AE  12CD               	iorwf	205,f,c	;volatile
   378   0008B0                     
   379                           ;../../src/main.c: 128:     T1CONbits.RD16 = 1;
   380   0008B0  8ECD               	bsf	205,7,c	;volatile
   381                           
   382                           ;../../src/main.c: 129:     TMR1 = (65536 - 58036);
   383   0008B2  0E1D               	movlw	29
   384   0008B4  6ECF               	movwf	207,c	;volatile
   385   0008B6  0E4C               	movlw	76
   386   0008B8  6ECE               	movwf	206,c	;volatile
   387   0008BA                     
   388                           ;../../src/main.c: 130:     PIR1bits.TMR1IF = 0;
   389   0008BA  909E               	bcf	158,0,c	;volatile
   390   0008BC                     
   391                           ;../../src/main.c: 131:     PIE1bits.TMR1IE = 1;
   392   0008BC  809D               	bsf	157,0,c	;volatile
   393   0008BE                     
   394                           ;../../src/main.c: 134:     T3CONbits.TMR3CS = 0;
   395   0008BE  92B1               	bcf	177,1,c	;volatile
   396                           
   397                           ;../../src/main.c: 135:     T3CONbits.T3CKPS = 0b11;
   398   0008C0  0E30               	movlw	48
   399   0008C2  12B1               	iorwf	177,f,c	;volatile
   400   0008C4                     
   401                           ;../../src/main.c: 136:     T3CONbits.RD16 = 1;
   402   0008C4  8EB1               	bsf	177,7,c	;volatile
   403                           
   404                           ;../../src/main.c: 137:     TMR3 = (65536 - 58036);
   405   0008C6  0E1D               	movlw	29
   406   0008C8  6EB3               	movwf	179,c	;volatile
   407   0008CA  0E4C               	movlw	76
   408   0008CC  6EB2               	movwf	178,c	;volatile
   409   0008CE                     
   410                           ;../../src/main.c: 138:     PIR2bits.TMR3IF = 0;
   411   0008CE  92A1               	bcf	161,1,c	;volatile
   412   0008D0                     
   413                           ;../../src/main.c: 139:     PIE2bits.TMR3IE = 1;
   414   0008D0  82A0               	bsf	160,1,c	;volatile
   415   0008D2                     
   416                           ;../../src/main.c: 142:     RCONbits.IPEN = 1;
   417   0008D2  8ED0               	bsf	208,7,c	;volatile
   418   0008D4                     
   419                           ;../../src/main.c: 143:     INTCONbits.GIEH = 1;
   420   0008D4  8EF2               	bsf	242,7,c	;volatile
   421   0008D6                     
   422                           ;../../src/main.c: 144:     INTCONbits.GIEL = 1;
   423   0008D6  8CF2               	bsf	242,6,c	;volatile
   424   0008D8                     
   425                           ;../../src/main.c: 147:     T1CONbits.TMR1ON = 1;
   426   0008D8  80CD               	bsf	205,0,c	;volatile
   427   0008DA                     
   428                           ;../../src/main.c: 148:     T3CONbits.TMR3ON = 1;
   429   0008DA  80B1               	bsf	177,0,c	;volatile
   430   0008DC                     l48:
   431   0008DC  EF6E  F004         	goto	l48
   432   0008E0  EF07  F000         	goto	start
   433   0008E4                     __end_of_main:
   434                           	callstack 0
   435                           
   436 ;; *************** function _high_isr *****************
   437 ;; Defined at:
   438 ;;		line 86 in file "../../src/main.c"
   439 ;; Parameters:    Size  Location     Type
   440 ;;		None
   441 ;; Auto vars:     Size  Location     Type
   442 ;;		None
   443 ;; Return value:  Size  Location     Type
   444 ;;                  1    wreg      void 
   445 ;; Registers used:
   446 ;;		wreg, status,2, status,0
   447 ;; Tracked objects:
   448 ;;		On entry : 0/0
   449 ;;		On exit  : 0/0
   450 ;;		Unchanged: 0/0
   451 ;; Data sizes:     COMRAM   BANK0   BANK1   BANK2   BANK3   BANK4   BANK5   BANK6   BANK7
   452 ;;      Params:         0       0       0       0       0       0       0       0       0
   453 ;;      Locals:         0       0       0       0       0       0       0       0       0
   454 ;;      Temps:          1       0       0       0       0       0       0       0       0
   455 ;;      Totals:         1       0       0       0       0       0       0       0       0
   456 ;;Total ram usage:        1 bytes
   457 ;; Hardware stack levels used: 1
   458 ;; This function calls:
   459 ;;		Nothing
   460 ;; This function is called by:
   461 ;;		Interrupt level 2
   462 ;; This function uses a non-reentrant model
   463 ;;
   464                           
   465                           	psect	intcode
   466   000008                     __pintcode:
   467                           	callstack 0
   468   000008                     _high_isr:
   469                           	callstack 30
   470                           
   471                           ;incstack = 0
   472   000008  8204               	bsf	int$flags,1,c	;set compiler interrupt flag (level 2)
   473   00000A  ED01  F004         	call	int_func,f	;refresh shadow registers
   474                           
   475                           	psect	intcode_body
   476   000802                     __pintcode_body:
   477                           	callstack 30
   478   000802                     int_func:
   479                           	callstack 30
   480   000802  0006               	pop		; remove dummy address from shadow register refresh
   481   000804                     
   482                           ;../../src/main.c: 89:     if (PIR1bits.TMR1IF)
   483   000804  A09E               	btfss	158,0,c	;volatile
   484   000806  EF07  F004         	goto	i2u1_41
   485   00080A  EF09  F004         	goto	i2u1_40
   486   00080E                     i2u1_41:
   487   00080E  EF28  F004         	goto	i2l741
   488   000812                     i2u1_40:
   489   000812                     
   490                           ;../../src/main.c: 90:     {;../../src/main.c: 91:         PIR1bits.TMR1IF = 0;
   491   000812  909E               	bcf	158,0,c	;volatile
   492   000814                     
   493                           ;../../src/main.c: 92:         TMR1 = (65536 - 58036);
   494   000814  0E1D               	movlw	29
   495   000816  6ECF               	movwf	207,c	;volatile
   496   000818  0E4C               	movlw	76
   497   00081A  6ECE               	movwf	206,c	;volatile
   498   00081C                     
   499                           ;../../src/main.c: 94:         count1++;
   500   00081C  2A02               	incf	_count1^0,f,c	;volatile
   501   00081E                     
   502                           ;../../src/main.c: 95:         if (count1 >= 100)
   503   00081E  0E63               	movlw	99
   504   000820  6402               	cpfsgt	_count1^0,c	;volatile
   505   000822  EF15  F004         	goto	i2u2_41
   506   000826  EF17  F004         	goto	i2u2_40
   507   00082A                     i2u2_41:
   508   00082A  EF28  F004         	goto	i2l741
   509   00082E                     i2u2_40:
   510   00082E                     
   511                           ;../../src/main.c: 96:         {;../../src/main.c: 97:             count1 = 0;
   512   00082E  6A02               	clrf	_count1^0,c	;volatile
   513   000830                     
   514                           ;../../src/main.c: 98:             LATDbits.LATD1 = !LATDbits.LATD1;
   515   000830  A28C               	btfss	140,1,c	;volatile
   516   000832  EF1D  F004         	goto	i2u3_41
   517   000836  EF21  F004         	goto	i2u3_40
   518   00083A                     i2u3_41:
   519   00083A  6A03               	clrf	??_high_isr^0,c
   520   00083C  2A03               	incf	??_high_isr^0,f,c
   521   00083E  EF22  F004         	goto	i2u4_48
   522   000842                     i2u3_40:
   523   000842  6A03               	clrf	??_high_isr^0,c
   524   000844                     i2u4_48:
   525   000844  4603               	rlncf	??_high_isr^0,f,c
   526   000846  508C               	movf	140,w,c	;volatile
   527   000848  1803               	xorwf	??_high_isr^0,w,c
   528   00084A  0BFD               	andlw	-3
   529   00084C  1803               	xorwf	??_high_isr^0,w,c
   530   00084E  6E8C               	movwf	140,c	;volatile
   531   000850                     i2l741:
   532                           
   533                           ;../../src/main.c: 103:     if (PIR2bits.TMR3IF)
   534   000850  A2A1               	btfss	161,1,c	;volatile
   535   000852  EF2D  F004         	goto	i2u5_41
   536   000856  EF2F  F004         	goto	i2u5_40
   537   00085A                     i2u5_41:
   538   00085A  EF4D  F004         	goto	i2l43
   539   00085E                     i2u5_40:
   540   00085E                     
   541                           ;../../src/main.c: 104:     {;../../src/main.c: 105:         PIR2bits.TMR3IF = 0;
   542   00085E  92A1               	bcf	161,1,c	;volatile
   543   000860                     
   544                           ;../../src/main.c: 106:         TMR3 = (65536 - 58036);
   545   000860  0E1D               	movlw	29
   546   000862  6EB3               	movwf	179,c	;volatile
   547   000864  0E4C               	movlw	76
   548   000866  6EB2               	movwf	178,c	;volatile
   549   000868                     
   550                           ;../../src/main.c: 108:         count3++;
   551   000868  2A01               	incf	_count3^0,f,c	;volatile
   552   00086A                     
   553                           ;../../src/main.c: 109:         if (count3 >= 10)
   554   00086A  0E09               	movlw	9
   555   00086C  6401               	cpfsgt	_count3^0,c	;volatile
   556   00086E  EF3B  F004         	goto	i2u6_41
   557   000872  EF3D  F004         	goto	i2u6_40
   558   000876                     i2u6_41:
   559   000876  EF4D  F004         	goto	i2l43
   560   00087A                     i2u6_40:
   561   00087A                     
   562                           ;../../src/main.c: 110:         {;../../src/main.c: 111:             count3 = 0;
   563   00087A  6A01               	clrf	_count3^0,c	;volatile
   564   00087C                     
   565                           ;../../src/main.c: 112:             LATDbits.LATD0 = !LATDbits.LATD0;
   566   00087C  A08C               	btfss	140,0,c	;volatile
   567   00087E  EF43  F004         	goto	i2u7_41
   568   000882  EF47  F004         	goto	i2u7_40
   569   000886                     i2u7_41:
   570   000886  6A03               	clrf	??_high_isr^0,c
   571   000888  2A03               	incf	??_high_isr^0,f,c
   572   00088A  EF48  F004         	goto	i2u8_48
   573   00088E                     i2u7_40:
   574   00088E  6A03               	clrf	??_high_isr^0,c
   575   000890                     i2u8_48:
   576   000890  508C               	movf	140,w,c	;volatile
   577   000892  1803               	xorwf	??_high_isr^0,w,c
   578   000894  0BFE               	andlw	-2
   579   000896  1803               	xorwf	??_high_isr^0,w,c
   580   000898  6E8C               	movwf	140,c	;volatile
   581   00089A                     i2l43:
   582   00089A  9204               	bcf	int$flags,1,c	;clear compiler interrupt flag (level 2)
   583   00089C  0011               	retfie		f
   584   00089E                     __end_of_high_isr:
   585                           	callstack 0
   586                           
   587                           	psect	smallconst
   588   000800                     __psmallconst:
   589                           	callstack 0
   590   000800  00                 	db	0
   591   000801  00                 	db	0	; dummy byte at the end
   592   000800                     __smallconst    set	__psmallconst
   593   000800                     __mediumconst   set	__psmallconst
   594   000000                     __activetblptr  equ	0
   595                           
   596                           	psect	rparam
   597   000001                     ___rparam_used  equ	1
   598   000000                     ___param_bank   equ	0
   599   000000                     __Lparam        equ	__Lrparam
   600   000000                     __Hparam        equ	__Hrparam
   601                           
   602                           	psect	temp
   603   000004                     btemp:
   604                           	callstack 0
   605   000004                     	ds	1
   606   000004                     int$flags       set	btemp
   607   000005                     wtemp8          set	btemp+1
   608   000005                     ttemp5          set	btemp+1
   609   000008                     ttemp6          set	btemp+4
   610   00000C                     ttemp7          set	btemp+8
   611                           
   612                           	psect	idloc
   613                           
   614                           ;Config register IDLOC0 @ 0x200000
   615                           ;	unspecified, using default values
   616   200000                     	org	2097152
   617   200000  FF                 	db	255
   618                           
   619                           ;Config register IDLOC1 @ 0x200001
   620                           ;	unspecified, using default values
   621   200001                     	org	2097153
   622   200001  FF                 	db	255
   623                           
   624                           ;Config register IDLOC2 @ 0x200002
   625                           ;	unspecified, using default values
   626   200002                     	org	2097154
   627   200002  FF                 	db	255
   628                           
   629                           ;Config register IDLOC3 @ 0x200003
   630                           ;	unspecified, using default values
   631   200003                     	org	2097155
   632   200003  FF                 	db	255
   633                           
   634                           ;Config register IDLOC4 @ 0x200004
   635                           ;	unspecified, using default values
   636   200004                     	org	2097156
   637   200004  FF                 	db	255
   638                           
   639                           ;Config register IDLOC5 @ 0x200005
   640                           ;	unspecified, using default values
   641   200005                     	org	2097157
   642   200005  FF                 	db	255
   643                           
   644                           ;Config register IDLOC6 @ 0x200006
   645                           ;	unspecified, using default values
   646   200006                     	org	2097158
   647   200006  FF                 	db	255
   648                           
   649                           ;Config register IDLOC7 @ 0x200007
   650                           ;	unspecified, using default values
   651   200007                     	org	2097159
   652   200007  FF                 	db	255
   653                           
   654                           	psect	config
   655                           
   656                           ;Config register CONFIG1L @ 0x300000
   657                           ;	PLL Prescaler Selection bits
   658                           ;	PLLDIV = 5, Divide by 5 (20 MHz oscillator input)
   659                           ;	System Clock Postscaler Selection bits
   660                           ;	CPUDIV = OSC1_PLL2, [Primary Oscillator Src: /1][96 MHz PLL Src: /2]
   661                           ;	USB Clock Selection bit (used in Full-Speed USB mode only; UCFG:FSEN = 1)
   662                           ;	USBDIV = 2, USB clock source comes from the 96 MHz PLL divided by 2
   663   300000                     	org	3145728
   664   300000  24                 	db	36
   665                           
   666                           ;Config register CONFIG1H @ 0x300001
   667                           ;	Oscillator Selection bits
   668                           ;	FOSC = HSPLL_HS, HS oscillator, PLL enabled (HSPLL)
   669                           ;	Fail-Safe Clock Monitor Enable bit
   670                           ;	FCMEN = 0x0, unprogrammed default
   671                           ;	Internal/External Oscillator Switchover bit
   672                           ;	IESO = 0x0, unprogrammed default
   673   300001                     	org	3145729
   674   300001  0E                 	db	14
   675                           
   676                           ;Config register CONFIG2L @ 0x300002
   677                           ;	Power-up Timer Enable bit
   678                           ;	PWRT = ON, PWRT enabled
   679                           ;	Brown-out Reset Enable bits
   680                           ;	BOR = ON, Brown-out Reset enabled in hardware only (SBOREN is disabled)
   681                           ;	Brown-out Reset Voltage bits
   682                           ;	BORV = 3, Minimum setting 2.05V
   683                           ;	USB Voltage Regulator Enable bit
   684                           ;	VREGEN = ON, USB voltage regulator enabled
   685   300002                     	org	3145730
   686   300002  3E                 	db	62
   687                           
   688                           ;Config register CONFIG2H @ 0x300003
   689                           ;	Watchdog Timer Enable bit
   690                           ;	WDT = OFF, WDT disabled (control is placed on the SWDTEN bit)
   691                           ;	Watchdog Timer Postscale Select bits
   692                           ;	WDTPS = 0xF, unprogrammed default
   693   300003                     	org	3145731
   694   300003  1E                 	db	30
   695                           
   696                           ; Padding undefined space
   697   300004                     	org	3145732
   698   300004  FF                 	db	255
   699                           
   700                           ;Config register CONFIG3H @ 0x300005
   701                           ;	CCP2 MUX bit
   702                           ;	CCP2MX = 0x1, unprogrammed default
   703                           ;	PORTB A/D Enable bit
   704                           ;	PBADEN = OFF, PORTB<4:0> pins are configured as digital I/O on Reset
   705                           ;	Low-Power Timer 1 Oscillator Enable bit
   706                           ;	LPT1OSC = OFF, Timer1 configured for higher power operation
   707                           ;	MCLR Pin Enable bit
   708                           ;	MCLRE = ON, MCLR pin enabled; RE3 input pin disabled
   709   300005                     	org	3145733
   710   300005  81                 	db	129
   711                           
   712                           ;Config register CONFIG4L @ 0x300006
   713                           ;	Stack Full/Underflow Reset Enable bit
   714                           ;	STVREN = ON, Stack full/underflow will cause Reset
   715                           ;	Single-Supply ICSP Enable bit
   716                           ;	LVP = OFF, Single-Supply ICSP disabled
   717                           ;	Dedicated In-Circuit Debug/Programming Port (ICPORT) Enable bit
   718                           ;	ICPRT = OFF, ICPORT disabled
   719                           ;	Extended Instruction Set Enable bit
   720                           ;	XINST = OFF, Instruction set extension and Indexed Addressing mode disabled (Legacy mo
      +                          de)
   721                           ;	Background Debugger Enable bit
   722                           ;	DEBUG = OFF, Background debugger disabled, RB6 and RB7 configured as general purpose I
      +                          /O pins
   723   300006                     	org	3145734
   724   300006  81                 	db	129
   725                           
   726                           ; Padding undefined space
   727   300007                     	org	3145735
   728   300007  FF                 	db	255
   729                           
   730                           ;Config register CONFIG5L @ 0x300008
   731                           ;	unspecified, using default values
   732                           ;	Code Protection bit
   733                           ;	CP0 = 0x1, unprogrammed default
   734                           ;	Code Protection bit
   735                           ;	CP1 = 0x1, unprogrammed default
   736                           ;	Code Protection bit
   737                           ;	CP2 = 0x1, unprogrammed default
   738                           ;	Code Protection bit
   739                           ;	CP3 = 0x1, unprogrammed default
   740   300008                     	org	3145736
   741   300008  0F                 	db	15
   742                           
   743                           ;Config register CONFIG5H @ 0x300009
   744                           ;	unspecified, using default values
   745                           ;	Boot Block Code Protection bit
   746                           ;	CPB = 0x1, unprogrammed default
   747                           ;	Data EEPROM Code Protection bit
   748                           ;	CPD = 0x1, unprogrammed default
   749   300009                     	org	3145737
   750   300009  C0                 	db	192
   751                           
   752                           ;Config register CONFIG6L @ 0x30000A
   753                           ;	unspecified, using default values
   754                           ;	Write Protection bit
   755                           ;	WRT0 = 0x1, unprogrammed default
   756                           ;	Write Protection bit
   757                           ;	WRT1 = 0x1, unprogrammed default
   758                           ;	Write Protection bit
   759                           ;	WRT2 = 0x1, unprogrammed default
   760                           ;	Write Protection bit
   761                           ;	WRT3 = 0x1, unprogrammed default
   762   30000A                     	org	3145738
   763   30000A  0F                 	db	15
   764                           
   765                           ;Config register CONFIG6H @ 0x30000B
   766                           ;	unspecified, using default values
   767                           ;	Configuration Register Write Protection bit
   768                           ;	WRTC = 0x1, unprogrammed default
   769                           ;	Boot Block Write Protection bit
   770                           ;	WRTB = 0x1, unprogrammed default
   771                           ;	Data EEPROM Write Protection bit
   772                           ;	WRTD = 0x1, unprogrammed default
   773   30000B                     	org	3145739
   774   30000B  E0                 	db	224
   775                           
   776                           ;Config register CONFIG7L @ 0x30000C
   777                           ;	unspecified, using default values
   778                           ;	Table Read Protection bit
   779                           ;	EBTR0 = 0x1, unprogrammed default
   780                           ;	Table Read Protection bit
   781                           ;	EBTR1 = 0x1, unprogrammed default
   782                           ;	Table Read Protection bit
   783                           ;	EBTR2 = 0x1, unprogrammed default
   784                           ;	Table Read Protection bit
   785                           ;	EBTR3 = 0x1, unprogrammed default
   786   30000C                     	org	3145740
   787   30000C  0F                 	db	15
   788                           
   789                           ;Config register CONFIG7H @ 0x30000D
   790                           ;	unspecified, using default values
   791                           ;	Boot Block Table Read Protection bit
   792                           ;	EBTRB = 0x1, unprogrammed default
   793   30000D                     	org	3145741
   794   30000D  40                 	db	64
   795                           tosu	equ	0xFFF
   796                           tosh	equ	0xFFE
   797                           tosl	equ	0xFFD
   798                           stkptr	equ	0xFFC
   799                           pclatu	equ	0xFFB
   800                           pclath	equ	0xFFA
   801                           pcl	equ	0xFF9
   802                           tblptru	equ	0xFF8
   803                           tblptrh	equ	0xFF7
   804                           tblptrl	equ	0xFF6
   805                           tablat	equ	0xFF5
   806                           prodh	equ	0xFF4
   807                           prodl	equ	0xFF3
   808                           indf0	equ	0xFEF
   809                           postinc0	equ	0xFEE
   810                           postdec0	equ	0xFED
   811                           preinc0	equ	0xFEC
   812                           plusw0	equ	0xFEB
   813                           fsr0h	equ	0xFEA
   814                           fsr0l	equ	0xFE9
   815                           wreg	equ	0xFE8
   816                           indf1	equ	0xFE7
   817                           postinc1	equ	0xFE6
   818                           postdec1	equ	0xFE5
   819                           preinc1	equ	0xFE4
   820                           plusw1	equ	0xFE3
   821                           fsr1h	equ	0xFE2
   822                           fsr1l	equ	0xFE1
   823                           bsr	equ	0xFE0
   824                           indf2	equ	0xFDF
   825                           postinc2	equ	0xFDE
   826                           postdec2	equ	0xFDD
   827                           preinc2	equ	0xFDC
   828                           plusw2	equ	0xFDB
   829                           fsr2h	equ	0xFDA
   830                           fsr2l	equ	0xFD9
   831                           status	equ	0xFD8

Data Sizes:
    Strings     0
    Constant    0
    Data        0
    BSS         2
    Persistent  0
    Stack       0

Auto Spaces:
    Space          Size  Autos    Used
    COMRAM           94      1       3
    BANK0           160      0       0
    BANK1           256      0       0
    BANK2           256      0       0
    BANK3           256      0       0
    BANK4           256      0       0
    BANK5           256      0       0
    BANK6           256      0       0
    BANK7           256      0       0

Pointer List with Targets:

    None.

Critical Paths under _main in COMRAM

    None.

Critical Paths under _high_isr in COMRAM

    None.

Critical Paths under _main in BANK0

    None.

Critical Paths under _high_isr in BANK0

    None.

Critical Paths under _main in BANK1

    None.

Critical Paths under _high_isr in BANK1

    None.

Critical Paths under _main in BANK2

    None.

Critical Paths under _high_isr in BANK2

    None.

Critical Paths under _main in BANK3

    None.

Critical Paths under _high_isr in BANK3

    None.

Critical Paths under _main in BANK4

    None.

Critical Paths under _high_isr in BANK4

    None.

Critical Paths under _main in BANK5

    None.

Critical Paths under _high_isr in BANK5

    None.

Critical Paths under _main in BANK6

    None.

Critical Paths under _high_isr in BANK6

    None.

Critical Paths under _main in BANK7

    None.

Critical Paths under _high_isr in BANK7

    None.

Call Graph Tables:

 ---------------------------------------------------------------------------------
 (Depth) Function   	        Calls       Base Space   Used Autos Params    Refs
 ---------------------------------------------------------------------------------
 (0) _main                                                 0     0      0       0
 ---------------------------------------------------------------------------------
 Estimated maximum stack depth 0
 ---------------------------------------------------------------------------------
 (Depth) Function   	        Calls       Base Space   Used Autos Params    Refs
 ---------------------------------------------------------------------------------
 (1) _high_isr                                             1     1      0       0
                                              0 COMRAM     1     1      0
 ---------------------------------------------------------------------------------
 Estimated maximum stack depth 1
 ---------------------------------------------------------------------------------

 Call Graph Graphs:

 _main (ROOT)

 _high_isr (ROOT)

Address spaces:
Name               Size   Autos  Total    Usage
BIGRAM            2047      0       0      0.0%
BITBANK7           256      0       0      0.0%
BANK7              256      0       0      0.0%
BITBANK6           256      0       0      0.0%
BANK6              256      0       0      0.0%
BITBANK5           256      0       0      0.0%
BANK5              256      0       0      0.0%
BITBANK4           256      0       0      0.0%
BANK4              256      0       0      0.0%
BITBANK3           256      0       0      0.0%
BANK3              256      0       0      0.0%
BITBANK2           256      0       0      0.0%
BANK2              256      0       0      0.0%
BITBANK1           256      0       0      0.0%
BANK1              256      0       0      0.0%
BITBANK0           160      0       0      0.0%
BANK0              160      0       0      0.0%
BITBIGSFRh          94      0       0      0.0%
BITCOMRAM           94      0       0      0.0%
COMRAM              94      1       3      3.2%
BITBIGSFRll         44      0       0      0.0%
BITBIGSFRlh         20      0       0      0.0%
STACK                0      0       0      0.0%
DATA                 0      0       3      0.0%


Microchip Technology PIC18 Macro Assembler V3.00 build 20241204225717 
Symbol Table                                                                                   Tue Nov 04 19:56:41 2025

                     l48 08DC                       l49 08DC                      l761 08AA  
                    l771 08C4                      l763 08B0                      l755 089E  
                    l781 08D6                      l773 08CE                      l765 08BA  
                    l757 08A6                      l783 08D8                      l775 08D0  
                    l767 08BC                      l759 08A8                      l785 08DA  
                    l777 08D2                      l769 08BE                      l779 08D4  
                   _LATD 0F8C                     i2l43 089A                     _TMR1 0FCE  
                   _TMR3 0FB2                     _main 089E                     btemp 0004  
                   start 000E             ___param_bank 0000                    ?_main 0003  
                  _CMCON 0FB4                    i2l731 0814                    i2l733 081C  
                  i2l741 0850                    i2l751 087A                    i2l743 085E  
                  i2l735 081E                    i2l727 0804                    i2l753 087C  
                  i2l745 0860                    i2l737 082E                    i2l729 0812  
                  i2l747 0868                    i2l739 0830                    i2l749 086A  
                  _TRISD 0F95                    ttemp5 0005                    ttemp6 0008  
                  ttemp7 000C                    wtemp8 0005          __initialization 08E4  
           __end_of_main 08E4                   ??_main 0004            __activetblptr 0000  
                 _ADCON1 0FC1                   i2u1_40 0812                   i2u1_41 080E  
                 i2u2_40 082E                   i2u2_41 082A                   i2u3_40 0842  
                 i2u3_41 083A                   i2u5_40 085E                   i2u4_48 0844  
                 i2u5_41 085A                   i2u6_40 087A                   i2u6_41 0876  
                 i2u7_40 088E                   i2u7_41 0886                   i2u8_48 0890  
       __end_of_high_isr 089E                   _count1 0002                   _count3 0001  
                 isa$std 0001             __mediumconst 0800               __accesstop 0060  
__end_of__initialization 08E8            ___rparam_used 0001           __pcstackCOMRAM 0003  
              ?_high_isr 0003                  __Hparam 0000                  __Lparam 0000  
           __psmallconst 0800                  __pcinit 08E4                  __ramtop 0800  
                __ptext0 089E                _T1CONbits 0FCD                _T3CONbits 0FB1  
             ??_high_isr 0003           __pintcode_body 0802     end_of_initialization 08E8  
                int_func 0802      start_initialization 08E4              __pbssCOMRAM 0001  
              __pintcode 0008              __smallconst 0800                 _LATDbits 0F8C  
               _PIE1bits 0F9D                 _PIE2bits 0FA0                 _PIR1bits 0F9E  
               _PIR2bits 0FA1                 _RCONbits 0FD0                 __Hrparam 0000  
               __Lrparam 0000                 _high_isr 0008                 isa$xinst 0000  
               int$flags 0004               _INTCONbits 0FF2                 intlevel2 0000  
