

Microchip MPLAB XC8 Assembler V3.00 build 20241204225717 
                                                                                               Thu Oct 30 15:34:44 2025

Microchip MPLAB XC8 C Compiler v3.00 (Free license) build 20241204225717 Og1 
     1                           	processor	18F4550
     2                           	fnconf	rparam,??,?,0
     3                           	pagewidth 120
     4                           	opt	flic
     5                           	psect	smallconst,global,reloc=2,class=SMALLCONST,space=0,delta=1,noexec
     6                           	psect	cinit,global,reloc=2,class=CODE,space=0,delta=1
     7                           	psect	cstackCOMRAM,global,class=COMRAM,space=1,delta=1,lowdata,noexec
     8                           	psect	text0,global,reloc=2,class=CODE,space=0,delta=1
     9                           	psect	text1,global,reloc=2,class=CODE,space=0,delta=1
    10                           	psect	intsave_regs,global,class=BIGRAM,space=1,delta=1,noexec
    11                           	psect	rparam,global,class=COMRAM,space=1,delta=1,noexec
    12                           	psect	idloc,global,abs,ovrld,class=IDLOC,space=5,delta=1,noexec
    13                           	psect	config,global,abs,ovrld,class=CONFIG,space=4,delta=1,noexec
    14   000000                     
    15                           ; Generated 05/12/2024 GMT
    16                           ; 
    17                           ; Copyright © 2024, Microchip Technology Inc. and its subsidiaries ("Microchip")
    18                           ; All rights reserved.
    19                           ; 
    20                           ; This software is developed by Microchip Technology Inc. and its subsidiaries ("Microch
      +                          ip").
    21                           ; 
    22                           ; Redistribution and use in source and binary forms, with or without modification, are
    23                           ; permitted provided that the following conditions are met:
    24                           ; 
    25                           ;     1. Redistributions of source code must retain the above copyright notice, this lis
      +                          t of
    26                           ;        conditions and the following disclaimer.
    27                           ; 
    28                           ;     2. Redistributions in binary form must reproduce the above copyright notice, this 
      +                          list
    29                           ;        of conditions and the following disclaimer in the documentation and/or other
    30                           ;        materials provided with the distribution. Publication is not required when
    31                           ;        this file is used in an embedded application.
    32                           ; 
    33                           ;     3. Microchip's name may not be used to endorse or promote products derived from th
      +                          is
    34                           ;        software without specific prior written permission.
    35                           ; 
    36                           ; THIS SOFTWARE IS PROVIDED BY MICROCHIP "AS IS" AND ANY EXPRESS OR IMPLIED WARRANTIES,
    37                           ; INCLUDING, BUT NOT LIMITED TO, THE IMPLIED WARRANTIES OF MERCHANTABILITY AND FITNESS F
      +                          OR
    38                           ; PURPOSE ARE DISCLAIMED.  IN NO EVENT SHALL MICROCHIP BE LIABLE FOR ANY DIRECT, INDIREC
      +                          T,
    39                           ; INCIDENTAL, SPECIAL, EXEMPLARY, OR CONSEQUENTIAL DAMAGES (INCLUDING BUT NOT LIMITED TO
    40                           ; PROCUREMENT OF SUBSTITUTE GOODS OR SERVICES; LOSS OF USE, DATA OR PROFITS; OR BUSINESS
    41                           ; INTERRUPTION) HOWSOEVER CAUSED AND ON ANY THEORY OF LIABILITY, WHETHER IN CONTRACT, ST
      +                          RICT
    42                           ; LIABILITY, OR TORT (INCLUDING NEGLIGENCE OR OTHERWISE) ARISING IN ANY WAY OUT OF THE U
      +                          SE OF
    43                           ; THIS SOFTWARE, EVEN IF ADVISED OF THE POSSIBILITY OF SUCH DAMAGE.
    44                           ; 
    45                           ; 
    46                           ; Code-generator required, PIC18F4550 Definitions
    47                           ; 
    48                           ; SFR Addresses
    49   000FE0                     bsr             equ	4064
    50   000FE9                     fsr0            equ	4073
    51   000FEA                     fsr0h           equ	4074
    52   000FE9                     fsr0l           equ	4073
    53   000FE1                     fsr1            equ	4065
    54   000FE2                     fsr1h           equ	4066
    55   000FE1                     fsr1l           equ	4065
    56   000FD9                     fsr2            equ	4057
    57   000FDA                     fsr2h           equ	4058
    58   000FD9                     fsr2l           equ	4057
    59   000FEF                     indf0           equ	4079
    60   000FE7                     indf1           equ	4071
    61   000FDF                     indf2           equ	4063
    62   000FF2                     intcon          equ	4082
    63   000000                     nvmcon          equ	0
    64   000FF9                     pcl             equ	4089
    65   000FFA                     pclath          equ	4090
    66   000FFB                     pclatu          equ	4091
    67   000FEB                     plusw0          equ	4075
    68   000FE3                     plusw1          equ	4067
    69   000FDB                     plusw2          equ	4059
    70   000FED                     postdec0        equ	4077
    71   000FE5                     postdec1        equ	4069
    72   000FDD                     postdec2        equ	4061
    73   000FEE                     postinc0        equ	4078
    74   000FE6                     postinc1        equ	4070
    75   000FDE                     postinc2        equ	4062
    76   000FEC                     preinc0         equ	4076
    77   000FE4                     preinc1         equ	4068
    78   000FDC                     preinc2         equ	4060
    79   000FF3                     prod            equ	4083
    80   000FF4                     prodh           equ	4084
    81   000FF3                     prodl           equ	4083
    82   000FD8                     status          equ	4056
    83   000FF5                     tablat          equ	4085
    84   000FF6                     tblptr          equ	4086
    85   000FF7                     tblptrh         equ	4087
    86   000FF6                     tblptrl         equ	4086
    87   000FF8                     tblptru         equ	4088
    88   000FFD                     tosl            equ	4093
    89   000FE8                     wreg            equ	4072
    90   000F62                     SPPDATA         equ	3938	;# 
    91   000F63                     SPPCFG          equ	3939	;# 
    92   000F64                     SPPEPS          equ	3940	;# 
    93   000F65                     SPPCON          equ	3941	;# 
    94   000F66                     UFRM            equ	3942	;# 
    95   000F66                     UFRML           equ	3942	;# 
    96   000F67                     UFRMH           equ	3943	;# 
    97   000F68                     UIR             equ	3944	;# 
    98   000F69                     UIE             equ	3945	;# 
    99   000F6A                     UEIR            equ	3946	;# 
   100   000F6B                     UEIE            equ	3947	;# 
   101   000F6C                     USTAT           equ	3948	;# 
   102   000F6D                     UCON            equ	3949	;# 
   103   000F6E                     UADDR           equ	3950	;# 
   104   000F6F                     UCFG            equ	3951	;# 
   105   000F70                     UEP0            equ	3952	;# 
   106   000F71                     UEP1            equ	3953	;# 
   107   000F72                     UEP2            equ	3954	;# 
   108   000F73                     UEP3            equ	3955	;# 
   109   000F74                     UEP4            equ	3956	;# 
   110   000F75                     UEP5            equ	3957	;# 
   111   000F76                     UEP6            equ	3958	;# 
   112   000F77                     UEP7            equ	3959	;# 
   113   000F78                     UEP8            equ	3960	;# 
   114   000F79                     UEP9            equ	3961	;# 
   115   000F7A                     UEP10           equ	3962	;# 
   116   000F7B                     UEP11           equ	3963	;# 
   117   000F7C                     UEP12           equ	3964	;# 
   118   000F7D                     UEP13           equ	3965	;# 
   119   000F7E                     UEP14           equ	3966	;# 
   120   000F7F                     UEP15           equ	3967	;# 
   121   000F80                     PORTA           equ	3968	;# 
   122   000F81                     PORTB           equ	3969	;# 
   123   000F82                     PORTC           equ	3970	;# 
   124   000F83                     PORTD           equ	3971	;# 
   125   000F84                     PORTE           equ	3972	;# 
   126   000F89                     LATA            equ	3977	;# 
   127   000F8A                     LATB            equ	3978	;# 
   128   000F8B                     LATC            equ	3979	;# 
   129   000F8C                     LATD            equ	3980	;# 
   130   000F8D                     LATE            equ	3981	;# 
   131   000F92                     TRISA           equ	3986	;# 
   132   000F92                     DDRA            equ	3986	;# 
   133   000F93                     TRISB           equ	3987	;# 
   134   000F93                     DDRB            equ	3987	;# 
   135   000F94                     TRISC           equ	3988	;# 
   136   000F94                     DDRC            equ	3988	;# 
   137   000F95                     TRISD           equ	3989	;# 
   138   000F95                     DDRD            equ	3989	;# 
   139   000F96                     TRISE           equ	3990	;# 
   140   000F96                     DDRE            equ	3990	;# 
   141   000F9B                     OSCTUNE         equ	3995	;# 
   142   000F9D                     PIE1            equ	3997	;# 
   143   000F9E                     PIR1            equ	3998	;# 
   144   000F9F                     IPR1            equ	3999	;# 
   145   000FA0                     PIE2            equ	4000	;# 
   146   000FA1                     PIR2            equ	4001	;# 
   147   000FA2                     IPR2            equ	4002	;# 
   148   000FA6                     EECON1          equ	4006	;# 
   149   000FA7                     EECON2          equ	4007	;# 
   150   000FA8                     EEDATA          equ	4008	;# 
   151   000FA9                     EEADR           equ	4009	;# 
   152   000FAB                     RCSTA           equ	4011	;# 
   153   000FAB                     RCSTA1          equ	4011	;# 
   154   000FAC                     TXSTA           equ	4012	;# 
   155   000FAC                     TXSTA1          equ	4012	;# 
   156   000FAD                     TXREG           equ	4013	;# 
   157   000FAD                     TXREG1          equ	4013	;# 
   158   000FAE                     RCREG           equ	4014	;# 
   159   000FAE                     RCREG1          equ	4014	;# 
   160   000FAF                     SPBRG           equ	4015	;# 
   161   000FAF                     SPBRG1          equ	4015	;# 
   162   000FB0                     SPBRGH          equ	4016	;# 
   163   000FB1                     T3CON           equ	4017	;# 
   164   000FB2                     TMR3            equ	4018	;# 
   165   000FB2                     TMR3L           equ	4018	;# 
   166   000FB3                     TMR3H           equ	4019	;# 
   167   000FB4                     CMCON           equ	4020	;# 
   168   000FB5                     CVRCON          equ	4021	;# 
   169   000FB6                     ECCP1AS         equ	4022	;# 
   170   000FB6                     CCP1AS          equ	4022	;# 
   171   000FB7                     ECCP1DEL        equ	4023	;# 
   172   000FB7                     CCP1DEL         equ	4023	;# 
   173   000FB8                     BAUDCON         equ	4024	;# 
   174   000FB8                     BAUDCTL         equ	4024	;# 
   175   000FBA                     CCP2CON         equ	4026	;# 
   176   000FBB                     CCPR2           equ	4027	;# 
   177   000FBB                     CCPR2L          equ	4027	;# 
   178   000FBC                     CCPR2H          equ	4028	;# 
   179   000FBD                     CCP1CON         equ	4029	;# 
   180   000FBD                     ECCP1CON        equ	4029	;# 
   181   000FBE                     CCPR1           equ	4030	;# 
   182   000FBE                     CCPR1L          equ	4030	;# 
   183   000FBF                     CCPR1H          equ	4031	;# 
   184   000FC0                     ADCON2          equ	4032	;# 
   185   000FC1                     ADCON1          equ	4033	;# 
   186   000FC2                     ADCON0          equ	4034	;# 
   187   000FC3                     ADRES           equ	4035	;# 
   188   000FC3                     ADRESL          equ	4035	;# 
   189   000FC4                     ADRESH          equ	4036	;# 
   190   000FC5                     SSPCON2         equ	4037	;# 
   191   000FC6                     SSPCON1         equ	4038	;# 
   192   000FC7                     SSPSTAT         equ	4039	;# 
   193   000FC8                     SSPADD          equ	4040	;# 
   194   000FC9                     SSPBUF          equ	4041	;# 
   195   000FCA                     T2CON           equ	4042	;# 
   196   000FCB                     PR2             equ	4043	;# 
   197   000FCB                     MEMCON          equ	4043	;# 
   198   000FCC                     TMR2            equ	4044	;# 
   199   000FCD                     T1CON           equ	4045	;# 
   200   000FCE                     TMR1            equ	4046	;# 
   201   000FCE                     TMR1L           equ	4046	;# 
   202   000FCF                     TMR1H           equ	4047	;# 
   203   000FD0                     RCON            equ	4048	;# 
   204   000FD1                     WDTCON          equ	4049	;# 
   205   000FD2                     HLVDCON         equ	4050	;# 
   206   000FD2                     LVDCON          equ	4050	;# 
   207   000FD3                     OSCCON          equ	4051	;# 
   208   000FD5                     T0CON           equ	4053	;# 
   209   000FD6                     TMR0            equ	4054	;# 
   210   000FD6                     TMR0L           equ	4054	;# 
   211   000FD7                     TMR0H           equ	4055	;# 
   212   000FD8                     STATUS          equ	4056	;# 
   213   000FD9                     FSR2            equ	4057	;# 
   214   000FD9                     FSR2L           equ	4057	;# 
   215   000FDA                     FSR2H           equ	4058	;# 
   216   000FDB                     PLUSW2          equ	4059	;# 
   217   000FDC                     PREINC2         equ	4060	;# 
   218   000FDD                     POSTDEC2        equ	4061	;# 
   219   000FDE                     POSTINC2        equ	4062	;# 
   220   000FDF                     INDF2           equ	4063	;# 
   221   000FE0                     BSR             equ	4064	;# 
   222   000FE1                     FSR1            equ	4065	;# 
   223   000FE1                     FSR1L           equ	4065	;# 
   224   000FE2                     FSR1H           equ	4066	;# 
   225   000FE3                     PLUSW1          equ	4067	;# 
   226   000FE4                     PREINC1         equ	4068	;# 
   227   000FE5                     POSTDEC1        equ	4069	;# 
   228   000FE6                     POSTINC1        equ	4070	;# 
   229   000FE7                     INDF1           equ	4071	;# 
   230   000FE8                     WREG            equ	4072	;# 
   231   000FE9                     FSR0            equ	4073	;# 
   232   000FE9                     FSR0L           equ	4073	;# 
   233   000FEA                     FSR0H           equ	4074	;# 
   234   000FEB                     PLUSW0          equ	4075	;# 
   235   000FEC                     PREINC0         equ	4076	;# 
   236   000FED                     POSTDEC0        equ	4077	;# 
   237   000FEE                     POSTINC0        equ	4078	;# 
   238   000FEF                     INDF0           equ	4079	;# 
   239   000FF0                     INTCON3         equ	4080	;# 
   240   000FF1                     INTCON2         equ	4081	;# 
   241   000FF2                     INTCON          equ	4082	;# 
   242   000FF3                     PROD            equ	4083	;# 
   243   000FF3                     PRODL           equ	4083	;# 
   244   000FF4                     PRODH           equ	4084	;# 
   245   000FF5                     TABLAT          equ	4085	;# 
   246   000FF6                     TBLPTR          equ	4086	;# 
   247   000FF6                     TBLPTRL         equ	4086	;# 
   248   000FF7                     TBLPTRH         equ	4087	;# 
   249   000FF8                     TBLPTRU         equ	4088	;# 
   250   000FF9                     PCLAT           equ	4089	;# 
   251   000FF9                     PC              equ	4089	;# 
   252   000FF9                     PCL             equ	4089	;# 
   253   000FFA                     PCLATH          equ	4090	;# 
   254   000FFB                     PCLATU          equ	4091	;# 
   255   000FFC                     STKPTR          equ	4092	;# 
   256   000FFD                     TOS             equ	4093	;# 
   257   000FFD                     TOSL            equ	4093	;# 
   258   000FFE                     TOSH            equ	4094	;# 
   259   000FFF                     TOSU            equ	4095	;# 
   260                           
   261                           	psect	smallconst
   262   000800                     __psmallconst:
   263                           	callstack 0
   264   000800  00                 	db	0
   265   000801                     _display_values:
   266                           	callstack 0
   267   000801  3F                 	db	63
   268   000802  06                 	db	6
   269   000803  5B                 	db	91
   270   000804  4F                 	db	79
   271   000805  66                 	db	102
   272   000806  6D                 	db	109
   273   000807  7D                 	db	125
   274   000808  07                 	db	7
   275   000809  7F                 	db	127
   276   00080A  6F                 	db	111
   277   00080B  77                 	db	119
   278   00080C  7C                 	db	124
   279   00080D  39                 	db	57
   280   00080E  5E                 	db	94
   281   00080F  79                 	db	121
   282   000810  71                 	db	113
   283   000811                     __end_of_display_values:
   284                           	callstack 0
   285   000F81                     _PORTBbits      set	3969
   286   000F8C                     _LATD           set	3980
   287   000F89                     _LATAbits       set	3977
   288   000F8D                     _LATEbits       set	3981
   289   000F93                     _TRISBbits      set	3987
   290   000F96                     _TRISEbits      set	3990
   291   000F92                     _TRISAbits      set	3986
   292   000F95                     _TRISD          set	3989
   293   000FF1                     _INTCON2bits    set	4081
   294   000FB4                     _CMCON          set	4020
   295   000FC1                     _ADCON1         set	4033
   296   000811  00                 	db	0	; dummy byte at the end
   297   000800                     __smallconst    set	__psmallconst
   298   000800                     __mediumconst   set	__psmallconst
   299   000001                     __activetblptr  equ	1
   300                           
   301                           ; #config settings
   302                           
   303                           	psect	cinit
   304   000906                     __pcinit:
   305                           	callstack 0
   306   000906                     start_initialization:
   307                           	callstack 0
   308   000906                     __initialization:
   309                           	callstack 0
   310   000906                     end_of_initialization:
   311                           	callstack 0
   312   000906                     __end_of__initialization:
   313                           	callstack 0
   314   000906  0E00               	movlw	low (__Lsmallconst shr (0+16))
   315   000908  6EF8               	movwf	tblptru,c
   316   00090A  0E08               	movlw	high __Lsmallconst
   317   00090C  6EF7               	movwf	tblptrh,c
   318   00090E  0100               	movlb	0
   319   000910  EF09  F004         	goto	_main	;jump to C main() function
   320                           
   321                           	psect	cstackCOMRAM
   322   000001                     __pcstackCOMRAM:
   323                           	callstack 0
   324   000001                     ??_delay_100ms:
   325                           
   326                           ; 1 bytes @ 0x0
   327   000001                     	ds	2
   328   000003                     ??_main:
   329                           
   330                           ; 1 bytes @ 0x2
   331   000003                     	ds	1
   332   000004                     main@i:
   333                           	callstack 0
   334                           
   335                           ; 2 bytes @ 0x3
   336   000004                     	ds	2
   337                           
   338 ;;
   339 ;;Main: autosize = 0, tempsize = 1, incstack = 0, save=0
   340 ;;
   341 ;; *************** function _main *****************
   342 ;; Defined at:
   343 ;;		line 85 in file "../../src/main.c"
   344 ;; Parameters:    Size  Location     Type
   345 ;;		None
   346 ;; Auto vars:     Size  Location     Type
   347 ;;  i               2    3[COMRAM] int 
   348 ;; Return value:  Size  Location     Type
   349 ;;                  1    wreg      void 
   350 ;; Registers used:
   351 ;;		wreg, status,2, status,0, tblptrl, tblptrh, tblptru, cstack
   352 ;; Tracked objects:
   353 ;;		On entry : 0/0
   354 ;;		On exit  : 0/0
   355 ;;		Unchanged: 0/0
   356 ;; Data sizes:     COMRAM   BANK0   BANK1   BANK2   BANK3   BANK4   BANK5   BANK6   BANK7
   357 ;;      Params:         0       0       0       0       0       0       0       0       0
   358 ;;      Locals:         2       0       0       0       0       0       0       0       0
   359 ;;      Temps:          1       0       0       0       0       0       0       0       0
   360 ;;      Totals:         3       0       0       0       0       0       0       0       0
   361 ;;Total ram usage:        3 bytes
   362 ;; Hardware stack levels required when called: 1
   363 ;; This function calls:
   364 ;;		_delay_100ms
   365 ;; This function is called by:
   366 ;;		Startup code after reset
   367 ;; This function uses a non-reentrant model
   368 ;;
   369                           
   370                           	psect	text0
   371   000812                     __ptext0:
   372                           	callstack 0
   373   000812                     _main:
   374                           	callstack 30
   375   000812                     
   376                           ;../../src/main.c: 86:     ADCON1 = 0x0F;
   377   000812  0E0F               	movlw	15
   378   000814  6EC1               	movwf	193,c	;volatile
   379                           
   380                           ;../../src/main.c: 87:     CMCON = 0x07;
   381   000816  0E07               	movlw	7
   382   000818  6EB4               	movwf	180,c	;volatile
   383   00081A                     
   384                           ;../../src/main.c: 90:     INTCON2bits.RBPU = 0;
   385   00081A  9EF1               	bcf	241,7,c	;volatile
   386   00081C                     
   387                           ;../../src/main.c: 93:     TRISD = 0x00;
   388   00081C  6A95               	clrf	149,c	;volatile
   389   00081E                     
   390                           ;../../src/main.c: 95:     TRISAbits.TRISA2 = 0;
   391   00081E  9492               	bcf	146,2,c	;volatile
   392   000820                     
   393                           ;../../src/main.c: 97:     TRISAbits.TRISA5 = 0;
   394   000820  9A92               	bcf	146,5,c	;volatile
   395   000822                     
   396                           ;../../src/main.c: 99:     TRISEbits.TRISE0 = 0;
   397   000822  9096               	bcf	150,0,c	;volatile
   398   000824                     
   399                           ;../../src/main.c: 101:     TRISEbits.TRISE0 = 0;
   400   000824  9096               	bcf	150,0,c	;volatile
   401   000826                     
   402                           ;../../src/main.c: 104:     TRISBbits.TRISB0;
   403   000826  5093               	movf	147,w,c	;volatile
   404   000828                     
   405                           ;../../src/main.c: 106:     TRISBbits.TRISB1;
   406   000828  5093               	movf	147,w,c	;volatile
   407   00082A                     
   408                           ;../../src/main.c: 109:     LATEbits.LATE2 = 1;
   409   00082A  848D               	bsf	141,2,c	;volatile
   410   00082C                     
   411                           ;../../src/main.c: 110:     LATEbits.LATE0 = 1;
   412   00082C  808D               	bsf	141,0,c	;volatile
   413   00082E                     
   414                           ;../../src/main.c: 111:     LATAbits.LATA2 = 1;
   415   00082E  8489               	bsf	137,2,c	;volatile
   416   000830                     
   417                           ;../../src/main.c: 112:     LATAbits.LATA5 = 1;
   418   000830  8A89               	bsf	137,5,c	;volatile
   419   000832                     
   420                           ;../../src/main.c: 115:     LATD = display_values[0];
   421   000832  0E01               	movlw	low _display_values
   422   000834  6EF6               	movwf	tblptrl,c
   423   000836                     	if	0	;There is only one active tblptr byte
   424   000836                     	endif
   425   000836                     	if	0	;There are less than 3 active tblptr bytes
   426   000836                     	endif
   427   000836  0008               	tblrd		*
   428   000838  CFF5 FF8C          	movff	tablat,3980	;volatile
   429   00083C                     
   430                           ;../../src/main.c: 116:     int i = 0;
   431   00083C  0E00               	movlw	0
   432   00083E  6E05               	movwf	(main@i+1)^0,c
   433   000840  0E00               	movlw	0
   434   000842  6E04               	movwf	main@i^0,c
   435   000844                     l755:
   436                           
   437                           ;../../src/main.c: 119:         if(!PORTBbits.RB0 && i < 15){
   438   000844  B081               	btfsc	129,0,c	;volatile
   439   000846  EF27  F004         	goto	u11
   440   00084A  EF29  F004         	goto	u10
   441   00084E                     u11:
   442   00084E  EF4A  F004         	goto	l763
   443   000852                     u10:
   444   000852  BE05               	btfsc	(main@i+1)^0,7,c
   445   000854  EF37  F004         	goto	u20
   446   000858  5005               	movf	(main@i+1)^0,w,c
   447   00085A  E107               	bnz	u21
   448   00085C  0E0F               	movlw	15
   449   00085E  5C04               	subwf	main@i^0,w,c
   450   000860  B0D8               	btfsc	status,0,c
   451   000862  EF35  F004         	goto	u21
   452   000866  EF37  F004         	goto	u20
   453   00086A                     u21:
   454   00086A  EF4A  F004         	goto	l763
   455   00086E                     u20:
   456   00086E                     
   457                           ;../../src/main.c: 120:             LATD = display_values[++i];
   458   00086E  4A04               	infsnz	main@i^0,f,c
   459   000870  2A05               	incf	(main@i+1)^0,f,c
   460   000872  5004               	movf	main@i^0,w,c
   461   000874  0F01               	addlw	low _display_values
   462   000876  6E03               	movwf	??_main^0,c
   463   000878  C003  FFF6         	movff	??_main,tblptrl
   464   00087C                     	if	0	;There is only one active tblptr byte
   465   00087C                     	endif
   466   00087C                     	if	0	;tblptru may be non-zero
   467   00087C                     	endif
   468   00087C                     	if	0	;tblptru may be non-zero
   469   00087C                     	endif
   470   00087C  0008               	tblrd		*
   471   00087E  CFF5 FF8C          	movff	tablat,3980	;volatile
   472   000882                     l35:
   473   000882  A081               	btfss	129,0,c	;volatile
   474   000884  EF46  F004         	goto	u31
   475   000888  EF48  F004         	goto	u30
   476   00088C                     u31:
   477   00088C  EF41  F004         	goto	l35
   478   000890                     u30:
   479   000890                     
   480                           ;../../src/main.c: 122:             delay_100ms();
   481   000890  EC76  F004         	call	_delay_100ms	;wreg free
   482   000894                     l763:
   483                           
   484                           ;../../src/main.c: 125:         if(!PORTBbits.RB1 && i > 0){
   485   000894  B281               	btfsc	129,1,c	;volatile
   486   000896  EF4F  F004         	goto	u41
   487   00089A  EF51  F004         	goto	u40
   488   00089E                     u41:
   489   00089E  EF22  F004         	goto	l755
   490   0008A2                     u40:
   491   0008A2  BE05               	btfsc	(main@i+1)^0,7,c
   492   0008A4  EF5C  F004         	goto	u51
   493   0008A8  5005               	movf	(main@i+1)^0,w,c
   494   0008AA  E108               	bnz	u50
   495   0008AC  0404               	decf	main@i^0,w,c
   496   0008AE  A0D8               	btfss	status,0,c
   497   0008B0  EF5C  F004         	goto	u51
   498   0008B4  EF5E  F004         	goto	u50
   499   0008B8                     u51:
   500   0008B8  EF22  F004         	goto	l755
   501   0008BC                     u50:
   502   0008BC                     
   503                           ;../../src/main.c: 126:             LATD = display_values[--i];
   504   0008BC  0604               	decf	main@i^0,f,c
   505   0008BE  A0D8               	btfss	status,0,c
   506   0008C0  0605               	decf	(main@i+1)^0,f,c
   507   0008C2  5004               	movf	main@i^0,w,c
   508   0008C4  0F01               	addlw	low _display_values
   509   0008C6  6E03               	movwf	??_main^0,c
   510   0008C8  C003  FFF6         	movff	??_main,tblptrl
   511   0008CC                     	if	0	;There is only one active tblptr byte
   512   0008CC                     	endif
   513   0008CC                     	if	0	;tblptru may be non-zero
   514   0008CC                     	endif
   515   0008CC                     	if	0	;tblptru may be non-zero
   516   0008CC                     	endif
   517   0008CC  0008               	tblrd		*
   518   0008CE  CFF5 FF8C          	movff	tablat,3980	;volatile
   519   0008D2                     l39:
   520   0008D2  A281               	btfss	129,1,c	;volatile
   521   0008D4  EF6E  F004         	goto	u61
   522   0008D8  EF70  F004         	goto	u60
   523   0008DC                     u61:
   524   0008DC  EF69  F004         	goto	l39
   525   0008E0                     u60:
   526   0008E0                     
   527                           ;../../src/main.c: 128:             delay_100ms();
   528   0008E0  EC76  F004         	call	_delay_100ms	;wreg free
   529   0008E4  EF22  F004         	goto	l755
   530   0008E8  EFFE  F03F         	goto	start
   531   0008EC                     __end_of_main:
   532                           	callstack 0
   533                           
   534 ;; *************** function _delay_100ms *****************
   535 ;; Defined at:
   536 ;;		line 133 in file "../../src/main.c"
   537 ;; Parameters:    Size  Location     Type
   538 ;;		None
   539 ;; Auto vars:     Size  Location     Type
   540 ;;		None
   541 ;; Return value:  Size  Location     Type
   542 ;;                  1    wreg      void 
   543 ;; Registers used:
   544 ;;		wreg
   545 ;; Tracked objects:
   546 ;;		On entry : 0/0
   547 ;;		On exit  : 0/0
   548 ;;		Unchanged: 0/0
   549 ;; Data sizes:     COMRAM   BANK0   BANK1   BANK2   BANK3   BANK4   BANK5   BANK6   BANK7
   550 ;;      Params:         0       0       0       0       0       0       0       0       0
   551 ;;      Locals:         0       0       0       0       0       0       0       0       0
   552 ;;      Temps:          2       0       0       0       0       0       0       0       0
   553 ;;      Totals:         2       0       0       0       0       0       0       0       0
   554 ;;Total ram usage:        2 bytes
   555 ;; Hardware stack levels used: 1
   556 ;; This function calls:
   557 ;;		Nothing
   558 ;; This function is called by:
   559 ;;		_main
   560 ;; This function uses a non-reentrant model
   561 ;;
   562                           
   563                           	psect	text1
   564   0008EC                     __ptext1:
   565                           	callstack 0
   566   0008EC                     _delay_100ms:
   567                           	callstack 30
   568   0008EC                     
   569                           ;../../src/main.c: 134:     _delay((unsigned long)((100)*(48000000UL/4000.0)));
   570   0008EC  0E07               	movlw	7
   571   0008EE  6E02               	movwf	(??_delay_100ms+1)^0,c
   572   0008F0  0E17               	movlw	23
   573   0008F2  6E01               	movwf	??_delay_100ms^0,c
   574   0008F4  0E6A               	movlw	106
   575   0008F6                     u77:
   576   0008F6  2EE8               	decfsz	wreg,f,c
   577   0008F8  D7FE               	bra	u77
   578   0008FA  2E01               	decfsz	??_delay_100ms^0,f,c
   579   0008FC  D7FC               	bra	u77
   580   0008FE  2E02               	decfsz	(??_delay_100ms+1)^0,f,c
   581   000900  D7FA               	bra	u77
   582   000902  D000               	nop2	
   583   000904  0012               	return		;funcret
   584   000906                     __end_of_delay_100ms:
   585                           	callstack 0
   586                           
   587                           	psect	rparam
   588   000001                     ___rparam_used  equ	1
   589   000000                     ___param_bank   equ	0
   590   000000                     __Lparam        equ	__Lrparam
   591   000000                     __Hparam        equ	__Hrparam
   592                           
   593                           	psect	idloc
   594                           
   595                           ;Config register IDLOC0 @ 0x200000
   596                           ;	unspecified, using default values
   597   200000                     	org	2097152
   598   200000  FF                 	db	255
   599                           
   600                           ;Config register IDLOC1 @ 0x200001
   601                           ;	unspecified, using default values
   602   200001                     	org	2097153
   603   200001  FF                 	db	255
   604                           
   605                           ;Config register IDLOC2 @ 0x200002
   606                           ;	unspecified, using default values
   607   200002                     	org	2097154
   608   200002  FF                 	db	255
   609                           
   610                           ;Config register IDLOC3 @ 0x200003
   611                           ;	unspecified, using default values
   612   200003                     	org	2097155
   613   200003  FF                 	db	255
   614                           
   615                           ;Config register IDLOC4 @ 0x200004
   616                           ;	unspecified, using default values
   617   200004                     	org	2097156
   618   200004  FF                 	db	255
   619                           
   620                           ;Config register IDLOC5 @ 0x200005
   621                           ;	unspecified, using default values
   622   200005                     	org	2097157
   623   200005  FF                 	db	255
   624                           
   625                           ;Config register IDLOC6 @ 0x200006
   626                           ;	unspecified, using default values
   627   200006                     	org	2097158
   628   200006  FF                 	db	255
   629                           
   630                           ;Config register IDLOC7 @ 0x200007
   631                           ;	unspecified, using default values
   632   200007                     	org	2097159
   633   200007  FF                 	db	255
   634                           
   635                           	psect	config
   636                           
   637                           ;Config register CONFIG1L @ 0x300000
   638                           ;	PLL Prescaler Selection bits
   639                           ;	PLLDIV = 5, Divide by 5 (20 MHz oscillator input)
   640                           ;	System Clock Postscaler Selection bits
   641                           ;	CPUDIV = OSC1_PLL2, [Primary Oscillator Src: /1][96 MHz PLL Src: /2]
   642                           ;	USB Clock Selection bit (used in Full-Speed USB mode only; UCFG:FSEN = 1)
   643                           ;	USBDIV = 2, USB clock source comes from the 96 MHz PLL divided by 2
   644   300000                     	org	3145728
   645   300000  24                 	db	36
   646                           
   647                           ;Config register CONFIG1H @ 0x300001
   648                           ;	Oscillator Selection bits
   649                           ;	FOSC = HSPLL_HS, HS oscillator, PLL enabled (HSPLL)
   650                           ;	Fail-Safe Clock Monitor Enable bit
   651                           ;	FCMEN = 0x0, unprogrammed default
   652                           ;	Internal/External Oscillator Switchover bit
   653                           ;	IESO = 0x0, unprogrammed default
   654   300001                     	org	3145729
   655   300001  0E                 	db	14
   656                           
   657                           ;Config register CONFIG2L @ 0x300002
   658                           ;	Power-up Timer Enable bit
   659                           ;	PWRT = ON, PWRT enabled
   660                           ;	Brown-out Reset Enable bits
   661                           ;	BOR = ON, Brown-out Reset enabled in hardware only (SBOREN is disabled)
   662                           ;	Brown-out Reset Voltage bits
   663                           ;	BORV = 3, Minimum setting 2.05V
   664                           ;	USB Voltage Regulator Enable bit
   665                           ;	VREGEN = ON, USB voltage regulator enabled
   666   300002                     	org	3145730
   667   300002  3E                 	db	62
   668                           
   669                           ;Config register CONFIG2H @ 0x300003
   670                           ;	Watchdog Timer Enable bit
   671                           ;	WDT = OFF, WDT disabled (control is placed on the SWDTEN bit)
   672                           ;	Watchdog Timer Postscale Select bits
   673                           ;	WDTPS = 0xF, unprogrammed default
   674   300003                     	org	3145731
   675   300003  1E                 	db	30
   676                           
   677                           ; Padding undefined space
   678   300004                     	org	3145732
   679   300004  FF                 	db	255
   680                           
   681                           ;Config register CONFIG3H @ 0x300005
   682                           ;	CCP2 MUX bit
   683                           ;	CCP2MX = 0x1, unprogrammed default
   684                           ;	PORTB A/D Enable bit
   685                           ;	PBADEN = OFF, PORTB<4:0> pins are configured as digital I/O on Reset
   686                           ;	Low-Power Timer 1 Oscillator Enable bit
   687                           ;	LPT1OSC = OFF, Timer1 configured for higher power operation
   688                           ;	MCLR Pin Enable bit
   689                           ;	MCLRE = ON, MCLR pin enabled; RE3 input pin disabled
   690   300005                     	org	3145733
   691   300005  81                 	db	129
   692                           
   693                           ;Config register CONFIG4L @ 0x300006
   694                           ;	Stack Full/Underflow Reset Enable bit
   695                           ;	STVREN = ON, Stack full/underflow will cause Reset
   696                           ;	Single-Supply ICSP Enable bit
   697                           ;	LVP = OFF, Single-Supply ICSP disabled
   698                           ;	Dedicated In-Circuit Debug/Programming Port (ICPORT) Enable bit
   699                           ;	ICPRT = OFF, ICPORT disabled
   700                           ;	Extended Instruction Set Enable bit
   701                           ;	XINST = OFF, Instruction set extension and Indexed Addressing mode disabled (Legacy mo
      +                          de)
   702                           ;	Background Debugger Enable bit
   703                           ;	DEBUG = OFF, Background debugger disabled, RB6 and RB7 configured as general purpose I
      +                          /O pins
   704   300006                     	org	3145734
   705   300006  81                 	db	129
   706                           
   707                           ; Padding undefined space
   708   300007                     	org	3145735
   709   300007  FF                 	db	255
   710                           
   711                           ;Config register CONFIG5L @ 0x300008
   712                           ;	unspecified, using default values
   713                           ;	Code Protection bit
   714                           ;	CP0 = 0x1, unprogrammed default
   715                           ;	Code Protection bit
   716                           ;	CP1 = 0x1, unprogrammed default
   717                           ;	Code Protection bit
   718                           ;	CP2 = 0x1, unprogrammed default
   719                           ;	Code Protection bit
   720                           ;	CP3 = 0x1, unprogrammed default
   721   300008                     	org	3145736
   722   300008  0F                 	db	15
   723                           
   724                           ;Config register CONFIG5H @ 0x300009
   725                           ;	unspecified, using default values
   726                           ;	Boot Block Code Protection bit
   727                           ;	CPB = 0x1, unprogrammed default
   728                           ;	Data EEPROM Code Protection bit
   729                           ;	CPD = 0x1, unprogrammed default
   730   300009                     	org	3145737
   731   300009  C0                 	db	192
   732                           
   733                           ;Config register CONFIG6L @ 0x30000A
   734                           ;	unspecified, using default values
   735                           ;	Write Protection bit
   736                           ;	WRT0 = 0x1, unprogrammed default
   737                           ;	Write Protection bit
   738                           ;	WRT1 = 0x1, unprogrammed default
   739                           ;	Write Protection bit
   740                           ;	WRT2 = 0x1, unprogrammed default
   741                           ;	Write Protection bit
   742                           ;	WRT3 = 0x1, unprogrammed default
   743   30000A                     	org	3145738
   744   30000A  0F                 	db	15
   745                           
   746                           ;Config register CONFIG6H @ 0x30000B
   747                           ;	unspecified, using default values
   748                           ;	Configuration Register Write Protection bit
   749                           ;	WRTC = 0x1, unprogrammed default
   750                           ;	Boot Block Write Protection bit
   751                           ;	WRTB = 0x1, unprogrammed default
   752                           ;	Data EEPROM Write Protection bit
   753                           ;	WRTD = 0x1, unprogrammed default
   754   30000B                     	org	3145739
   755   30000B  E0                 	db	224
   756                           
   757                           ;Config register CONFIG7L @ 0x30000C
   758                           ;	unspecified, using default values
   759                           ;	Table Read Protection bit
   760                           ;	EBTR0 = 0x1, unprogrammed default
   761                           ;	Table Read Protection bit
   762                           ;	EBTR1 = 0x1, unprogrammed default
   763                           ;	Table Read Protection bit
   764                           ;	EBTR2 = 0x1, unprogrammed default
   765                           ;	Table Read Protection bit
   766                           ;	EBTR3 = 0x1, unprogrammed default
   767   30000C                     	org	3145740
   768   30000C  0F                 	db	15
   769                           
   770                           ;Config register CONFIG7H @ 0x30000D
   771                           ;	unspecified, using default values
   772                           ;	Boot Block Table Read Protection bit
   773                           ;	EBTRB = 0x1, unprogrammed default
   774   30000D                     	org	3145741
   775   30000D  40                 	db	64
   776                           tosu	equ	0xFFF
   777                           tosh	equ	0xFFE
   778                           tosl	equ	0xFFD
   779                           stkptr	equ	0xFFC
   780                           pclatu	equ	0xFFB
   781                           pclath	equ	0xFFA
   782                           pcl	equ	0xFF9
   783                           tblptru	equ	0xFF8
   784                           tblptrh	equ	0xFF7
   785                           tblptrl	equ	0xFF6
   786                           tablat	equ	0xFF5
   787                           prodh	equ	0xFF4
   788                           prodl	equ	0xFF3
   789                           indf0	equ	0xFEF
   790                           postinc0	equ	0xFEE
   791                           postdec0	equ	0xFED
   792                           preinc0	equ	0xFEC
   793                           plusw0	equ	0xFEB
   794                           fsr0h	equ	0xFEA
   795                           fsr0l	equ	0xFE9
   796                           wreg	equ	0xFE8
   797                           indf1	equ	0xFE7
   798                           postinc1	equ	0xFE6
   799                           postdec1	equ	0xFE5
   800                           preinc1	equ	0xFE4
   801                           plusw1	equ	0xFE3
   802                           fsr1h	equ	0xFE2
   803                           fsr1l	equ	0xFE1
   804                           bsr	equ	0xFE0
   805                           indf2	equ	0xFDF
   806                           postinc2	equ	0xFDE
   807                           postdec2	equ	0xFDD
   808                           preinc2	equ	0xFDC
   809                           plusw2	equ	0xFDB
   810                           fsr2h	equ	0xFDA
   811                           fsr2l	equ	0xFD9
   812                           status	equ	0xFD8

Data Sizes:
    Strings     0
    Constant    16
    Data        0
    BSS         0
    Persistent  0
    Stack       0

Auto Spaces:
    Space          Size  Autos    Used
    COMRAM           95      5       5
    BANK0           160      0       0
    BANK1           256      0       0
    BANK2           256      0       0
    BANK3           256      0       0
    BANK4           256      0       0
    BANK5           256      0       0
    BANK6           256      0       0
    BANK7           256      0       0

Pointer List with Targets:

    None.

Critical Paths under _main in COMRAM

    _main->_delay_100ms

Critical Paths under _main in BANK0

    None.

Critical Paths under _main in BANK1

    None.

Critical Paths under _main in BANK2

    None.

Critical Paths under _main in BANK3

    None.

Critical Paths under _main in BANK4

    None.

Critical Paths under _main in BANK5

    None.

Critical Paths under _main in BANK6

    None.

Critical Paths under _main in BANK7

    None.

Call Graph Tables:

 ---------------------------------------------------------------------------------
 (Depth) Function   	        Calls       Base Space   Used Autos Params    Refs
 ---------------------------------------------------------------------------------
 (0) _main                                                 3     3      0      60
                                              2 COMRAM     3     3      0
                        _delay_100ms
 ---------------------------------------------------------------------------------
 (1) _delay_100ms                                          2     2      0       0
                                              0 COMRAM     2     2      0
 ---------------------------------------------------------------------------------
 Estimated maximum stack depth 1
 ---------------------------------------------------------------------------------

 Call Graph Graphs:

 _main (ROOT)
   _delay_100ms

Address spaces:
Name               Size   Autos  Total    Usage
BITCOMRAM           95      0       0      0.0%
BITBANK0           160      0       0      0.0%
BITBANK1           256      0       0      0.0%
BITBANK2           256      0       0      0.0%
BITBANK3           256      0       0      0.0%
BITBANK4           256      0       0      0.0%
BITBANK5           256      0       0      0.0%
BITBANK6           256      0       0      0.0%
BITBANK7           256      0       0      0.0%
BITBIGSFRh         126      0       0      0.0%
BITBIGSFRl          33      0       0      0.0%
COMRAM              95      5       5      5.3%
BANK0              160      0       0      0.0%
BANK1              256      0       0      0.0%
BANK2              256      0       0      0.0%
BANK3              256      0       0      0.0%
BANK4              256      0       0      0.0%
BANK5              256      0       0      0.0%
BANK6              256      0       0      0.0%
BANK7              256      0       0      0.0%
BIGRAM            2047      0       0      0.0%
STACK                0      0       0      0.0%
DATA                 0      0       5      0.0%


Microchip Technology PIC18 Macro Assembler V3.00 build 20241204225717 
Symbol Table                                                                                   Thu Oct 30 15:34:44 2025

                     l35 0882                       l47 0904                       l39 08D2  
                     u10 0852                       u11 084E                       u20 086E  
                     u21 086A                       u30 0890                       u31 088C  
                     u40 08A2                       u41 089E                       u50 08BC  
                     u51 08B8                       u60 08E0                       u61 08DC  
                     u77 08F6                      l723 08EC                      l731 081E  
                    l741 0828                      l733 0820                      l725 0812  
                    l751 0832                      l743 082A                      l735 0822  
                    l727 081A                      l761 0890                      l753 083C  
                    l745 082C                      l737 0824                      l729 081C  
                    l763 0894                      l755 0844                      l747 082E  
                    l739 0826                      l765 08A2                      l757 0852  
                    l749 0830                      l767 08BC                      l759 086E  
                    l769 08E0   __end_of_display_values 0811                      wreg 0FE8  
                   _LATD 0F8C                     _main 0812                     start 7FFC  
           ___param_bank 0000                    ?_main 0001                    _CMCON 0FB4  
                  _TRISD 0F95                    main@i 0004                    tablat 0FF5  
                  status 0FD8          __initialization 0906             __end_of_main 08EC  
                 ??_main 0003            __activetblptr 0001                   _ADCON1 0FC1  
                 isa$std 0001             __mediumconst 0800                   tblptrh 0FF7  
                 tblptrl 0FF6                   tblptru 0FF8               __accesstop 0060  
__end_of__initialization 0906            ___rparam_used 0001           __pcstackCOMRAM 0001  
                __Hparam 0000                  __Lparam 0000             __psmallconst 0800  
                __pcinit 0906                  __ramtop 0800                  __ptext0 0812  
                __ptext1 08EC            ??_delay_100ms 0001     end_of_initialization 0906  
              _PORTBbits 0F81                _TRISAbits 0F92                _TRISBbits 0F93  
              _TRISEbits 0F96      __end_of_delay_100ms 0906      start_initialization 0906  
            _delay_100ms 08EC              __smallconst 0800                 _LATAbits 0F89  
               _LATEbits 0F8D              _INTCON2bits 0FF1                 __Hrparam 0000  
               __Lrparam 0000             __Lsmallconst 0800                 isa$xinst 0000  
           ?_delay_100ms 0001           _display_values 0801  
